   1              	# 1 "../init.S"
   1              	
   0              	
   0              	
   0              	
   2              	    .extern main
   3              	    .extern _stack
   4              		.global start
   5              	
   6              	start:
   7 0000 08D09FE5 	    ldr sp,=_stack
   8 0004 00B0A0E3 	    mov fp,#0
   9              	
  10 0008 FEFFFFEB 	    bl main
  11              	
  12              	End:
  13 000c FEFFFFEA 	    B End
  14              	
  15 0010 00000000 		.end
DEFINED SYMBOLS
           ../init.S:6      .text:00000000 start
           ../init.S:7      .text:00000000 $a
           ../init.S:12     .text:0000000c End
           ../init.S:15     .text:00000010 $d
                   .debug_aranges:0000000c $d

UNDEFINED SYMBOLS
_stack
main
