   1              	# 1 "../misc.S"
   1              	.global rgb2gray
   0              	
   0              	
   0              	
   2              	.global contarUnos
   3              	.global verdadero
   4              	
   5              	
   6              	.text
   7              	
   8              	contarUnos:
   9 0000 E0012DE9 			push {r5 - r8}
  10              	
  11 0004 0050A0E3 			mov r5, #0
  12 0008 020055E1 	fori:	cmp r5, r2
  13 000c 0D0000AA 			bge fini
  14              	
  15 0010 0080A0E3 			mov r8, #0
  16 0014 0060A0E3 			mov r6, #0
  17 0018 030056E1 	forj:	cmp r6, r3
  18 001c 050000AA 			bge finj
  19 0020 950307E0 				mul r7, r5, r3
  20 0024 067087E0 				add r7, r7, r6
  21 0028 0770D0E7 				ldrb r7, [r0, r7]
  22 002c 078088E0 				add r8, r8, r7
  23              	
  24 0030 016086E2 				add r6, r6, #1
  25 0034 F7FFFFEA 				b forj
  26 0038 8570A0E1 	finj:	lsl r7, r5, #1
  27 003c B78081E1 			strh r8, [r1, r7]
  28 0040 015085E2 			add r5, r5, #1
  29 0044 EFFFFFEA 			b fori
  30              	
  31 0048 E001BDE8 	fini:	pop {r5 - r8}
  32 004c 1EFF2FE1 			bx lr	
  33              	
  34              	rgb2gray:
  35 0050 F04F2DE9 			PUSH {R4-R10, FP, LR}
  36 0054 20B08DE2 			ADD FP, SP, #32
  37 0058 0040A0E3 			MOV R4, #0
  38 005c 0050D0E5 			LDRB R5, [R0]
  39 0060 94609FE5 			LDR R6, =0X084E
  40 0064 950607E0 			MUL R7, R5, R6
  41 0068 074084E0 			ADD R4, R4, R7
  42 006c 0150D0E5 			LDRB R5, [R0, #1]
  43 0070 88609FE5 			LDR R6, =0X01BF0
  44 0074 950607E0 			MUL R7, R5, R6
  45 0078 074084E0 			ADD R4, R4, R7
  46 007c 0250D0E5 			LDRB R5, [R0, #2]
  47 0080 7C609FE5 			LDR R6, =0X02D2
  48 0084 950607E0 			MUL R7, R5, R6
  49 0088 074084E0 			ADD R4, R4, R7
  50 008c 0400A0E1 			MOV R0, R4
  51 0090 020000EB 			BL div10000
  52 0094 20D04BE2 			SUB SP, FP, #32
  53 0098 F04FBDE8 			POP {R4-R10, FP, LR}
  54 009c 1EFF2FE1 			bx lr
  55              	
  56              	div10000:
  57 00a0 04B02DE5 			push {fp}
  58 00a4 5C109FE5 			LDR     R1, =0xD1B71758
  59 00a8 903182E0 			UMULL   R3, R2, R0, R1
  60 00ac A206A0E1 			MOV     R0, R2,LSR#13
  61 00b0 04B09DE4 	 		pop {fp}
  62 00b4 1EFF2FE1 	 		bx lr
  63              	
  64              	verdadero:
  65 00b8 70082DE9 			push {R4-R6, FP}
  66 00bc 0CB08DE2 			ADD FP, SP, #12
  67 00c0 0040D0E5 			LDRB R4, [R0]
  68 00c4 015050E5 			LDRB R5, [R0, #-1]
  69 00c8 046050E5 			LDRB R6, [R0, #-4]
  70 00cc 010054E3 			cmp R4, #1
  71 00d0 0400001A 			BNE fin
  72 00d4 050054E1 			CMP R4, R5
  73 00d8 0500001A 			BNE pintar
  74 00dc 060054E1 			CMP R4, R6
  75 00e0 0300001A 			BNE pintar
  76 00e4 0000A0E3 			MOV R0, #0
  77              	
  78              	fin:
  79 00e8 0CD04BE2 			SUB SP, FP, #12
  80 00ec 7008BDE8 			pop {R4-R6, FP}
  81 00f0 1EFF2FE1 			bx lr
  82              	pintar:
  83 00f4 0100A0E3 			MOV R0, #1
  84 00f8 FAFFFFEA 			b fin
  84      4E080000 
  84      F01B0000 
  84      D2020000 
  84      5817B7D1 
DEFINED SYMBOLS
           ../misc.S:34     .text:00000050 rgb2gray
           ../misc.S:8      .text:00000000 contarUnos
           ../misc.S:64     .text:000000b8 verdadero
           ../misc.S:9      .text:00000000 $a
           ../misc.S:12     .text:00000008 fori
           ../misc.S:31     .text:00000048 fini
           ../misc.S:17     .text:00000018 forj
           ../misc.S:26     .text:00000038 finj
           ../misc.S:56     .text:000000a0 div10000
           ../misc.S:78     .text:000000e8 fin
           ../misc.S:82     .text:000000f4 pintar
           ../misc.S:84     .text:000000fc $d
                   .debug_aranges:0000000c $d

NO UNDEFINED SYMBOLS
