   1              		.cpu arm7tdmi
   2              		.fpu softvfp
   3              		.eabi_attribute 20, 1
   4              		.eabi_attribute 21, 1
   5              		.eabi_attribute 23, 3
   6              		.eabi_attribute 24, 1
   7              		.eabi_attribute 25, 1
   8              		.eabi_attribute 26, 1
   9              		.eabi_attribute 30, 6
  10              		.eabi_attribute 18, 4
  11              		.file	"boton.c"
  21              	.Ltext0:
  22              		.file 1 "../boton.c"
 1916              		.align	2
 1919              	update:
 1920 0000 00000000 		.space	4
 1921              		.text
 1922              		.align	2
 1923              		.global	EliminaRebotes
 1925              	EliminaRebotes:
 1926              	.LFB0:
   1:../boton.c    **** /*********************************************************************************************
   2:../boton.c    **** * Fichero:	button.c
   3:../boton.c    **** * Autor:		
   4:../boton.c    **** * Descrip:	Funciones de manejo de los pulsadores (EINT6-7)
   5:../boton.c    **** * Version:	
   6:../boton.c    **** *********************************************************************************************/
   7:../boton.c    **** 
   8:../boton.c    **** /*--- ficheros de cabecera ---*/
   9:../boton.c    **** #include "44b.h"
  10:../boton.c    **** #include "def.h"
  11:../boton.c    **** #include "led.h"
  12:../boton.c    **** /*--- variables globales ---*/
  13:../boton.c    **** unsigned int update = 0;
  14:../boton.c    **** 
  15:../boton.c    **** // Rutina para hacer una espera activa
  16:../boton.c    **** void EliminaRebotes(void) {
 1927              		.loc 1 16 0
 1928              		.cfi_startproc
 1929              		@ Function supports interworking.
 1930              		@ args = 0, pretend = 0, frame = 16
 1931              		@ frame_needed = 1, uses_anonymous_args = 0
 1932 0000 0DC0A0E1 		mov	ip, sp
 1933              	.LCFI0:
 1934              		.cfi_def_cfa_register 12
 1935 0004 00D82DE9 		stmfd	sp!, {fp, ip, lr, pc}
 1936 0008 04B04CE2 		sub	fp, ip, #4
 1937              		.cfi_offset 14, -8
 1938              		.cfi_offset 13, -12
 1939              		.cfi_offset 11, -16
 1940              	.LCFI1:
 1941              		.cfi_def_cfa 11, 4
 1942 000c 10D04DE2 		sub	sp, sp, #16
  17:../boton.c    **** 	int i,j,k;
  18:../boton.c    **** 	i=200000;
 1943              		.loc 1 18 0
 1944 0010 44309FE5 		ldr	r3, .L4
 1945 0014 18300BE5 		str	r3, [fp, #-24]
  19:../boton.c    **** 	j=0;
 1946              		.loc 1 19 0
 1947 0018 0030A0E3 		mov	r3, #0
 1948 001c 10300BE5 		str	r3, [fp, #-16]
  20:../boton.c    **** 	while (j!=i){
 1949              		.loc 1 20 0
 1950 0020 060000EA 		b	.L2
 1951              	.L3:
  21:../boton.c    **** 		k=k*j;
 1952              		.loc 1 21 0
 1953 0024 14301BE5 		ldr	r3, [fp, #-20]
 1954 0028 10201BE5 		ldr	r2, [fp, #-16]
 1955 002c 920303E0 		mul	r3, r2, r3
 1956 0030 14300BE5 		str	r3, [fp, #-20]
  22:../boton.c    **** 		j+=1;
 1957              		.loc 1 22 0
 1958 0034 10301BE5 		ldr	r3, [fp, #-16]
 1959 0038 013083E2 		add	r3, r3, #1
 1960 003c 10300BE5 		str	r3, [fp, #-16]
 1961              	.L2:
  20:../boton.c    **** 	while (j!=i){
 1962              		.loc 1 20 0 discriminator 1
 1963 0040 10201BE5 		ldr	r2, [fp, #-16]
 1964 0044 18301BE5 		ldr	r3, [fp, #-24]
 1965 0048 030052E1 		cmp	r2, r3
 1966 004c F4FFFF1A 		bne	.L3
  23:../boton.c    **** 	}
  24:../boton.c    **** }
 1967              		.loc 1 24 0
 1968 0050 0CD04BE2 		sub	sp, fp, #12
 1969 0054 00689DE8 		ldmfd	sp, {fp, sp, lr}
 1970 0058 1EFF2FE1 		bx	lr
 1971              	.L5:
 1972              		.align	2
 1973              	.L4:
 1974 005c 400D0300 		.word	200000
 1975              		.cfi_endproc
 1976              	.LFE0:
 1978              		.align	2
 1979              		.global	DoDetecta
 1981              	DoDetecta:
 1982              	.LFB1:
  25:../boton.c    **** void DoDetecta(void) {
 1983              		.loc 1 25 0
 1984              		.cfi_startproc
 1985              		@ Function supports interworking.
 1986              		@ args = 0, pretend = 0, frame = 8
 1987              		@ frame_needed = 1, uses_anonymous_args = 0
 1988 0060 0DC0A0E1 		mov	ip, sp
 1989              	.LCFI2:
 1990              		.cfi_def_cfa_register 12
 1991 0064 00D82DE9 		stmfd	sp!, {fp, ip, lr, pc}
 1992 0068 04B04CE2 		sub	fp, ip, #4
 1993              		.cfi_offset 14, -8
 1994              		.cfi_offset 13, -12
 1995              		.cfi_offset 11, -16
 1996              	.LCFI3:
 1997              		.cfi_def_cfa 11, 4
 1998 006c 08D04DE2 		sub	sp, sp, #8
  26:../boton.c    **** 	   int which_int;
  27:../boton.c    **** 		/*TAREA 3*/
  28:../boton.c    **** 		/* Identificar la interrupcion y almacenarlo en which_int*/
  29:../boton.c    **** 
  30:../boton.c    **** 		/*fin TAREA 3*/
  31:../boton.c    **** 	   which_int = rEXTINTPND;
 1999              		.loc 1 31 0
 2000 0070 58309FE5 		ldr	r3, .L11
 2001 0074 003093E5 		ldr	r3, [r3, #0]
 2002 0078 10300BE5 		str	r3, [fp, #-16]
  32:../boton.c    **** 		/* Encender/apagar el LED adecuado */
  33:../boton.c    **** 	      switch (which_int) {
 2003              		.loc 1 33 0
 2004 007c 10301BE5 		ldr	r3, [fp, #-16]
 2005 0080 040053E3 		cmp	r3, #4
 2006 0084 0200000A 		beq	.L8
 2007 0088 080053E3 		cmp	r3, #8
 2008 008c 0200000A 		beq	.L9
  34:../boton.c    **** 	      EliminaRebotes();
  35:../boton.c    **** 	     	case 4:
  36:../boton.c    **** 	     		switchLed1();
  37:../boton.c    **** 	        	break;
  38:../boton.c    **** 	     	case 8:
  39:../boton.c    **** 	     		switchLed2();
  40:../boton.c    **** 	     	 	break;
  41:../boton.c    **** 	     	default:
  42:../boton.c    **** 	        	break;
 2009              		.loc 1 42 0
 2010 0090 030000EA 		b	.L10
 2011              	.L8:
  36:../boton.c    **** 	     		switchLed1();
 2012              		.loc 1 36 0
 2013 0094 FEFFFFEB 		bl	switchLed1
  37:../boton.c    **** 	        	break;
 2014              		.loc 1 37 0
 2015 0098 010000EA 		b	.L10
 2016              	.L9:
  39:../boton.c    **** 	     		switchLed2();
 2017              		.loc 1 39 0
 2018 009c FEFFFFEB 		bl	switchLed2
  40:../boton.c    **** 	     	 	break;
 2019              		.loc 1 40 0
 2020 00a0 0000A0E1 		mov	r0, r0	@ nop
 2021              	.L10:
  43:../boton.c    **** 	      }
  44:../boton.c    **** 
  45:../boton.c    **** 	   /* Finalizar ISR */
  46:../boton.c    **** 	   rEXTINTPND = 0xf;				// borra los bits en EXTINTPND
 2022              		.loc 1 46 0
 2023 00a4 24309FE5 		ldr	r3, .L11
 2024 00a8 0F20A0E3 		mov	r2, #15
 2025 00ac 002083E5 		str	r2, [r3, #0]
  47:../boton.c    **** 	   rI_ISPC   |= BIT_EINT4567;		// borra el bit pendiente en INTPND
 2026              		.loc 1 47 0
 2027 00b0 1C309FE5 		ldr	r3, .L11+4
 2028 00b4 18209FE5 		ldr	r2, .L11+4
 2029 00b8 002092E5 		ldr	r2, [r2, #0]
 2030 00bc 022682E3 		orr	r2, r2, #2097152
 2031 00c0 002083E5 		str	r2, [r3, #0]
  48:../boton.c    **** }
 2032              		.loc 1 48 0
 2033 00c4 0CD04BE2 		sub	sp, fp, #12
 2034 00c8 00689DE8 		ldmfd	sp, {fp, sp, lr}
 2035 00cc 1EFF2FE1 		bx	lr
 2036              	.L12:
 2037              		.align	2
 2038              	.L11:
 2039 00d0 5400D201 		.word	30539860
 2040 00d4 2400E001 		.word	31457316
 2041              		.cfi_endproc
 2042              	.LFE1:
 2044              	.Letext0:
DEFINED SYMBOLS
                            *ABS*:00000000 boton.c
C:\Users\JAVIER\AppData\Local\Temp\cczuntse.s:1919   .bss:00000000 update
C:\Users\JAVIER\AppData\Local\Temp\cczuntse.s:1916   .bss:00000000 $d
C:\Users\JAVIER\AppData\Local\Temp\cczuntse.s:1922   .text:00000000 $a
C:\Users\JAVIER\AppData\Local\Temp\cczuntse.s:1925   .text:00000000 EliminaRebotes
C:\Users\JAVIER\AppData\Local\Temp\cczuntse.s:1974   .text:0000005c $d
C:\Users\JAVIER\AppData\Local\Temp\cczuntse.s:1978   .text:00000060 $a
C:\Users\JAVIER\AppData\Local\Temp\cczuntse.s:1981   .text:00000060 DoDetecta
C:\Users\JAVIER\AppData\Local\Temp\cczuntse.s:2039   .text:000000d0 $d
                     .debug_frame:00000010 $d

UNDEFINED SYMBOLS
switchLed1
switchLed2
