   1              		.cpu arm7tdmi
   2              		.fpu softvfp
   3              		.eabi_attribute 20, 1
   4              		.eabi_attribute 21, 1
   5              		.eabi_attribute 23, 3
   6              		.eabi_attribute 24, 1
   7              		.eabi_attribute 25, 1
   8              		.eabi_attribute 26, 1
   9              		.eabi_attribute 30, 6
  10              		.eabi_attribute 18, 4
  11              		.file	"8seg.c"
  21              	.Ltext0:
  22              		.file 1 "../8seg.c"
 1988              		.align	2
 1991              	Symbol:
 1992 0000 12000000 		.word	18
 1993 0004 9F000000 		.word	159
 1994 0008 31000000 		.word	49
 1995 000c 15000000 		.word	21
 1996 0010 9C000000 		.word	156
 1997 0014 54000000 		.word	84
 1998 0018 50000000 		.word	80
 1999 001c 1F000000 		.word	31
 2000 0020 10000000 		.word	16
 2001 0024 1C000000 		.word	28
 2002 0028 18000000 		.word	24
 2003 002c D0000000 		.word	208
 2004 0030 72000000 		.word	114
 2005 0034 91000000 		.word	145
 2006 0038 70000000 		.word	112
 2007 003c 78000000 		.word	120
 2008              		.text
 2009              		.align	2
 2010              		.global	D8Led_init
 2012              	D8Led_init:
 2013              	.LFB0:
   1:../8seg.c     **** /*********************************************************************************************
   2:../8seg.c     **** * Fichero:	8led.c
   3:../8seg.c     **** * Autor:		
   4:../8seg.c     **** * Descrip:	Funciones de control del display 8-segmentos
   5:../8seg.c     **** * Version:	
   6:../8seg.c     **** *********************************************************************************************/
   7:../8seg.c     **** 
   8:../8seg.c     **** /*--- ficheros de cabecera ---*/
   9:../8seg.c     **** #include "44b.h"
  10:../8seg.c     **** #include "def.h"
  11:../8seg.c     **** 
  12:../8seg.c     **** 
  13:../8seg.c     **** /*--- definicion de macros ---*/
  14:../8seg.c     **** #define	LED8ADDR	(*(volatile unsigned char *)(0x2140000))
  15:../8seg.c     **** 
  16:../8seg.c     **** /* Mapa de bits de cada segmento    */
  17:../8seg.c     **** #define SEGMENT_A		0x80		
  18:../8seg.c     **** #define SEGMENT_B		0x40
  19:../8seg.c     **** #define SEGMENT_C		0x20
  20:../8seg.c     **** #define SEGMENT_D		0x08
  21:../8seg.c     **** #define SEGMENT_E		0x04
  22:../8seg.c     **** #define SEGMENT_F		0x02
  23:../8seg.c     **** #define SEGMENT_G		0x01
  24:../8seg.c     **** #define SEGMENT_P		0x10
  25:../8seg.c     **** 
  26:../8seg.c     **** /*--- Mapa de bits de los digitos decimales ---*/
  27:../8seg.c     **** #define DIGIT_0 SEGMENT_F | SEGMENT_P
  28:../8seg.c     **** #define DIGIT_1 SEGMENT_A | SEGMENT_D | SEGMENT_E | SEGMENT_F | SEGMENT_G | SEGMENT_P
  29:../8seg.c     **** #define DIGIT_2 SEGMENT_C | SEGMENT_G | SEGMENT_P
  30:../8seg.c     **** #define DIGIT_3 SEGMENT_E | SEGMENT_G | SEGMENT_P
  31:../8seg.c     **** #define DIGIT_4 SEGMENT_A | SEGMENT_D | SEGMENT_E | SEGMENT_P
  32:../8seg.c     **** #define DIGIT_5 SEGMENT_B | SEGMENT_E | SEGMENT_P
  33:../8seg.c     **** #define DIGIT_6 SEGMENT_B | SEGMENT_P
  34:../8seg.c     **** #define DIGIT_7 SEGMENT_D | SEGMENT_E | SEGMENT_F | SEGMENT_G | SEGMENT_P
  35:../8seg.c     **** #define DIGIT_8 SEGMENT_P
  36:../8seg.c     **** #define DIGIT_9 SEGMENT_D | SEGMENT_E | SEGMENT_P
  37:../8seg.c     **** #define DIGIT_A SEGMENT_D | SEGMENT_P
  38:../8seg.c     **** #define DIGIT_B SEGMENT_A | SEGMENT_B | SEGMENT_P
  39:../8seg.c     **** #define DIGIT_C SEGMENT_B | SEGMENT_C | SEGMENT_F | SEGMENT_P
  40:../8seg.c     **** #define DIGIT_D SEGMENT_A | SEGMENT_G | SEGMENT_P
  41:../8seg.c     **** #define DIGIT_E SEGMENT_B | SEGMENT_C | SEGMENT_P
  42:../8seg.c     **** #define DIGIT_F SEGMENT_B | SEGMENT_C | SEGMENT_D | SEGMENT_P
  43:../8seg.c     **** 
  44:../8seg.c     **** 
  45:../8seg.c     **** /*--- variables globales ---*/
  46:../8seg.c     **** 
  47:../8seg.c     **** /* tabla de simbolos */
  48:../8seg.c     **** int Symbol[] = {DIGIT_0, DIGIT_1, DIGIT_2, DIGIT_3, DIGIT_4, DIGIT_5, DIGIT_6, DIGIT_7, DIGIT_8, DI
  49:../8seg.c     **** 
  50:../8seg.c     **** 			  					  
  51:../8seg.c     **** /*--- declaración de funciones ---*/
  52:../8seg.c     **** void D8Led_init(void);
  53:../8seg.c     **** void D8Led_symbol(int value); 
  54:../8seg.c     **** 
  55:../8seg.c     **** /*--- código de las funciones ---*/
  56:../8seg.c     **** void D8Led_init(void)
  57:../8seg.c     **** {
 2014              		.loc 1 57 0
 2015              		.cfi_startproc
 2016              		@ Function supports interworking.
 2017              		@ args = 0, pretend = 0, frame = 0
 2018              		@ frame_needed = 1, uses_anonymous_args = 0
 2019 0000 0DC0A0E1 		mov	ip, sp
 2020              	.LCFI0:
 2021              		.cfi_def_cfa_register 12
 2022 0004 00D82DE9 		stmfd	sp!, {fp, ip, lr, pc}
 2023 0008 04B04CE2 		sub	fp, ip, #4
 2024              		.cfi_offset 14, -8
 2025              		.cfi_offset 13, -12
 2026              		.cfi_offset 11, -16
 2027              	.LCFI1:
 2028              		.cfi_def_cfa 11, 4
  58:../8seg.c     ****     /* Estado inicial del display con todos los segmentos iluminados 
  59:../8seg.c     ****        (buscar en los ficheros de cabera la direccion implicada) */
  60:../8seg.c     ****     LED8ADDR = 0x0;
 2029              		.loc 1 60 0
 2030 000c 8537A0E3 		mov	r3, #34865152
 2031 0010 0020A0E3 		mov	r2, #0
 2032 0014 0020C3E5 		strb	r2, [r3, #0]
  61:../8seg.c     **** }
 2033              		.loc 1 61 0
 2034 0018 0CD04BE2 		sub	sp, fp, #12
 2035 001c 00689DE8 		ldmfd	sp, {fp, sp, lr}
 2036 0020 1EFF2FE1 		bx	lr
 2037              		.cfi_endproc
 2038              	.LFE0:
 2040              		.align	2
 2041              		.global	D8Led_symbol
 2043              	D8Led_symbol:
 2044              	.LFB1:
  62:../8seg.c     **** 
  63:../8seg.c     **** void D8Led_symbol(int value)
  64:../8seg.c     **** {
 2045              		.loc 1 64 0
 2046              		.cfi_startproc
 2047              		@ Function supports interworking.
 2048              		@ args = 0, pretend = 0, frame = 8
 2049              		@ frame_needed = 1, uses_anonymous_args = 0
 2050 0024 0DC0A0E1 		mov	ip, sp
 2051              	.LCFI2:
 2052              		.cfi_def_cfa_register 12
 2053 0028 00D82DE9 		stmfd	sp!, {fp, ip, lr, pc}
 2054 002c 04B04CE2 		sub	fp, ip, #4
 2055              		.cfi_offset 14, -8
 2056              		.cfi_offset 13, -12
 2057              		.cfi_offset 11, -16
 2058              	.LCFI3:
 2059              		.cfi_def_cfa 11, 4
 2060 0030 08D04DE2 		sub	sp, sp, #8
 2061 0034 10000BE5 		str	r0, [fp, #-16]
  65:../8seg.c     **** 	/* muestra el Symbol[value] en el display (analogo al caso anterior) */
  66:../8seg.c     **** 	if( (value >= 0) && (value < 16) )
 2062              		.loc 1 66 0
 2063 0038 10301BE5 		ldr	r3, [fp, #-16]
 2064 003c 000053E3 		cmp	r3, #0
 2065 0040 080000BA 		blt	.L2
 2066              		.loc 1 66 0 is_stmt 0 discriminator 1
 2067 0044 10301BE5 		ldr	r3, [fp, #-16]
 2068 0048 0F0053E3 		cmp	r3, #15
 2069 004c 050000CA 		bgt	.L2
  67:../8seg.c     **** 		LED8ADDR = Symbol[value];
 2070              		.loc 1 67 0 is_stmt 1
 2071 0050 8537A0E3 		mov	r3, #34865152
 2072 0054 18209FE5 		ldr	r2, .L4
 2073 0058 10101BE5 		ldr	r1, [fp, #-16]
 2074 005c 012192E7 		ldr	r2, [r2, r1, asl #2]
 2075 0060 FF2002E2 		and	r2, r2, #255
 2076 0064 0020C3E5 		strb	r2, [r3, #0]
 2077              	.L2:
  68:../8seg.c     **** }
 2078              		.loc 1 68 0
 2079 0068 0CD04BE2 		sub	sp, fp, #12
 2080 006c 00689DE8 		ldmfd	sp, {fp, sp, lr}
 2081 0070 1EFF2FE1 		bx	lr
 2082              	.L5:
 2083              		.align	2
 2084              	.L4:
 2085 0074 00000000 		.word	Symbol
 2086              		.cfi_endproc
 2087              	.LFE1:
 2089              	.Letext0:
DEFINED SYMBOLS
                            *ABS*:00000000 8seg.c
C:\Users\USUARI~1\AppData\Local\Temp\cc7fvXn4.s:1991   .data:00000000 Symbol
C:\Users\USUARI~1\AppData\Local\Temp\cc7fvXn4.s:1988   .data:00000000 $d
C:\Users\USUARI~1\AppData\Local\Temp\cc7fvXn4.s:2009   .text:00000000 $a
C:\Users\USUARI~1\AppData\Local\Temp\cc7fvXn4.s:2012   .text:00000000 D8Led_init
C:\Users\USUARI~1\AppData\Local\Temp\cc7fvXn4.s:2043   .text:00000024 D8Led_symbol
C:\Users\USUARI~1\AppData\Local\Temp\cc7fvXn4.s:2085   .text:00000074 $d
                     .debug_frame:00000010 $d

NO UNDEFINED SYMBOLS
