   1              		.cpu arm7tdmi
   2              		.fpu softvfp
   3              		.eabi_attribute 20, 1
   4              		.eabi_attribute 21, 1
   5              		.eabi_attribute 23, 3
   6              		.eabi_attribute 24, 1
   7              		.eabi_attribute 25, 1
   8              		.eabi_attribute 26, 1
   9              		.eabi_attribute 30, 6
  10              		.eabi_attribute 18, 4
  11              		.file	"main.c"
  21              	.Ltext0:
  22              		.file 1 "../main.c"
 1996              		.align	2
 1999              	symbol:
 2000 0000 0C000000 		.word	12
 2001              		.text
 2002              		.align	2
 2003              		.global	main
 2005              	main:
 2006              	.LFB0:
   1:../main.c     ****     /*********************************************************************************************
   2:../main.c     **** * Fichero:	main.c
   3:../main.c     **** * Autor:	
   4:../main.c     **** * Descrip:	punto de entrada de C
   5:../main.c     **** * Version:	<P4-ARM.8seg-button>
   6:../main.c     **** *********************************************************************************************/
   7:../main.c     **** 
   8:../main.c     **** /*--- ficheros de cabecera ---*/
   9:../main.c     **** #include "44blib.h"
  10:../main.c     **** #include "44b.h"
  11:../main.c     **** #include "keyboard.h"
  12:../main.c     **** #include "timer.h"
  13:../main.c     **** #include "game.h"
  14:../main.c     **** 
  15:../main.c     **** /*--- variables globales ---*/
  16:../main.c     **** int symbol = 12;
  17:../main.c     **** 
  18:../main.c     **** /*--- funciones externas ---*/
  19:../main.c     **** extern void D8Led_symbol(int value);
  20:../main.c     **** /*--- codigo de las funciones ---*/
  21:../main.c     **** int main(void)
  22:../main.c     **** {	
 2007              		.loc 1 22 0
 2008              		.cfi_startproc
 2009              		@ Function supports interworking.
 2010              		@ args = 0, pretend = 0, frame = 0
 2011              		@ frame_needed = 1, uses_anonymous_args = 0
 2012 0000 0DC0A0E1 		mov	ip, sp
 2013              	.LCFI0:
 2014              		.cfi_def_cfa_register 12
 2015 0004 00D82DE9 		stmfd	sp!, {fp, ip, lr, pc}
 2016 0008 04B04CE2 		sub	fp, ip, #4
 2017              		.cfi_offset 14, -8
 2018              		.cfi_offset 13, -12
 2019              		.cfi_offset 11, -16
 2020              	.LCFI1:
 2021              		.cfi_def_cfa 11, 4
  23:../main.c     ****     sys_init();			/* Inicializacion de la placa, interrupciones, puertos y UART */
 2022              		.loc 1 23 0
 2023 000c FEFFFFEB 		bl	sys_init
  24:../main.c     **** 
  25:../main.c     ****     init_keyboard();
 2024              		.loc 1 25 0
 2025 0010 FEFFFFEB 		bl	init_keyboard
  26:../main.c     ****     init_timer();
 2026              		.loc 1 26 0
 2027 0014 FEFFFFEB 		bl	init_timer
  27:../main.c     **** 
  28:../main.c     **** 	D8Led_symbol(symbol);	/* muestra el simbolo inicial en el display */
 2028              		.loc 1 28 0
 2029 0018 20309FE5 		ldr	r3, .L2
 2030 001c 003093E5 		ldr	r3, [r3, #0]
 2031 0020 0300A0E1 		mov	r0, r3
 2032 0024 FEFFFFEB 		bl	D8Led_symbol
  29:../main.c     **** 		
  30:../main.c     ****     game();
 2033              		.loc 1 30 0
 2034 0028 FEFFFFEB 		bl	game
  31:../main.c     **** 
  32:../main.c     ****     return 0;
 2035              		.loc 1 32 0
 2036 002c 0030A0E3 		mov	r3, #0
  33:../main.c     **** }
 2037              		.loc 1 33 0
 2038 0030 0300A0E1 		mov	r0, r3
 2039 0034 0CD04BE2 		sub	sp, fp, #12
 2040 0038 00689DE8 		ldmfd	sp, {fp, sp, lr}
 2041 003c 1EFF2FE1 		bx	lr
 2042              	.L3:
 2043              		.align	2
 2044              	.L2:
 2045 0040 00000000 		.word	symbol
 2046              		.cfi_endproc
 2047              	.LFE0:
 2049              	.Letext0:
DEFINED SYMBOLS
                            *ABS*:00000000 main.c
C:\Users\USUARI~1\AppData\Local\Temp\cc1qRehj.s:1999   .data:00000000 symbol
C:\Users\USUARI~1\AppData\Local\Temp\cc1qRehj.s:1996   .data:00000000 $d
C:\Users\USUARI~1\AppData\Local\Temp\cc1qRehj.s:2002   .text:00000000 $a
C:\Users\USUARI~1\AppData\Local\Temp\cc1qRehj.s:2005   .text:00000000 main
C:\Users\USUARI~1\AppData\Local\Temp\cc1qRehj.s:2045   .text:00000040 $d
                     .debug_frame:00000010 $d

UNDEFINED SYMBOLS
sys_init
init_keyboard
init_timer
D8Led_symbol
game
