
Pr3a.elf:     file format elf32-littlearm

Sections:
Idx Name          Size      VMA       LMA       File off  Algn
  0 .text         000015b4  0c000000  0c000000  00008000  2**2
                  CONTENTS, ALLOC, LOAD, READONLY, CODE
  1 .data         0000005c  0c0015b4  0c0015b4  000095b4  2**2
                  CONTENTS, ALLOC, LOAD, DATA
  2 .bss          00000028  0c001610  0c001610  00009610  2**2
                  ALLOC
  3 .ARM.attributes 0000002e  00000000  00000000  00009610  2**0
                  CONTENTS, READONLY
  4 .comment      0000002a  00000000  00000000  0000963e  2**0
                  CONTENTS, READONLY
  5 .debug_info   00000872  00000000  00000000  00009668  2**0
                  CONTENTS, READONLY, DEBUGGING
  6 .debug_line   00000c55  00000000  00000000  00009eda  2**0
                  CONTENTS, READONLY, DEBUGGING
  7 .debug_abbrev 0000055b  00000000  00000000  0000ab2f  2**0
                  CONTENTS, READONLY, DEBUGGING
  8 .debug_frame  0000030c  00000000  00000000  0000b08c  2**2
                  CONTENTS, READONLY, DEBUGGING
  9 .debug_aranges 00000100  00000000  00000000  0000b398  2**3
                  CONTENTS, READONLY, DEBUGGING
 10 .debug_macinfo 00029f35  00000000  00000000  0000b498  2**0
                  CONTENTS, READONLY, DEBUGGING
 11 .debug_loc    00000344  00000000  00000000  000353cd  2**0
                  CONTENTS, READONLY, DEBUGGING
 12 .debug_pubnames 00000205  00000000  00000000  00035711  2**0
                  CONTENTS, READONLY, DEBUGGING
 13 .debug_pubtypes 00000094  00000000  00000000  00035916  2**0
                  CONTENTS, READONLY, DEBUGGING
 14 .debug_str    00000236  00000000  00000000  000359aa  2**0
                  CONTENTS, READONLY, DEBUGGING

Disassembly of section .text:

0c000000 <ENTRY>:
    .extern main			/* The main entry of mon program */
    
    .text

    ENTRY:
    b ResetHandler			/* for debug            */
 c000000:	ea00010a 	b	c000430 <ResetHandler>
    b HandlerUndef      	/* handlerUndef         */
 c000004:	ea000042 	b	c000114 <HandlerUndef>
    b HandlerSWI        	/* SWI interrupt handler*/
 c000008:	ea000047 	b	c00012c <HandlerSWI>
    b HandlerPabort     	/* handlerPAbort        */
 c00000c:	ea000052 	b	c00015c <HandlerPabort>
    b HandlerDabort     	/* handlerDAbort        */
 c000010:	ea00004b 	b	c000144 <HandlerDabort>
    b .                 	/* handlerReserved      */
 c000014:	eafffffe 	b	c000014 <ENTRY+0x14>
    b HandlerIRQ
 c000018:	ea000037 	b	c0000fc <HandlerIRQ>
    b HandlerFIQ
 c00001c:	ea000030 	b	c0000e4 <HandlerFIQ>

0c000020 <VECTOR_BRANCH>:
	#be changed like below, to work-around with H/W bug of S3C44B0X interrupt controller. 
	# b HandlerIRQ  ->  subs pc,lr,#4
	# b HandlerIRQ  ->  subs pc,lr,#4

VECTOR_BRANCH:
    ldr pc,=HandlerEINT0    /*mGA    H/W interrupt vector table  */
 c000020:	e59ff570 	ldr	pc, [pc, #1392]	; c000598 <U0+0x14>
    ldr pc,=HandlerEINT1    /*	                                 */	
 c000024:	e59ff570 	ldr	pc, [pc, #1392]	; c00059c <U0+0x18>
    ldr pc,=HandlerEINT2    /*                                   */  
 c000028:	e59ff570 	ldr	pc, [pc, #1392]	; c0005a0 <U0+0x1c>
    ldr pc,=HandlerEINT3    /*                                   */  
 c00002c:	e59ff570 	ldr	pc, [pc, #1392]	; c0005a4 <U0+0x20>
    ldr pc,=HandlerEINT4567 /*                                   */  
 c000030:	e59ff570 	ldr	pc, [pc, #1392]	; c0005a8 <U0+0x24>
    ldr pc,=HandlerTICK	    /*mGA                                */   
 c000034:	e59ff570 	ldr	pc, [pc, #1392]	; c0005ac <U0+0x28>
    b .                                                          
 c000038:	eafffffe 	b	c000038 <VECTOR_BRANCH+0x18>
    b .                                                         
 c00003c:	eafffffe 	b	c00003c <VECTOR_BRANCH+0x1c>
    ldr pc,=HandlerZDMA0    /*mGB                                */  
 c000040:	e59ff568 	ldr	pc, [pc, #1384]	; c0005b0 <U0+0x2c>
    ldr pc,=HandlerZDMA1    /*                                   */  
 c000044:	e59ff568 	ldr	pc, [pc, #1384]	; c0005b4 <U0+0x30>
    ldr pc,=HandlerBDMA0    /*                                   */  
 c000048:	e59ff568 	ldr	pc, [pc, #1384]	; c0005b8 <U0+0x34>
    ldr pc,=HandlerBDMA1    /*                                   */  
 c00004c:	e59ff568 	ldr	pc, [pc, #1384]	; c0005bc <U0+0x38>
    ldr pc,=HandlerWDT	    /*                                   */   
 c000050:	e59ff568 	ldr	pc, [pc, #1384]	; c0005c0 <U0+0x3c>
    ldr pc,=HandlerUERR01   /*mGB                                */  
 c000054:	e59ff568 	ldr	pc, [pc, #1384]	; c0005c4 <U0+0x40>
    b .                                                          
 c000058:	eafffffe 	b	c000058 <VECTOR_BRANCH+0x38>
    b .                                                          
 c00005c:	eafffffe 	b	c00005c <VECTOR_BRANCH+0x3c>
    ldr pc,=HandlerTIMER0   /*mGC                                */  
 c000060:	e59ff560 	ldr	pc, [pc, #1376]	; c0005c8 <U0+0x44>
    ldr pc,=HandlerTIMER1   /*                                   */  
 c000064:	e59ff560 	ldr	pc, [pc, #1376]	; c0005cc <U0+0x48>
    ldr pc,=HandlerTIMER2   /*                                   */  
 c000068:	e59ff560 	ldr	pc, [pc, #1376]	; c0005d0 <U0+0x4c>
    ldr pc,=HandlerTIMER3   /*                                   */  
 c00006c:	e59ff560 	ldr	pc, [pc, #1376]	; c0005d4 <U0+0x50>
    ldr pc,=HandlerTIMER4   /*                                   */  
 c000070:	e59ff560 	ldr	pc, [pc, #1376]	; c0005d8 <U0+0x54>
    ldr pc,=HandlerTIMER5   /*mGC                                */  
 c000074:	e59ff560 	ldr	pc, [pc, #1376]	; c0005dc <U0+0x58>
    b .                                                          
 c000078:	eafffffe 	b	c000078 <VECTOR_BRANCH+0x58>
    b .                                                          
 c00007c:	eafffffe 	b	c00007c <VECTOR_BRANCH+0x5c>
    ldr pc,=HandlerURXD0    /*mGD                                */  
 c000080:	e59ff558 	ldr	pc, [pc, #1368]	; c0005e0 <U0+0x5c>
    ldr pc,=HandlerURXD1    /*                                   */  
 c000084:	e59ff558 	ldr	pc, [pc, #1368]	; c0005e4 <U0+0x60>
    ldr pc,=HandlerIIC	    /*                                   */   
 c000088:	e59ff558 	ldr	pc, [pc, #1368]	; c0005e8 <U0+0x64>
    ldr pc,=HandlerSIO	    /*                                   */   
 c00008c:	e59ff558 	ldr	pc, [pc, #1368]	; c0005ec <U0+0x68>
    ldr pc,=HandlerUTXD0    /*                                   */  
 c000090:	e59ff558 	ldr	pc, [pc, #1368]	; c0005f0 <U0+0x6c>
    ldr pc,=HandlerUTXD1    /*mGD                                */  
 c000094:	e59ff558 	ldr	pc, [pc, #1368]	; c0005f4 <U0+0x70>
    b .                                                          
 c000098:	eafffffe 	b	c000098 <VECTOR_BRANCH+0x78>
    b .                                                          
 c00009c:	eafffffe 	b	c00009c <VECTOR_BRANCH+0x7c>
    ldr pc,=HandlerRTC	    /*mGKA                               */   
 c0000a0:	e59ff550 	ldr	pc, [pc, #1360]	; c0005f8 <U0+0x74>
    b .					    /*                     		         */
 c0000a4:	eafffffe 	b	c0000a4 <VECTOR_BRANCH+0x84>
    b .					    /*                     		         */
 c0000a8:	eafffffe 	b	c0000a8 <VECTOR_BRANCH+0x88>
    b .					    /*                     		         */
 c0000ac:	eafffffe 	b	c0000ac <VECTOR_BRANCH+0x8c>
    b .					    /*                     		         */
 c0000b0:	eafffffe 	b	c0000b0 <VECTOR_BRANCH+0x90>
    b .					    /*mGKA                 			     */
 c0000b4:	eafffffe 	b	c0000b4 <VECTOR_BRANCH+0x94>
    b .                                                          
 c0000b8:	eafffffe 	b	c0000b8 <VECTOR_BRANCH+0x98>
    b .                                                          
 c0000bc:	eafffffe 	b	c0000bc <VECTOR_BRANCH+0x9c>
    ldr pc,=HandlerADC	    /*mGKB                               */  
 c0000c0:	e59ff534 	ldr	pc, [pc, #1332]	; c0005fc <U0+0x78>
    b .					    /*                     		         */
 c0000c4:	eafffffe 	b	c0000c4 <VECTOR_BRANCH+0xa4>
    b .					    /*                     		         */
 c0000c8:	eafffffe 	b	c0000c8 <VECTOR_BRANCH+0xa8>
    b .					    /*                     		         */
 c0000cc:	eafffffe 	b	c0000cc <VECTOR_BRANCH+0xac>
    b .					    /*                     		         */
 c0000d0:	eafffffe 	b	c0000d0 <VECTOR_BRANCH+0xb0>
    b .					    /*mGKB                 		         */
 c0000d4:	eafffffe 	b	c0000d4 <VECTOR_BRANCH+0xb4>
    b .                                                          
 c0000d8:	eafffffe 	b	c0000d8 <VECTOR_BRANCH+0xb8>
    b .                                                          
 c0000dc:	eafffffe 	b	c0000dc <VECTOR_BRANCH+0xbc>
@0xe0=EnterPWDN                                                 
    ldr pc,=EnterPWDN
 c0000e0:	e59ff518 	ldr	pc, [pc, #1304]	; c000600 <U0+0x7c>

0c0000e4 <HandlerFIQ>:
               to be dumped into the current section\ 
               (which is assumed to be the .text section)\ 
               at the current location (aligned to a word boundary).*/
   .align

HandlerFIQ:		HANDLER HandleFIQ
 c0000e4:	e24dd004 	sub	sp, sp, #4
 c0000e8:	e52d0004 	push	{r0}		; (str r0, [sp, #-4]!)
 c0000ec:	e59f0510 	ldr	r0, [pc, #1296]	; c000604 <U0+0x80>
 c0000f0:	e5900000 	ldr	r0, [r0]
 c0000f4:	e58d0004 	str	r0, [sp, #4]
 c0000f8:	e8bd8001 	pop	{r0, pc}

0c0000fc <HandlerIRQ>:
HandlerIRQ:		HANDLER HandleIRQ
 c0000fc:	e24dd004 	sub	sp, sp, #4
 c000100:	e52d0004 	push	{r0}		; (str r0, [sp, #-4]!)
 c000104:	e59f04fc 	ldr	r0, [pc, #1276]	; c000608 <U0+0x84>
 c000108:	e5900000 	ldr	r0, [r0]
 c00010c:	e58d0004 	str	r0, [sp, #4]
 c000110:	e8bd8001 	pop	{r0, pc}

0c000114 <HandlerUndef>:
HandlerUndef:	HANDLER HandleUndef
 c000114:	e24dd004 	sub	sp, sp, #4
 c000118:	e52d0004 	push	{r0}		; (str r0, [sp, #-4]!)
 c00011c:	e59f04e8 	ldr	r0, [pc, #1256]	; c00060c <U0+0x88>
 c000120:	e5900000 	ldr	r0, [r0]
 c000124:	e58d0004 	str	r0, [sp, #4]
 c000128:	e8bd8001 	pop	{r0, pc}

0c00012c <HandlerSWI>:
HandlerSWI:		HANDLER HandleSWI
 c00012c:	e24dd004 	sub	sp, sp, #4
 c000130:	e52d0004 	push	{r0}		; (str r0, [sp, #-4]!)
 c000134:	e59f04d4 	ldr	r0, [pc, #1236]	; c000610 <U0+0x8c>
 c000138:	e5900000 	ldr	r0, [r0]
 c00013c:	e58d0004 	str	r0, [sp, #4]
 c000140:	e8bd8001 	pop	{r0, pc}

0c000144 <HandlerDabort>:
HandlerDabort:	HANDLER HandleDabort
 c000144:	e24dd004 	sub	sp, sp, #4
 c000148:	e52d0004 	push	{r0}		; (str r0, [sp, #-4]!)
 c00014c:	e59f04c0 	ldr	r0, [pc, #1216]	; c000614 <U0+0x90>
 c000150:	e5900000 	ldr	r0, [r0]
 c000154:	e58d0004 	str	r0, [sp, #4]
 c000158:	e8bd8001 	pop	{r0, pc}

0c00015c <HandlerPabort>:
HandlerPabort:	HANDLER HandlePabort
 c00015c:	e24dd004 	sub	sp, sp, #4
 c000160:	e52d0004 	push	{r0}		; (str r0, [sp, #-4]!)
 c000164:	e59f04ac 	ldr	r0, [pc, #1196]	; c000618 <U0+0x94>
 c000168:	e5900000 	ldr	r0, [r0]
 c00016c:	e58d0004 	str	r0, [sp, #4]
 c000170:	e8bd8001 	pop	{r0, pc}

0c000174 <HandlerADC>:
HandlerADC:		HANDLER HandleADC
 c000174:	e24dd004 	sub	sp, sp, #4
 c000178:	e52d0004 	push	{r0}		; (str r0, [sp, #-4]!)
 c00017c:	e59f0498 	ldr	r0, [pc, #1176]	; c00061c <U0+0x98>
 c000180:	e5900000 	ldr	r0, [r0]
 c000184:	e58d0004 	str	r0, [sp, #4]
 c000188:	e8bd8001 	pop	{r0, pc}

0c00018c <HandlerRTC>:
HandlerRTC:		HANDLER HandleRTC
 c00018c:	e24dd004 	sub	sp, sp, #4
 c000190:	e52d0004 	push	{r0}		; (str r0, [sp, #-4]!)
 c000194:	e59f0484 	ldr	r0, [pc, #1156]	; c000620 <U0+0x9c>
 c000198:	e5900000 	ldr	r0, [r0]
 c00019c:	e58d0004 	str	r0, [sp, #4]
 c0001a0:	e8bd8001 	pop	{r0, pc}

0c0001a4 <HandlerUTXD1>:
HandlerUTXD1:	HANDLER HandleUTXD1
 c0001a4:	e24dd004 	sub	sp, sp, #4
 c0001a8:	e52d0004 	push	{r0}		; (str r0, [sp, #-4]!)
 c0001ac:	e59f0470 	ldr	r0, [pc, #1136]	; c000624 <U0+0xa0>
 c0001b0:	e5900000 	ldr	r0, [r0]
 c0001b4:	e58d0004 	str	r0, [sp, #4]
 c0001b8:	e8bd8001 	pop	{r0, pc}

0c0001bc <HandlerUTXD0>:
HandlerUTXD0:	HANDLER HandleUTXD0
 c0001bc:	e24dd004 	sub	sp, sp, #4
 c0001c0:	e52d0004 	push	{r0}		; (str r0, [sp, #-4]!)
 c0001c4:	e59f045c 	ldr	r0, [pc, #1116]	; c000628 <U0+0xa4>
 c0001c8:	e5900000 	ldr	r0, [r0]
 c0001cc:	e58d0004 	str	r0, [sp, #4]
 c0001d0:	e8bd8001 	pop	{r0, pc}

0c0001d4 <HandlerSIO>:
HandlerSIO:		HANDLER HandleSIO
 c0001d4:	e24dd004 	sub	sp, sp, #4
 c0001d8:	e52d0004 	push	{r0}		; (str r0, [sp, #-4]!)
 c0001dc:	e59f0448 	ldr	r0, [pc, #1096]	; c00062c <U0+0xa8>
 c0001e0:	e5900000 	ldr	r0, [r0]
 c0001e4:	e58d0004 	str	r0, [sp, #4]
 c0001e8:	e8bd8001 	pop	{r0, pc}

0c0001ec <HandlerIIC>:
HandlerIIC:		HANDLER HandleIIC
 c0001ec:	e24dd004 	sub	sp, sp, #4
 c0001f0:	e52d0004 	push	{r0}		; (str r0, [sp, #-4]!)
 c0001f4:	e59f0434 	ldr	r0, [pc, #1076]	; c000630 <U0+0xac>
 c0001f8:	e5900000 	ldr	r0, [r0]
 c0001fc:	e58d0004 	str	r0, [sp, #4]
 c000200:	e8bd8001 	pop	{r0, pc}

0c000204 <HandlerURXD1>:
HandlerURXD1:	HANDLER HandleURXD1
 c000204:	e24dd004 	sub	sp, sp, #4
 c000208:	e52d0004 	push	{r0}		; (str r0, [sp, #-4]!)
 c00020c:	e59f0420 	ldr	r0, [pc, #1056]	; c000634 <U0+0xb0>
 c000210:	e5900000 	ldr	r0, [r0]
 c000214:	e58d0004 	str	r0, [sp, #4]
 c000218:	e8bd8001 	pop	{r0, pc}

0c00021c <HandlerURXD0>:
HandlerURXD0:	HANDLER HandleURXD0
 c00021c:	e24dd004 	sub	sp, sp, #4
 c000220:	e52d0004 	push	{r0}		; (str r0, [sp, #-4]!)
 c000224:	e59f040c 	ldr	r0, [pc, #1036]	; c000638 <U0+0xb4>
 c000228:	e5900000 	ldr	r0, [r0]
 c00022c:	e58d0004 	str	r0, [sp, #4]
 c000230:	e8bd8001 	pop	{r0, pc}

0c000234 <HandlerTIMER5>:
HandlerTIMER5:	HANDLER HandleTIMER5
 c000234:	e24dd004 	sub	sp, sp, #4
 c000238:	e52d0004 	push	{r0}		; (str r0, [sp, #-4]!)
 c00023c:	e59f03f8 	ldr	r0, [pc, #1016]	; c00063c <U0+0xb8>
 c000240:	e5900000 	ldr	r0, [r0]
 c000244:	e58d0004 	str	r0, [sp, #4]
 c000248:	e8bd8001 	pop	{r0, pc}

0c00024c <HandlerTIMER4>:
HandlerTIMER4:	HANDLER HandleTIMER4
 c00024c:	e24dd004 	sub	sp, sp, #4
 c000250:	e52d0004 	push	{r0}		; (str r0, [sp, #-4]!)
 c000254:	e59f03e4 	ldr	r0, [pc, #996]	; c000640 <U0+0xbc>
 c000258:	e5900000 	ldr	r0, [r0]
 c00025c:	e58d0004 	str	r0, [sp, #4]
 c000260:	e8bd8001 	pop	{r0, pc}

0c000264 <HandlerTIMER3>:
HandlerTIMER3:	HANDLER HandleTIMER3
 c000264:	e24dd004 	sub	sp, sp, #4
 c000268:	e52d0004 	push	{r0}		; (str r0, [sp, #-4]!)
 c00026c:	e59f03d0 	ldr	r0, [pc, #976]	; c000644 <U0+0xc0>
 c000270:	e5900000 	ldr	r0, [r0]
 c000274:	e58d0004 	str	r0, [sp, #4]
 c000278:	e8bd8001 	pop	{r0, pc}

0c00027c <HandlerTIMER2>:
HandlerTIMER2:	HANDLER HandleTIMER2
 c00027c:	e24dd004 	sub	sp, sp, #4
 c000280:	e52d0004 	push	{r0}		; (str r0, [sp, #-4]!)
 c000284:	e59f03bc 	ldr	r0, [pc, #956]	; c000648 <U0+0xc4>
 c000288:	e5900000 	ldr	r0, [r0]
 c00028c:	e58d0004 	str	r0, [sp, #4]
 c000290:	e8bd8001 	pop	{r0, pc}

0c000294 <HandlerTIMER1>:
HandlerTIMER1:	HANDLER HandleTIMER1
 c000294:	e24dd004 	sub	sp, sp, #4
 c000298:	e52d0004 	push	{r0}		; (str r0, [sp, #-4]!)
 c00029c:	e59f03a8 	ldr	r0, [pc, #936]	; c00064c <U0+0xc8>
 c0002a0:	e5900000 	ldr	r0, [r0]
 c0002a4:	e58d0004 	str	r0, [sp, #4]
 c0002a8:	e8bd8001 	pop	{r0, pc}

0c0002ac <HandlerTIMER0>:
HandlerTIMER0:	HANDLER HandleTIMER0
 c0002ac:	e24dd004 	sub	sp, sp, #4
 c0002b0:	e52d0004 	push	{r0}		; (str r0, [sp, #-4]!)
 c0002b4:	e59f0394 	ldr	r0, [pc, #916]	; c000650 <U0+0xcc>
 c0002b8:	e5900000 	ldr	r0, [r0]
 c0002bc:	e58d0004 	str	r0, [sp, #4]
 c0002c0:	e8bd8001 	pop	{r0, pc}

0c0002c4 <HandlerUERR01>:
HandlerUERR01:	HANDLER HandleUERR01
 c0002c4:	e24dd004 	sub	sp, sp, #4
 c0002c8:	e52d0004 	push	{r0}		; (str r0, [sp, #-4]!)
 c0002cc:	e59f0380 	ldr	r0, [pc, #896]	; c000654 <U0+0xd0>
 c0002d0:	e5900000 	ldr	r0, [r0]
 c0002d4:	e58d0004 	str	r0, [sp, #4]
 c0002d8:	e8bd8001 	pop	{r0, pc}

0c0002dc <HandlerWDT>:
HandlerWDT:		HANDLER HandleWDT
 c0002dc:	e24dd004 	sub	sp, sp, #4
 c0002e0:	e52d0004 	push	{r0}		; (str r0, [sp, #-4]!)
 c0002e4:	e59f036c 	ldr	r0, [pc, #876]	; c000658 <U0+0xd4>
 c0002e8:	e5900000 	ldr	r0, [r0]
 c0002ec:	e58d0004 	str	r0, [sp, #4]
 c0002f0:	e8bd8001 	pop	{r0, pc}

0c0002f4 <HandlerBDMA1>:
HandlerBDMA1:	HANDLER HandleBDMA1
 c0002f4:	e24dd004 	sub	sp, sp, #4
 c0002f8:	e52d0004 	push	{r0}		; (str r0, [sp, #-4]!)
 c0002fc:	e59f0358 	ldr	r0, [pc, #856]	; c00065c <U0+0xd8>
 c000300:	e5900000 	ldr	r0, [r0]
 c000304:	e58d0004 	str	r0, [sp, #4]
 c000308:	e8bd8001 	pop	{r0, pc}

0c00030c <HandlerBDMA0>:
HandlerBDMA0:	HANDLER HandleBDMA0
 c00030c:	e24dd004 	sub	sp, sp, #4
 c000310:	e52d0004 	push	{r0}		; (str r0, [sp, #-4]!)
 c000314:	e59f0344 	ldr	r0, [pc, #836]	; c000660 <U0+0xdc>
 c000318:	e5900000 	ldr	r0, [r0]
 c00031c:	e58d0004 	str	r0, [sp, #4]
 c000320:	e8bd8001 	pop	{r0, pc}

0c000324 <HandlerZDMA1>:
HandlerZDMA1:	HANDLER HandleZDMA1
 c000324:	e24dd004 	sub	sp, sp, #4
 c000328:	e52d0004 	push	{r0}		; (str r0, [sp, #-4]!)
 c00032c:	e59f0330 	ldr	r0, [pc, #816]	; c000664 <U0+0xe0>
 c000330:	e5900000 	ldr	r0, [r0]
 c000334:	e58d0004 	str	r0, [sp, #4]
 c000338:	e8bd8001 	pop	{r0, pc}

0c00033c <HandlerZDMA0>:
HandlerZDMA0:	HANDLER HandleZDMA0
 c00033c:	e24dd004 	sub	sp, sp, #4
 c000340:	e52d0004 	push	{r0}		; (str r0, [sp, #-4]!)
 c000344:	e59f031c 	ldr	r0, [pc, #796]	; c000668 <U0+0xe4>
 c000348:	e5900000 	ldr	r0, [r0]
 c00034c:	e58d0004 	str	r0, [sp, #4]
 c000350:	e8bd8001 	pop	{r0, pc}

0c000354 <HandlerTICK>:
HandlerTICK:	HANDLER HandleTICK
 c000354:	e24dd004 	sub	sp, sp, #4
 c000358:	e52d0004 	push	{r0}		; (str r0, [sp, #-4]!)
 c00035c:	e59f0308 	ldr	r0, [pc, #776]	; c00066c <U0+0xe8>
 c000360:	e5900000 	ldr	r0, [r0]
 c000364:	e58d0004 	str	r0, [sp, #4]
 c000368:	e8bd8001 	pop	{r0, pc}

0c00036c <HandlerEINT4567>:
HandlerEINT4567:HANDLER HandleEINT4567
 c00036c:	e24dd004 	sub	sp, sp, #4
 c000370:	e52d0004 	push	{r0}		; (str r0, [sp, #-4]!)
 c000374:	e59f02f4 	ldr	r0, [pc, #756]	; c000670 <U0+0xec>
 c000378:	e5900000 	ldr	r0, [r0]
 c00037c:	e58d0004 	str	r0, [sp, #4]
 c000380:	e8bd8001 	pop	{r0, pc}

0c000384 <HandlerEINT3>:
HandlerEINT3:	HANDLER HandleEINT3
 c000384:	e24dd004 	sub	sp, sp, #4
 c000388:	e52d0004 	push	{r0}		; (str r0, [sp, #-4]!)
 c00038c:	e59f02e0 	ldr	r0, [pc, #736]	; c000674 <U0+0xf0>
 c000390:	e5900000 	ldr	r0, [r0]
 c000394:	e58d0004 	str	r0, [sp, #4]
 c000398:	e8bd8001 	pop	{r0, pc}

0c00039c <HandlerEINT2>:
HandlerEINT2:	HANDLER HandleEINT2
 c00039c:	e24dd004 	sub	sp, sp, #4
 c0003a0:	e52d0004 	push	{r0}		; (str r0, [sp, #-4]!)
 c0003a4:	e59f02cc 	ldr	r0, [pc, #716]	; c000678 <U0+0xf4>
 c0003a8:	e5900000 	ldr	r0, [r0]
 c0003ac:	e58d0004 	str	r0, [sp, #4]
 c0003b0:	e8bd8001 	pop	{r0, pc}

0c0003b4 <HandlerEINT1>:
HandlerEINT1:	HANDLER HandleEINT1
 c0003b4:	e24dd004 	sub	sp, sp, #4
 c0003b8:	e52d0004 	push	{r0}		; (str r0, [sp, #-4]!)
 c0003bc:	e59f02b8 	ldr	r0, [pc, #696]	; c00067c <U0+0xf8>
 c0003c0:	e5900000 	ldr	r0, [r0]
 c0003c4:	e58d0004 	str	r0, [sp, #4]
 c0003c8:	e8bd8001 	pop	{r0, pc}

0c0003cc <HandlerEINT0>:
HandlerEINT0:	HANDLER HandleEINT0
 c0003cc:	e24dd004 	sub	sp, sp, #4
 c0003d0:	e52d0004 	push	{r0}		; (str r0, [sp, #-4]!)
 c0003d4:	e59f02a4 	ldr	r0, [pc, #676]	; c000680 <U0+0xfc>
 c0003d8:	e5900000 	ldr	r0, [r0]
 c0003dc:	e58d0004 	str	r0, [sp, #4]
 c0003e0:	e8bd8001 	pop	{r0, pc}

0c0003e4 <IsrIRQ>:

#One of the following two routines can be used for non-vectored interrupt.

IsrIRQ:						/* using I_ISPR register. */
    sub	    sp,sp,#4       	/* reserved for PC	  */
 c0003e4:	e24dd004 	sub	sp, sp, #4
    stmfd   sp!,{r8-r9}   
 c0003e8:	e92d0300 	push	{r8, r9}

	#IMPORTANT CAUTION

    ldr	    r9,=I_ISPR
 c0003ec:	e59f9290 	ldr	r9, [pc, #656]	; c000684 <U0+0x100>
    ldr	    r9,[r9]
 c0003f0:	e5999000 	ldr	r9, [r9]

	cmp		r9, #0x0		/* If the IDLE mode work-around is used, 	*/
 c0003f4:	e3590000 	cmp	r9, #0
							/* r9 may be 0 sometimes.			*/
	beq		l2
 c0003f8:	0a000009 	beq	c000424 <l2>

    mov	    r8,#0x0
 c0003fc:	e3a08000 	mov	r8, #0

0c000400 <l0>:
l0:
    movs    r9,r9,lsr #1
 c000400:	e1b090a9 	lsrs	r9, r9, #1
    bcs	    l1
 c000404:	2a000001 	bcs	c000410 <l1>
    add	    r8,r8,#4
 c000408:	e2888004 	add	r8, r8, #4
    b	    l0
 c00040c:	eafffffb 	b	c000400 <l0>

0c000410 <l1>:

l1:
    ldr	    r9,=HandleADC
 c000410:	e59f9204 	ldr	r9, [pc, #516]	; c00061c <U0+0x98>
    add	    r9,r9,r8
 c000414:	e0899008 	add	r9, r9, r8
    ldr	    r9,[r9]
 c000418:	e5999000 	ldr	r9, [r9]
    str	    r9,[sp,#8]
 c00041c:	e58d9008 	str	r9, [sp, #8]
    ldmfd   sp!,{r8-r9,pc}
 c000420:	e8bd8300 	pop	{r8, r9, pc}

0c000424 <l2>:

l2:
	ldmfd	sp!,{r8-r9}
 c000424:	e8bd0300 	pop	{r8, r9}
	add		sp,sp,#4
 c000428:	e28dd004 	add	sp, sp, #4
	subs	pc,lr,#4
 c00042c:	e25ef004 	subs	pc, lr, #4

0c000430 <ResetHandler>:
#****************************************************
#*	START											*
#****************************************************
ResetHandler:
start:
    ldr	    r0,=WTCON	    	/* watch dog disable*/
 c000430:	e59f0250 	ldr	r0, [pc, #592]	; c000688 <U0+0x104>
    ldr	    r1,=0x0 		
 c000434:	e3a01000 	mov	r1, #0
    str	    r1,[r0]
 c000438:	e5801000 	str	r1, [r0]

    ldr	    r0,=INTMSK
 c00043c:	e59f0248 	ldr	r0, [pc, #584]	; c00068c <U0+0x108>
    ldr	    r1,=0x07ffffff  	/* all interrupt disable */
 c000440:	e3e0133e 	mvn	r1, #-134217728	; 0xf8000000
    str	    r1,[r0]
 c000444:	e5801000 	str	r1, [r0]

    #****************************************************
    #*	Set clock control registers						*
    #****************************************************
    ldr		r0,=LOCKTIME
 c000448:	e59f0240 	ldr	r0, [pc, #576]	; c000690 <U0+0x10c>
    ldr		r1,=0xfff
 c00044c:	e59f1240 	ldr	r1, [pc, #576]	; c000694 <U0+0x110>
    str		r1,[r0]
 c000450:	e5801000 	str	r1, [r0]
#	ldr		r0,=PLLCON			/* temporary setting of PLL */
#	ldr		r1,=((M_DIV<<12)+(P_DIV<<4)+S_DIV)	/* Fin=8MHz,Fout=64MHz     */
#	str		r1,[r0]
# .endif
#****
    ldr	    r0,=CLKCON		
 c000454:	e59f023c 	ldr	r0, [pc, #572]	; c000698 <U0+0x114>
    ldr	    r1,=0x7ff8	    	/* All unit block CLK enable */
 c000458:	e59f123c 	ldr	r1, [pc, #572]	; c00069c <U0+0x118>
    str	    r1,[r0]
 c00045c:	e5801000 	str	r1, [r0]

    #****************************************
    #*  change BDMACON reset value for BDMA *   
    #****************************************
    ldr     r0,=BDIDES0      
 c000460:	e59f0238 	ldr	r0, [pc, #568]	; c0006a0 <U0+0x11c>
    ldr     r1,=0x40000000   	/* BDIDESn reset value should be 0x40000000 */
 c000464:	e3a01101 	mov	r1, #1073741824	; 0x40000000
    str     r1,[r0]
 c000468:	e5801000 	str	r1, [r0]

    ldr     r0,=BDIDES1      
 c00046c:	e59f0230 	ldr	r0, [pc, #560]	; c0006a4 <U0+0x120>
    ldr     r1,=0x40000000   	/* BDIDESn reset value should be 0x40000000 */	 
 c000470:	e3a01101 	mov	r1, #1073741824	; 0x40000000
    str     r1,[r0]
 c000474:	e5801000 	str	r1, [r0]

    #****************************************************
    #*	Set memory control registers					* 	
    #****************************************************
    ldr	    r0,=SMRDATA
 c000478:	e59f0228 	ldr	r0, [pc, #552]	; c0006a8 <U0+0x124>
    ldmia   r0,{r1-r13}
 c00047c:	e8903ffe 	ldm	r0, {r1, r2, r3, r4, r5, r6, r7, r8, r9, sl, fp, ip, sp}
    ldr	    r0,=0x01c80000  	/* BWSCON Address */
 c000480:	e3a00772 	mov	r0, #29884416	; 0x1c80000
    stmia   r0,{r1-r13}
 c000484:	e8803ffe 	stm	r0, {r1, r2, r3, r4, r5, r6, r7, r8, r9, sl, fp, ip, sp}

    #;****************************************************
    #;*	Initialize stacks								* 
    #;****************************************************
    ldr	    sp, =SVCStack		/* Why	*/		
 c000488:	e59fd21c 	ldr	sp, [pc, #540]	; c0006ac <U0+0x128>
    bl	    InitStacks
 c00048c:	eb000019 	bl	c0004f8 <InitStacks>

    #;****************************************************
    #;*	Setup IRQ handler								*
    #;****************************************************
    ldr	    r0,=HandleIRQ		/* This routine is needed */
 c000490:	e59f0170 	ldr	r0, [pc, #368]	; c000608 <U0+0x84>
    ldr	    r1,=IsrIRQ			/* if there isn't 'subs pc,lr,#4' at 0x18, 0x1c */
 c000494:	e59f1214 	ldr	r1, [pc, #532]	; c0006b0 <U0+0x12c>
    str	    r1,[r0]
 c000498:	e5801000 	str	r1, [r0]

    #********************************************************
    #*	Copy and paste RW data/zero initialized data	    *
    #********************************************************
    LDR	    r0, =Image_RO_Limit	/* Get pointer to ROM data */
 c00049c:	e59f0210 	ldr	r0, [pc, #528]	; c0006b4 <U0+0x130>
    LDR	    r1, =Image_RW_Base	/* and RAM copy	*/
 c0004a0:	e59f1210 	ldr	r1, [pc, #528]	; c0006b8 <U0+0x134>
    LDR	    r3, =Image_ZI_Base	
 c0004a4:	e59f3210 	ldr	r3, [pc, #528]	; c0006bc <U0+0x138>
	/* Zero init base => top of initialised data */
			
    CMP	    r0, r1	    		/* Check that they are different */
 c0004a8:	e1500001 	cmp	r0, r1
    BEQ	    F1
 c0004ac:	0a000003 	beq	c0004c0 <F1>

0c0004b0 <F0>:
F0:
    CMP	    r1, r3				/* Copy init data                        */
 c0004b0:	e1510003 	cmp	r1, r3
    LDRCC   r2, [r0], #4        /* --> LDRCC r2, [r0] + ADD r0, r0, #4	 */
 c0004b4:	34902004 	ldrcc	r2, [r0], #4
    STRCC   r2, [r1], #4        /* --> STRCC r2, [r1] + ADD r1, r1, #4   */ 
 c0004b8:	34812004 	strcc	r2, [r1], #4
    BCC	    F0
 c0004bc:	3afffffb 	bcc	c0004b0 <F0>

0c0004c0 <F1>:
F1:
    LDR	    r1, =Image_ZI_Limit	/* Top of zero init segment */
 c0004c0:	e59f11f8 	ldr	r1, [pc, #504]	; c0006c0 <U0+0x13c>
    MOV	    r2, #0
 c0004c4:	e3a02000 	mov	r2, #0

0c0004c8 <F2>:
F2:
    CMP	    r3, r1	    		/* Zero init */
 c0004c8:	e1530001 	cmp	r3, r1
    STRCC   r2, [r3], #4
 c0004cc:	34832004 	strcc	r2, [r3], #4
    BCC	    F2
 c0004d0:	3afffffc 	bcc	c0004c8 <F2>
@	BIC	r0, r0, #NOINT /* enable interrupt */
@	MSR	CPSR_cxsf, r0
	
	/* Pasamos a modo usuario, inicializamos su pila
       y ponemos a cero el frame pointer*/
    MRS	r0, CPSR
 c0004d4:	e10f0000 	mrs	r0, CPSR
   	BIC	r0,r0,#MODEMASK
 c0004d8:	e3c0001f 	bic	r0, r0, #31
    ORR	r1,r0,#USERMODE
 c0004dc:	e3801010 	orr	r1, r0, #16
    BIC r1,r1,#NOINT
 c0004e0:	e3c110c0 	bic	r1, r1, #192	; 0xc0
    MSR	CPSR_cxsf,r1 	    
 c0004e4:	e12ff001 	msr	CPSR_fsxc, r1
    ldr sp,=UserStack
 c0004e8:	e59fd1d4 	ldr	sp, [pc, #468]	; c0006c4 <U0+0x140>
    mov fp,#0
 c0004ec:	e3a0b000 	mov	fp, #0
	
	/* jump to main() */
   	BL	main
 c0004f0:	eb00034b 	bl	c001224 <main>
   	B   .	    
 c0004f4:	eafffffe 	b	c0004f4 <F2+0x2c>

0c0004f8 <InitStacks>:
InitStacks:
	#Don't use DRAM,such as stmfd,ldmfd......
	#SVCstack is initialized before
	#Under toolkit ver 2.50, 'msr cpsr,r1' can be used instead of 'msr cpsr_cxsf,r1'

    mrs	    r0,cpsr
 c0004f8:	e10f0000 	mrs	r0, CPSR
    bic	    r0,r0,#MODEMASK
 c0004fc:	e3c0001f 	bic	r0, r0, #31
    orr	    r1,r0,#UNDEFMODE
 c000500:	e380101b 	orr	r1, r0, #27
    msr	    cpsr_cxsf,r1		/* UndefMode */
 c000504:	e12ff001 	msr	CPSR_fsxc, r1
    ldr	    sp,=UndefStack
 c000508:	e59fd1b8 	ldr	sp, [pc, #440]	; c0006c8 <U0+0x144>
	
    orr	    r1,r0,#ABORTMODE|NOINT
 c00050c:	e38010d7 	orr	r1, r0, #215	; 0xd7
    msr	    cpsr_cxsf,r1 	    /* AbortMode */	
 c000510:	e12ff001 	msr	CPSR_fsxc, r1
    ldr	    sp,=AbortStack
 c000514:	e59fd1b0 	ldr	sp, [pc, #432]	; c0006cc <U0+0x148>

    orr	    r1,r0,#IRQMODE|FIQ_MODE
 c000518:	e3801092 	orr	r1, r0, #146	; 0x92
    msr	    cpsr_cxsf,r1 	    /* IRQMode */
 c00051c:	e12ff001 	msr	CPSR_fsxc, r1
    ldr	    sp,=IRQStack
 c000520:	e59fd1a8 	ldr	sp, [pc, #424]	; c0006d0 <U0+0x14c>
	
    orr	    r1,r0,#FIQMODE|IRQ_MODE
 c000524:	e3801051 	orr	r1, r0, #81	; 0x51
    msr	    cpsr_cxsf,r1 	    /* FIQMode */
 c000528:	e12ff001 	msr	CPSR_fsxc, r1
    ldr	    sp,=FIQStack
 c00052c:	e59fd1a0 	ldr	sp, [pc, #416]	; c0006d4 <U0+0x150>

    bic	    r0,r0,#MODEMASK
 c000530:	e3c0001f 	bic	r0, r0, #31
    orr	    r1,r0,#SVCMODE
 c000534:	e3801013 	orr	r1, r0, #19
    msr	    cpsr_cxsf,r1 	    /* SVCMode */
 c000538:	e12ff001 	msr	CPSR_fsxc, r1
    ldr	    sp,=SVCStack
 c00053c:	e59fd168 	ldr	sp, [pc, #360]	; c0006ac <U0+0x128>

	#USER mode is not initialized.
    mov	    pc,lr 				/* The LR register may be not valid for the mode changes. */
 c000540:	e1a0f00e 	mov	pc, lr

0c000544 <EnterPWDN>:
#****************************************************
#*	The function for entering power down mode		*
#****************************************************
#void EnterPWDN(int CLKCON);
EnterPWDN:
    mov	    r2,r0               /* r0=CLKCON */
 c000544:	e1a02000 	mov	r2, r0
    ldr	    r0,=REFRESH		
 c000548:	e59f0188 	ldr	r0, [pc, #392]	; c0006d8 <U0+0x154>
    ldr	    r3,[r0]
 c00054c:	e5903000 	ldr	r3, [r0]
    mov	    r1, r3
 c000550:	e1a01003 	mov	r1, r3
    orr	    r1, r1, #0x400000   /* self-refresh enable */
 c000554:	e3811501 	orr	r1, r1, #4194304	; 0x400000
    str	    r1, [r0]
 c000558:	e5801000 	str	r1, [r0]

    nop     /* Wait until self-refresh is issued. May not be needed. */
 c00055c:	e1a00000 	nop			; (mov r0, r0)
    nop     /* If the other bus master holds the bus, ... */
 c000560:	e1a00000 	nop			; (mov r0, r0)
    nop	    /* mov r0, r0 */
 c000564:	e1a00000 	nop			; (mov r0, r0)
    nop
 c000568:	e1a00000 	nop			; (mov r0, r0)
    nop
 c00056c:	e1a00000 	nop			; (mov r0, r0)
    nop
 c000570:	e1a00000 	nop			; (mov r0, r0)
    nop
 c000574:	e1a00000 	nop			; (mov r0, r0)

#enter POWERDN mode
    ldr	    r0,=CLKCON
 c000578:	e59f0118 	ldr	r0, [pc, #280]	; c000698 <U0+0x114>
    str	    r2,[r0]
 c00057c:	e5802000 	str	r2, [r0]

#wait until enter SL_IDLE,STOP mode and until wake-up
    ldr	    r0,=0x10
 c000580:	e3a00010 	mov	r0, #16

0c000584 <U0>:
U0: subs    r0,r0,#1
 c000584:	e2500001 	subs	r0, r0, #1
    bne	    U0
 c000588:	1afffffd 	bne	c000584 <U0>

#exit from DRAM/SDRAM self refresh mode.
    ldr	    r0,=REFRESH
 c00058c:	e59f0144 	ldr	r0, [pc, #324]	; c0006d8 <U0+0x154>
    str	    r3,[r0]
 c000590:	e5803000 	str	r3, [r0]
    mov	    pc,lr
 c000594:	e1a0f00e 	mov	pc, lr
 c000598:	0c0003cc 	.word	0x0c0003cc
 c00059c:	0c0003b4 	.word	0x0c0003b4
 c0005a0:	0c00039c 	.word	0x0c00039c
 c0005a4:	0c000384 	.word	0x0c000384
 c0005a8:	0c00036c 	.word	0x0c00036c
 c0005ac:	0c000354 	.word	0x0c000354
 c0005b0:	0c00033c 	.word	0x0c00033c
 c0005b4:	0c000324 	.word	0x0c000324
 c0005b8:	0c00030c 	.word	0x0c00030c
 c0005bc:	0c0002f4 	.word	0x0c0002f4
 c0005c0:	0c0002dc 	.word	0x0c0002dc
 c0005c4:	0c0002c4 	.word	0x0c0002c4
 c0005c8:	0c0002ac 	.word	0x0c0002ac
 c0005cc:	0c000294 	.word	0x0c000294
 c0005d0:	0c00027c 	.word	0x0c00027c
 c0005d4:	0c000264 	.word	0x0c000264
 c0005d8:	0c00024c 	.word	0x0c00024c
 c0005dc:	0c000234 	.word	0x0c000234
 c0005e0:	0c00021c 	.word	0x0c00021c
 c0005e4:	0c000204 	.word	0x0c000204
 c0005e8:	0c0001ec 	.word	0x0c0001ec
 c0005ec:	0c0001d4 	.word	0x0c0001d4
 c0005f0:	0c0001bc 	.word	0x0c0001bc
 c0005f4:	0c0001a4 	.word	0x0c0001a4
 c0005f8:	0c00018c 	.word	0x0c00018c
 c0005fc:	0c000174 	.word	0x0c000174
 c000600:	0c000544 	.word	0x0c000544
 c000604:	0c7fff1c 	.word	0x0c7fff1c
 c000608:	0c7fff18 	.word	0x0c7fff18
 c00060c:	0c7fff04 	.word	0x0c7fff04
 c000610:	0c7fff08 	.word	0x0c7fff08
 c000614:	0c7fff10 	.word	0x0c7fff10
 c000618:	0c7fff0c 	.word	0x0c7fff0c
 c00061c:	0c7fff20 	.word	0x0c7fff20
 c000620:	0c7fff24 	.word	0x0c7fff24
 c000624:	0c7fff28 	.word	0x0c7fff28
 c000628:	0c7fff2c 	.word	0x0c7fff2c
 c00062c:	0c7fff30 	.word	0x0c7fff30
 c000630:	0c7fff34 	.word	0x0c7fff34
 c000634:	0c7fff38 	.word	0x0c7fff38
 c000638:	0c7fff3c 	.word	0x0c7fff3c
 c00063c:	0c7fff40 	.word	0x0c7fff40
 c000640:	0c7fff44 	.word	0x0c7fff44
 c000644:	0c7fff48 	.word	0x0c7fff48
 c000648:	0c7fff4c 	.word	0x0c7fff4c
 c00064c:	0c7fff50 	.word	0x0c7fff50
 c000650:	0c7fff54 	.word	0x0c7fff54
 c000654:	0c7fff58 	.word	0x0c7fff58
 c000658:	0c7fff5c 	.word	0x0c7fff5c
 c00065c:	0c7fff60 	.word	0x0c7fff60
 c000660:	0c7fff64 	.word	0x0c7fff64
 c000664:	0c7fff68 	.word	0x0c7fff68
 c000668:	0c7fff6c 	.word	0x0c7fff6c
 c00066c:	0c7fff70 	.word	0x0c7fff70
 c000670:	0c7fff74 	.word	0x0c7fff74
 c000674:	0c7fff78 	.word	0x0c7fff78
 c000678:	0c7fff7c 	.word	0x0c7fff7c
 c00067c:	0c7fff80 	.word	0x0c7fff80
 c000680:	0c7fff84 	.word	0x0c7fff84
 c000684:	01e00020 	.word	0x01e00020
 c000688:	01d30000 	.word	0x01d30000
 c00068c:	01e0000c 	.word	0x01e0000c
 c000690:	01d8000c 	.word	0x01d8000c
 c000694:	00000fff 	.word	0x00000fff
 c000698:	01d80004 	.word	0x01d80004
 c00069c:	00007ff8 	.word	0x00007ff8
 c0006a0:	01f80008 	.word	0x01f80008
 c0006a4:	01f80028 	.word	0x01f80028
 c0006a8:	0c0006dc 	.word	0x0c0006dc
 c0006ac:	0c7ff100 	.word	0x0c7ff100
 c0006b0:	0c0003e4 	.word	0x0c0003e4
 c0006b4:	0c0015b4 	.word	0x0c0015b4
 c0006b8:	0c0015b4 	.word	0x0c0015b4
 c0006bc:	0c001610 	.word	0x0c001610
 c0006c0:	0c001638 	.word	0x0c001638
 c0006c4:	0c7ff000 	.word	0x0c7ff000
 c0006c8:	0c7ff200 	.word	0x0c7ff200
 c0006cc:	0c7ff300 	.word	0x0c7ff300
 c0006d0:	0c7ff400 	.word	0x0c7ff400
 c0006d4:	0c7ff500 	.word	0x0c7ff500
 c0006d8:	01c80024 	.word	0x01c80024

0c0006dc <SMRDATA>:
 c0006dc:	11110102 	.word	0x11110102
 c0006e0:	00000600 	.word	0x00000600
 c0006e4:	00007ffc 	.word	0x00007ffc
 c0006e8:	00007ffc 	.word	0x00007ffc
 c0006ec:	00007ffc 	.word	0x00007ffc
 c0006f0:	00007ffc 	.word	0x00007ffc
 c0006f4:	00007ffc 	.word	0x00007ffc
 c0006f8:	00018000 	.word	0x00018000
 c0006fc:	00018000 	.word	0x00018000
 c000700:	00860459 	.word	0x00860459
 c000704:	00000010 	.word	0x00000010
 c000708:	00000020 	.word	0x00000020
 c00070c:	00000020 	.word	0x00000020

0c000710 <Delay>:

void Delay(int time)
// time=0: adjust the Delay function by WatchDog timer.//
// time>0: the number of loop time//
// 100us resolution.//
{
 c000710:	e1a0c00d 	mov	ip, sp
 c000714:	e92dd800 	push	{fp, ip, lr, pc}
 c000718:	e24cb004 	sub	fp, ip, #4
 c00071c:	e24dd010 	sub	sp, sp, #16
 c000720:	e50b0018 	str	r0, [fp, #-24]	; 0xffffffe8
	int i,adjust=0;
 c000724:	e3a03000 	mov	r3, #0
 c000728:	e50b3014 	str	r3, [fp, #-20]	; 0xffffffec
	if(time==0)
 c00072c:	e51b3018 	ldr	r3, [fp, #-24]	; 0xffffffe8
 c000730:	e3530000 	cmp	r3, #0
 c000734:	1a000021 	bne	c0007c0 <Delay+0xb0>
	{
		time=200;
 c000738:	e3a030c8 	mov	r3, #200	; 0xc8
 c00073c:	e50b3018 	str	r3, [fp, #-24]	; 0xffffffe8
		adjust=1;
 c000740:	e3a03001 	mov	r3, #1
 c000744:	e50b3014 	str	r3, [fp, #-20]	; 0xffffffec
		delayLoopCount=400;
 c000748:	e59f30d8 	ldr	r3, [pc, #216]	; c000828 <Delay+0x118>
 c00074c:	e3a02e19 	mov	r2, #400	; 0x190
 c000750:	e5832000 	str	r2, [r3]
		rWTCON=((MCLK/1000000-1)<<8)|(2<<3);	// 1M/64,Watch-dog,nRESET,interrupt disable//
 c000754:	e59f30d0 	ldr	r3, [pc, #208]	; c00082c <Delay+0x11c>
 c000758:	e59f20d0 	ldr	r2, [pc, #208]	; c000830 <Delay+0x120>
 c00075c:	e5832000 	str	r2, [r3]
		rWTDAT=0xffff;
 c000760:	e59f30cc 	ldr	r3, [pc, #204]	; c000834 <Delay+0x124>
 c000764:	e59f20cc 	ldr	r2, [pc, #204]	; c000838 <Delay+0x128>
 c000768:	e5832000 	str	r2, [r3]
		rWTCNT=0xffff;	 
 c00076c:	e59f30c8 	ldr	r3, [pc, #200]	; c00083c <Delay+0x12c>
 c000770:	e59f20c0 	ldr	r2, [pc, #192]	; c000838 <Delay+0x128>
 c000774:	e5832000 	str	r2, [r3]
		rWTCON=((MCLK/1000000-1)<<8)|(2<<3)|(1<<5); // 1M/64,Watch-dog enable,nRESET,interrupt disable //
 c000778:	e59f30ac 	ldr	r3, [pc, #172]	; c00082c <Delay+0x11c>
 c00077c:	e59f20bc 	ldr	r2, [pc, #188]	; c000840 <Delay+0x130>
 c000780:	e5832000 	str	r2, [r3]
	}
	for(;time>0;time--)
 c000784:	ea00000d 	b	c0007c0 <Delay+0xb0>
		for(i=0;i<delayLoopCount;i++);
 c000788:	e3a03000 	mov	r3, #0
 c00078c:	e50b3010 	str	r3, [fp, #-16]
 c000790:	ea000002 	b	c0007a0 <Delay+0x90>
 c000794:	e51b3010 	ldr	r3, [fp, #-16]
 c000798:	e2833001 	add	r3, r3, #1
 c00079c:	e50b3010 	str	r3, [fp, #-16]
 c0007a0:	e59f3080 	ldr	r3, [pc, #128]	; c000828 <Delay+0x118>
 c0007a4:	e5933000 	ldr	r3, [r3]
 c0007a8:	e51b2010 	ldr	r2, [fp, #-16]
 c0007ac:	e1520003 	cmp	r2, r3
 c0007b0:	bafffff7 	blt	c000794 <Delay+0x84>
		rWTCON=((MCLK/1000000-1)<<8)|(2<<3);	// 1M/64,Watch-dog,nRESET,interrupt disable//
		rWTDAT=0xffff;
		rWTCNT=0xffff;	 
		rWTCON=((MCLK/1000000-1)<<8)|(2<<3)|(1<<5); // 1M/64,Watch-dog enable,nRESET,interrupt disable //
	}
	for(;time>0;time--)
 c0007b4:	e51b3018 	ldr	r3, [fp, #-24]	; 0xffffffe8
 c0007b8:	e2433001 	sub	r3, r3, #1
 c0007bc:	e50b3018 	str	r3, [fp, #-24]	; 0xffffffe8
 c0007c0:	e51b3018 	ldr	r3, [fp, #-24]	; 0xffffffe8
 c0007c4:	e3530000 	cmp	r3, #0
 c0007c8:	caffffee 	bgt	c000788 <Delay+0x78>
		for(i=0;i<delayLoopCount;i++);
	if(adjust==1)
 c0007cc:	e51b3014 	ldr	r3, [fp, #-20]	; 0xffffffec
 c0007d0:	e3530001 	cmp	r3, #1
 c0007d4:	1a000010 	bne	c00081c <Delay+0x10c>
	{
		rWTCON=((MCLK/1000000-1)<<8)|(2<<3);
 c0007d8:	e59f304c 	ldr	r3, [pc, #76]	; c00082c <Delay+0x11c>
 c0007dc:	e59f204c 	ldr	r2, [pc, #76]	; c000830 <Delay+0x120>
 c0007e0:	e5832000 	str	r2, [r3]
		i=0xffff-rWTCNT;   //  1count/16us?????????//
 c0007e4:	e59f3050 	ldr	r3, [pc, #80]	; c00083c <Delay+0x12c>
 c0007e8:	e5933000 	ldr	r3, [r3]
 c0007ec:	e2633cff 	rsb	r3, r3, #65280	; 0xff00
 c0007f0:	e28330ff 	add	r3, r3, #255	; 0xff
 c0007f4:	e50b3010 	str	r3, [fp, #-16]
		delayLoopCount=8000000/(i*64);	//400*100/(i*64/200)   //
 c0007f8:	e51b3010 	ldr	r3, [fp, #-16]
 c0007fc:	e1a03303 	lsl	r3, r3, #6
 c000800:	e59f003c 	ldr	r0, [pc, #60]	; c000844 <Delay+0x134>
 c000804:	e1a01003 	mov	r1, r3
 c000808:	eb000316 	bl	c001468 <__aeabi_idiv>
 c00080c:	e1a03000 	mov	r3, r0
 c000810:	e1a02003 	mov	r2, r3
 c000814:	e59f300c 	ldr	r3, [pc, #12]	; c000828 <Delay+0x118>
 c000818:	e5832000 	str	r2, [r3]
	}
}
 c00081c:	e24bd00c 	sub	sp, fp, #12
 c000820:	e89d6800 	ldm	sp, {fp, sp, lr}
 c000824:	e12fff1e 	bx	lr
 c000828:	0c0015c4 	.word	0x0c0015c4
 c00082c:	01d30000 	.word	0x01d30000
 c000830:	00003f10 	.word	0x00003f10
 c000834:	01d30004 	.word	0x01d30004
 c000838:	0000ffff 	.word	0x0000ffff
 c00083c:	01d30008 	.word	0x01d30008
 c000840:	00003f30 	.word	0x00003f30
 c000844:	007a1200 	.word	0x007a1200

0c000848 <DelayMs>:

void DelayMs(int ms_time)
{
 c000848:	e1a0c00d 	mov	ip, sp
 c00084c:	e92dd800 	push	{fp, ip, lr, pc}
 c000850:	e24cb004 	sub	fp, ip, #4
 c000854:	e24dd010 	sub	sp, sp, #16
 c000858:	e50b0018 	str	r0, [fp, #-24]	; 0xffffffe8
	int i;
	
	for( i = 0 ; i < 1000*ms_time ; i++ )
 c00085c:	e3a03000 	mov	r3, #0
 c000860:	e50b3010 	str	r3, [fp, #-16]
 c000864:	ea000002 	b	c000874 <DelayMs+0x2c>
 c000868:	e51b3010 	ldr	r3, [fp, #-16]
 c00086c:	e2833001 	add	r3, r3, #1
 c000870:	e50b3010 	str	r3, [fp, #-16]
 c000874:	e51b2018 	ldr	r2, [fp, #-24]	; 0xffffffe8
 c000878:	e1a03002 	mov	r3, r2
 c00087c:	e1a03283 	lsl	r3, r3, #5
 c000880:	e0623003 	rsb	r3, r2, r3
 c000884:	e1a03103 	lsl	r3, r3, #2
 c000888:	e0833002 	add	r3, r3, r2
 c00088c:	e1a03183 	lsl	r3, r3, #3
 c000890:	e1a02003 	mov	r2, r3
 c000894:	e51b3010 	ldr	r3, [fp, #-16]
 c000898:	e1520003 	cmp	r2, r3
 c00089c:	cafffff1 	bgt	c000868 <DelayMs+0x20>
		;
}
 c0008a0:	e24bd00c 	sub	sp, fp, #12
 c0008a4:	e89d6800 	ldm	sp, {fp, sp, lr}
 c0008a8:	e12fff1e 	bx	lr

0c0008ac <Port_Init>:

//------------------------PORTS------------------------------//
void Port_Init(void)
{
 c0008ac:	e1a0c00d 	mov	ip, sp
 c0008b0:	e92dd800 	push	{fp, ip, lr, pc}
 c0008b4:	e24cb004 	sub	fp, ip, #4

	// PORT A GROUP
	// BIT 	9	8	7	6	5	4	3	2	1	0
	// 		A24	A23	A22	A21	A20	A19	A18	A17	A16	A0
	//		0	1	1	1	1	1	1	1	1	1
	rPCONA = 0x1ff;	
 c0008b8:	e59f3100 	ldr	r3, [pc, #256]	; c0009c0 <Port_Init+0x114>
 c0008bc:	e59f2100 	ldr	r2, [pc, #256]	; c0009c4 <Port_Init+0x118>
 c0008c0:	e5832000 	str	r2, [r3]
	// PORT B GROUP
	// BIT 	10		9		8		7		6		5		4		3		2		1		0
	//		/CS5	/CS4	/CS3	/CS2	/CS1	GPB5	GPB4	/SRAS	/SCAS	SCLK	SCKE
	//		EXT		NIC		USB		IDE		SMC		NC		NC		Sdram	Sdram	Sdram	Sdram
	//      1, 		1,   	1,   	1,    	1,    	0,       0,     1,    	1,    	1,   	1	
	rPDATB = 0x7ff;				
 c0008c4:	e59f30fc 	ldr	r3, [pc, #252]	; c0009c8 <Port_Init+0x11c>
 c0008c8:	e59f20fc 	ldr	r2, [pc, #252]	; c0009cc <Port_Init+0x120>
 c0008cc:	e5832000 	str	r2, [r3]
	rPCONB = 0x1cf;			// P9-LED1 P10-LED2
 c0008d0:	e59f30f8 	ldr	r3, [pc, #248]	; c0009d0 <Port_Init+0x124>
 c0008d4:	e59f20f8 	ldr	r2, [pc, #248]	; c0009d4 <Port_Init+0x128>
 c0008d8:	e5832000 	str	r2, [r3]

	//  PC7		6		5		4		3		2		1		0
	//   I		I		I		I		I		I		I		I
	//   NC		NC		NC		NC		IISCLK	IISDI	IISDO	IISLRCK
	//   00		00		00		00		11		11		11		11
	rPDATC = 0xff00;
 c0008dc:	e59f30f4 	ldr	r3, [pc, #244]	; c0009d8 <Port_Init+0x12c>
 c0008e0:	e3a02cff 	mov	r2, #65280	; 0xff00
 c0008e4:	e5832000 	str	r2, [r3]
	rPCONC = 0x0ff0ffff;	
 c0008e8:	e59f30ec 	ldr	r3, [pc, #236]	; c0009dc <Port_Init+0x130>
 c0008ec:	e59f20ec 	ldr	r2, [pc, #236]	; c0009e0 <Port_Init+0x134>
 c0008f0:	e5832000 	str	r2, [r3]
	rPUPC  = 0x30ff;	//PULL UP RESISTOR should be enabled to I/O
 c0008f4:	e59f30e8 	ldr	r3, [pc, #232]	; c0009e4 <Port_Init+0x138>
 c0008f8:	e59f20e8 	ldr	r2, [pc, #232]	; c0009e8 <Port_Init+0x13c>
 c0008fc:	e5832000 	str	r2, [r3]
	// PORT D GROUP
	// PORT D GROUP(I/O OR LCD)
	// BIT7		6		5		4		3		2		1		0
	//	VF		VM		VLINE	VCLK	VD3		VD2		VD1		VD0
	//	00		00		00		00		00		00		00		00
	rPDATD= 0xff;
 c000900:	e59f30e4 	ldr	r3, [pc, #228]	; c0009ec <Port_Init+0x140>
 c000904:	e3a020ff 	mov	r2, #255	; 0xff
 c000908:	e5832000 	str	r2, [r3]
	rPCOND= 0xaaaa;	
 c00090c:	e59f30dc 	ldr	r3, [pc, #220]	; c0009f0 <Port_Init+0x144>
 c000910:	e59f20dc 	ldr	r2, [pc, #220]	; c0009f4 <Port_Init+0x148>
 c000914:	e5832000 	str	r2, [r3]
	rPUPD = 0x0;
 c000918:	e59f30d8 	ldr	r3, [pc, #216]	; c0009f8 <Port_Init+0x14c>
 c00091c:	e3a02000 	mov	r2, #0
 c000920:	e5832000 	str	r2, [r3]
	
	// PORT E GROUP 
	// Bit	8		7		6		5		4		3		2		1		0
	//  	CODECLK	LED4	LED5	LED6	LED7	BEEP	RXD0	TXD0	LcdDisp
	//  	10		01		01		01		01		01		10		10		01
	rPDATE	= 0x1ff;
 c000924:	e59f30d0 	ldr	r3, [pc, #208]	; c0009fc <Port_Init+0x150>
 c000928:	e59f2094 	ldr	r2, [pc, #148]	; c0009c4 <Port_Init+0x118>
 c00092c:	e5832000 	str	r2, [r3]
	rPCONE	= 0x25529;	
 c000930:	e59f30c8 	ldr	r3, [pc, #200]	; c000a00 <Port_Init+0x154>
 c000934:	e59f20c8 	ldr	r2, [pc, #200]	; c000a04 <Port_Init+0x158>
 c000938:	e5832000 	str	r2, [r3]
	rPUPE	= 0x6;
 c00093c:	e59f30c4 	ldr	r3, [pc, #196]	; c000a08 <Port_Init+0x15c>
 c000940:	e3a02006 	mov	r2, #6
 c000944:	e5832000 	str	r2, [r3]
	
	// PORT F GROUP
	// Bit8		7		6		5		 4		3		2		1		0
	// IISCLK	IISDI	IISDO	IISLRCK	Input	Input	Input	IICSDA	IICSCL
	// 100		100		100		100		00		00		00		10		10
	rPDATF = 0x0;
 c000948:	e59f30bc 	ldr	r3, [pc, #188]	; c000a0c <Port_Init+0x160>
 c00094c:	e3a02000 	mov	r2, #0
 c000950:	e5832000 	str	r2, [r3]
	rPCONF = 0x252a;
 c000954:	e59f30b4 	ldr	r3, [pc, #180]	; c000a10 <Port_Init+0x164>
 c000958:	e59f20b4 	ldr	r2, [pc, #180]	; c000a14 <Port_Init+0x168>
 c00095c:	e5832000 	str	r2, [r3]
	rPUPF  = 0x0;
 c000960:	e59f30b0 	ldr	r3, [pc, #176]	; c000a18 <Port_Init+0x16c>
 c000964:	e3a02000 	mov	r2, #0
 c000968:	e5832000 	str	r2, [r3]
	// PORT G GROUP
	// BIT7		6		5		4		3		2		1		0
	// 	INT7	INT6	INT5	INT4	INT3	INT2	INT1	INT0
	//	S3		S4		S5		S6		NIC		EXT		IDE		USB
	//	11      11      11      11      11      11      11      11
	rPDATG = 0xff;
 c00096c:	e59f30a8 	ldr	r3, [pc, #168]	; c000a1c <Port_Init+0x170>
 c000970:	e3a020ff 	mov	r2, #255	; 0xff
 c000974:	e5832000 	str	r2, [r3]
	rPCONG = 0xffff;
 c000978:	e59f30a0 	ldr	r3, [pc, #160]	; c000a20 <Port_Init+0x174>
 c00097c:	e59f20a0 	ldr	r2, [pc, #160]	; c000a24 <Port_Init+0x178>
 c000980:	e5832000 	str	r2, [r3]
	rPUPG  = 0x0;		//pull-up portG enabled  
 c000984:	e59f309c 	ldr	r3, [pc, #156]	; c000a28 <Port_Init+0x17c>
 c000988:	e3a02000 	mov	r2, #0
 c00098c:	e5832000 	str	r2, [r3]
	rSPUCR = 0x7;  		//D15-D0 pull-up disable
 c000990:	e59f3094 	ldr	r3, [pc, #148]	; c000a2c <Port_Init+0x180>
 c000994:	e3a02007 	mov	r2, #7
 c000998:	e5832000 	str	r2, [r3]

	/* Non Cache area */
	rNCACHBE0=((Non_Cache_End>>12)<<16)|(Non_Cache_Start>>12); 
 c00099c:	e59f308c 	ldr	r3, [pc, #140]	; c000a30 <Port_Init+0x184>
 c0009a0:	e59f208c 	ldr	r2, [pc, #140]	; c000a34 <Port_Init+0x188>
 c0009a4:	e5832000 	str	r2, [r3]

	/* Low level default */
	rEXTINT=0x0;
 c0009a8:	e59f3088 	ldr	r3, [pc, #136]	; c000a38 <Port_Init+0x18c>
 c0009ac:	e3a02000 	mov	r2, #0
 c0009b0:	e5832000 	str	r2, [r3]
}
 c0009b4:	e24bd00c 	sub	sp, fp, #12
 c0009b8:	e89d6800 	ldm	sp, {fp, sp, lr}
 c0009bc:	e12fff1e 	bx	lr
 c0009c0:	01d20000 	.word	0x01d20000
 c0009c4:	000001ff 	.word	0x000001ff
 c0009c8:	01d2000c 	.word	0x01d2000c
 c0009cc:	000007ff 	.word	0x000007ff
 c0009d0:	01d20008 	.word	0x01d20008
 c0009d4:	000001cf 	.word	0x000001cf
 c0009d8:	01d20014 	.word	0x01d20014
 c0009dc:	01d20010 	.word	0x01d20010
 c0009e0:	0ff0ffff 	.word	0x0ff0ffff
 c0009e4:	01d20018 	.word	0x01d20018
 c0009e8:	000030ff 	.word	0x000030ff
 c0009ec:	01d20020 	.word	0x01d20020
 c0009f0:	01d2001c 	.word	0x01d2001c
 c0009f4:	0000aaaa 	.word	0x0000aaaa
 c0009f8:	01d20024 	.word	0x01d20024
 c0009fc:	01d2002c 	.word	0x01d2002c
 c000a00:	01d20028 	.word	0x01d20028
 c000a04:	00025529 	.word	0x00025529
 c000a08:	01d20030 	.word	0x01d20030
 c000a0c:	01d20038 	.word	0x01d20038
 c000a10:	01d20034 	.word	0x01d20034
 c000a14:	0000252a 	.word	0x0000252a
 c000a18:	01d2003c 	.word	0x01d2003c
 c000a1c:	01d20044 	.word	0x01d20044
 c000a20:	01d20040 	.word	0x01d20040
 c000a24:	0000ffff 	.word	0x0000ffff
 c000a28:	01d20048 	.word	0x01d20048
 c000a2c:	01d2004c 	.word	0x01d2004c
 c000a30:	01c00004 	.word	0x01c00004
 c000a34:	c0002000 	.word	0xc0002000
 c000a38:	01d20050 	.word	0x01d20050

0c000a3c <malloc>:

//--------------------------------HEAP---------------------------------//
void * malloc(unsigned nbyte) 
/*Very simple; Use malloc() & free() like Stack*/
//void *mallocPt=Image$$RW$$Limit;
{
 c000a3c:	e1a0c00d 	mov	ip, sp
 c000a40:	e92dd800 	push	{fp, ip, lr, pc}
 c000a44:	e24cb004 	sub	fp, ip, #4
 c000a48:	e24dd010 	sub	sp, sp, #16
 c000a4c:	e50b0018 	str	r0, [fp, #-24]	; 0xffffffe8
    void *returnPt=mallocPt;
 c000a50:	e59f307c 	ldr	r3, [pc, #124]	; c000ad4 <malloc+0x98>
 c000a54:	e5933000 	ldr	r3, [r3]
 c000a58:	e50b3010 	str	r3, [fp, #-16]

    mallocPt= (int *)mallocPt+nbyte/4+((nbyte%4)>0); //to align 4byte
 c000a5c:	e59f3070 	ldr	r3, [pc, #112]	; c000ad4 <malloc+0x98>
 c000a60:	e5932000 	ldr	r2, [r3]
 c000a64:	e51b3018 	ldr	r3, [fp, #-24]	; 0xffffffe8
 c000a68:	e1a01123 	lsr	r1, r3, #2
 c000a6c:	e51b3018 	ldr	r3, [fp, #-24]	; 0xffffffe8
 c000a70:	e2033003 	and	r3, r3, #3
 c000a74:	e3530000 	cmp	r3, #0
 c000a78:	03a03000 	moveq	r3, #0
 c000a7c:	13a03001 	movne	r3, #1
 c000a80:	e0813003 	add	r3, r1, r3
 c000a84:	e1a03103 	lsl	r3, r3, #2
 c000a88:	e0822003 	add	r2, r2, r3
 c000a8c:	e59f3040 	ldr	r3, [pc, #64]	; c000ad4 <malloc+0x98>
 c000a90:	e5832000 	str	r2, [r3]

    if( (int)mallocPt > HEAPEND )
 c000a94:	e59f3038 	ldr	r3, [pc, #56]	; c000ad4 <malloc+0x98>
 c000a98:	e5933000 	ldr	r3, [r3]
 c000a9c:	e1a02003 	mov	r2, r3
 c000aa0:	e59f3030 	ldr	r3, [pc, #48]	; c000ad8 <malloc+0x9c>
 c000aa4:	e1520003 	cmp	r2, r3
 c000aa8:	da000004 	ble	c000ac0 <malloc+0x84>
    {
		mallocPt=returnPt;
 c000aac:	e59f3020 	ldr	r3, [pc, #32]	; c000ad4 <malloc+0x98>
 c000ab0:	e51b2010 	ldr	r2, [fp, #-16]
 c000ab4:	e5832000 	str	r2, [r3]
		return NULL;
 c000ab8:	e3a03000 	mov	r3, #0
 c000abc:	ea000000 	b	c000ac4 <malloc+0x88>
    }
    return returnPt;
 c000ac0:	e51b3010 	ldr	r3, [fp, #-16]
}
 c000ac4:	e1a00003 	mov	r0, r3
 c000ac8:	e24bd00c 	sub	sp, fp, #12
 c000acc:	e89d6800 	ldm	sp, {fp, sp, lr}
 c000ad0:	e12fff1e 	bx	lr
 c000ad4:	0c0015bc 	.word	0x0c0015bc
 c000ad8:	0c7ff000 	.word	0x0c7ff000

0c000adc <free>:

void free(void *pt)
{
 c000adc:	e1a0c00d 	mov	ip, sp
 c000ae0:	e92dd800 	push	{fp, ip, lr, pc}
 c000ae4:	e24cb004 	sub	fp, ip, #4
 c000ae8:	e24dd008 	sub	sp, sp, #8
 c000aec:	e50b0010 	str	r0, [fp, #-16]
    mallocPt=pt;
 c000af0:	e59f3010 	ldr	r3, [pc, #16]	; c000b08 <free+0x2c>
 c000af4:	e51b2010 	ldr	r2, [fp, #-16]
 c000af8:	e5832000 	str	r2, [r3]
}
 c000afc:	e24bd00c 	sub	sp, fp, #12
 c000b00:	e89d6800 	ldm	sp, {fp, sp, lr}
 c000b04:	e12fff1e 	bx	lr
 c000b08:	0c0015bc 	.word	0x0c0015bc

0c000b0c <sys_init>:

//--------------------------------INIT---------------------------------//
void sys_init()// Interrupt & Port
{
 c000b0c:	e1a0c00d 	mov	ip, sp
 c000b10:	e92dd800 	push	{fp, ip, lr, pc}
 c000b14:	e24cb004 	sub	fp, ip, #4
    /* enable interrupt */
	rINTMOD=0x0;
 c000b18:	e59f304c 	ldr	r3, [pc, #76]	; c000b6c <sys_init+0x60>
 c000b1c:	e3a02000 	mov	r2, #0
 c000b20:	e5832000 	str	r2, [r3]
	rINTCON=0x1;
 c000b24:	e3a0361e 	mov	r3, #31457280	; 0x1e00000
 c000b28:	e3a02001 	mov	r2, #1
 c000b2c:	e5832000 	str	r2, [r3]
    rI_ISPC = 0xffffffff;			/* clear all interrupt pend	*/
 c000b30:	e59f3038 	ldr	r3, [pc, #56]	; c000b70 <sys_init+0x64>
 c000b34:	e3e02000 	mvn	r2, #0
 c000b38:	e5832000 	str	r2, [r3]
	rEXTINTPND = 0xf;				// clear EXTINTPND reg
 c000b3c:	e59f3030 	ldr	r3, [pc, #48]	; c000b74 <sys_init+0x68>
 c000b40:	e3a0200f 	mov	r2, #15
 c000b44:	e5832000 	str	r2, [r3]
	Port_Init();					/* Initial 44B0X's I/O port */	
 c000b48:	ebffff57 	bl	c0008ac <Port_Init>
	Delay(0);						/* delay time				*/
 c000b4c:	e3a00000 	mov	r0, #0
 c000b50:	ebfffeee 	bl	c000710 <Delay>
	rINTMSK    = ~(BIT_GLOBAL); // Emascara todas las lineas excepto bit global
 c000b54:	e59f301c 	ldr	r3, [pc, #28]	; c000b78 <sys_init+0x6c>
 c000b58:	e3e02301 	mvn	r2, #67108864	; 0x4000000
 c000b5c:	e5832000 	str	r2, [r3]

}
 c000b60:	e24bd00c 	sub	sp, fp, #12
 c000b64:	e89d6800 	ldm	sp, {fp, sp, lr}
 c000b68:	e12fff1e 	bx	lr
 c000b6c:	01e00008 	.word	0x01e00008
 c000b70:	01e00024 	.word	0x01e00024
 c000b74:	01d20054 	.word	0x01d20054
 c000b78:	01e0000c 	.word	0x01e0000c

0c000b7c <D8Led_init>:
void D8Led_init(void);
void D8Led_symbol(int value); 

/*--- código de las funciones ---*/
void D8Led_init(void)
{
 c000b7c:	e1a0c00d 	mov	ip, sp
 c000b80:	e92dd800 	push	{fp, ip, lr, pc}
 c000b84:	e24cb004 	sub	fp, ip, #4
    /* Estado inicial del display con todos los segmentos iluminados 
       (buscar en los ficheros de cabera la direccion implicada) */
    LED8ADDR = 0x0;
 c000b88:	e3a03785 	mov	r3, #34865152	; 0x2140000
 c000b8c:	e3a02000 	mov	r2, #0
 c000b90:	e5c32000 	strb	r2, [r3]
}
 c000b94:	e24bd00c 	sub	sp, fp, #12
 c000b98:	e89d6800 	ldm	sp, {fp, sp, lr}
 c000b9c:	e12fff1e 	bx	lr

0c000ba0 <D8Led_symbol>:

void D8Led_symbol(int value)
{
 c000ba0:	e1a0c00d 	mov	ip, sp
 c000ba4:	e92dd800 	push	{fp, ip, lr, pc}
 c000ba8:	e24cb004 	sub	fp, ip, #4
 c000bac:	e24dd008 	sub	sp, sp, #8
 c000bb0:	e50b0010 	str	r0, [fp, #-16]
	/* muestra el Symbol[value] en el display (analogo al caso anterior) */
	if( (value >= 0) && (value < 16) )
 c000bb4:	e51b3010 	ldr	r3, [fp, #-16]
 c000bb8:	e3530000 	cmp	r3, #0
 c000bbc:	ba000008 	blt	c000be4 <D8Led_symbol+0x44>
 c000bc0:	e51b3010 	ldr	r3, [fp, #-16]
 c000bc4:	e353000f 	cmp	r3, #15
 c000bc8:	ca000005 	bgt	c000be4 <D8Led_symbol+0x44>
		LED8ADDR = Symbol[value];
 c000bcc:	e3a03785 	mov	r3, #34865152	; 0x2140000
 c000bd0:	e59f2018 	ldr	r2, [pc, #24]	; c000bf0 <D8Led_symbol+0x50>
 c000bd4:	e51b1010 	ldr	r1, [fp, #-16]
 c000bd8:	e7922101 	ldr	r2, [r2, r1, lsl #2]
 c000bdc:	e20220ff 	and	r2, r2, #255	; 0xff
 c000be0:	e5c32000 	strb	r2, [r3]
}
 c000be4:	e24bd00c 	sub	sp, fp, #12
 c000be8:	e89d6800 	ldm	sp, {fp, sp, lr}
 c000bec:	e12fff1e 	bx	lr
 c000bf0:	0c0015c8 	.word	0x0c0015c8

0c000bf4 <inserta>:
 *      Author: usuario_local
 */

#include "cola.h"

void inserta (tCola* cola, char c) {
 c000bf4:	e1a0c00d 	mov	ip, sp
 c000bf8:	e92dd800 	push	{fp, ip, lr, pc}
 c000bfc:	e24cb004 	sub	fp, ip, #4
 c000c00:	e24dd008 	sub	sp, sp, #8
 c000c04:	e50b0010 	str	r0, [fp, #-16]
 c000c08:	e1a03001 	mov	r3, r1
 c000c0c:	e54b3011 	strb	r3, [fp, #-17]	; 0xffffffef

	cola->elems = ((cola->elems == 4) ? cola->elems : cola->elems +1);
 c000c10:	e51b3010 	ldr	r3, [fp, #-16]
 c000c14:	e1d330b4 	ldrh	r3, [r3, #4]
 c000c18:	e3530004 	cmp	r3, #4
 c000c1c:	1a000002 	bne	c000c2c <inserta+0x38>
 c000c20:	e51b3010 	ldr	r3, [fp, #-16]
 c000c24:	e1d330b4 	ldrh	r3, [r3, #4]
 c000c28:	ea000004 	b	c000c40 <inserta+0x4c>
 c000c2c:	e51b3010 	ldr	r3, [fp, #-16]
 c000c30:	e1d330b4 	ldrh	r3, [r3, #4]
 c000c34:	e2833001 	add	r3, r3, #1
 c000c38:	e1a03803 	lsl	r3, r3, #16
 c000c3c:	e1a03823 	lsr	r3, r3, #16
 c000c40:	e51b2010 	ldr	r2, [fp, #-16]
 c000c44:	e1c230b4 	strh	r3, [r2, #4]
	cola->vector = cola-> vector<<(8) | c;
 c000c48:	e51b3010 	ldr	r3, [fp, #-16]
 c000c4c:	e5933000 	ldr	r3, [r3]
 c000c50:	e1a02403 	lsl	r2, r3, #8
 c000c54:	e55b3011 	ldrb	r3, [fp, #-17]	; 0xffffffef
 c000c58:	e1822003 	orr	r2, r2, r3
 c000c5c:	e51b3010 	ldr	r3, [fp, #-16]
 c000c60:	e5832000 	str	r2, [r3]
}
 c000c64:	e24bd00c 	sub	sp, fp, #12
 c000c68:	e89d6800 	ldm	sp, {fp, sp, lr}
 c000c6c:	e12fff1e 	bx	lr

0c000c70 <asigna>:

void asigna (tCola* izq, tCola der) {
 c000c70:	e1a0c00d 	mov	ip, sp
 c000c74:	e92dd800 	push	{fp, ip, lr, pc}
 c000c78:	e24cb004 	sub	fp, ip, #4
 c000c7c:	e24dd010 	sub	sp, sp, #16
 c000c80:	e50b0010 	str	r0, [fp, #-16]
 c000c84:	e24b3018 	sub	r3, fp, #24
 c000c88:	e8830006 	stm	r3, {r1, r2}
	izq->vector = der.vector;
 c000c8c:	e51b2018 	ldr	r2, [fp, #-24]	; 0xffffffe8
 c000c90:	e51b3010 	ldr	r3, [fp, #-16]
 c000c94:	e5832000 	str	r2, [r3]
	izq->elems = 4;
 c000c98:	e51b3010 	ldr	r3, [fp, #-16]
 c000c9c:	e3a02004 	mov	r2, #4
 c000ca0:	e1c320b4 	strh	r2, [r3, #4]
}
 c000ca4:	e24bd00c 	sub	sp, fp, #12
 c000ca8:	e89d6800 	ldm	sp, {fp, sp, lr}
 c000cac:	e12fff1e 	bx	lr

0c000cb0 <muestra>:

void muestra(tCola cola) {
 c000cb0:	e1a0c00d 	mov	ip, sp
 c000cb4:	e92dd800 	push	{fp, ip, lr, pc}
 c000cb8:	e24cb004 	sub	fp, ip, #4
 c000cbc:	e24dd008 	sub	sp, sp, #8
 c000cc0:	e24b3014 	sub	r3, fp, #20
 c000cc4:	e8830003 	stm	r3, {r0, r1}
//pasar el control al timer
	bufferDisplay = cola;
 c000cc8:	e59f3034 	ldr	r3, [pc, #52]	; c000d04 <muestra+0x54>
 c000ccc:	e24b2014 	sub	r2, fp, #20
 c000cd0:	e8920003 	ldm	r2, {r0, r1}
 c000cd4:	e8830003 	stm	r3, {r0, r1}
	modo = 1;
 c000cd8:	e59f3028 	ldr	r3, [pc, #40]	; c000d08 <muestra+0x58>
 c000cdc:	e3a02001 	mov	r2, #1
 c000ce0:	e5832000 	str	r2, [r3]

	while(modo == 1) {}
 c000ce4:	e1a00000 	nop			; (mov r0, r0)
 c000ce8:	e59f3018 	ldr	r3, [pc, #24]	; c000d08 <muestra+0x58>
 c000cec:	e5933000 	ldr	r3, [r3]
 c000cf0:	e3530001 	cmp	r3, #1
 c000cf4:	0afffffb 	beq	c000ce8 <muestra+0x38>
}
 c000cf8:	e24bd00c 	sub	sp, fp, #12
 c000cfc:	e89d6800 	ldm	sp, {fp, sp, lr}
 c000d00:	e12fff1e 	bx	lr
 c000d04:	0c00162c 	.word	0x0c00162c
 c000d08:	0c001634 	.word	0x0c001634

0c000d0c <game>:
#include "game.h"

extern char key;
extern int modo;

void game() {
 c000d0c:	e1a0c00d 	mov	ip, sp
 c000d10:	e92dd800 	push	{fp, ip, lr, pc}
 c000d14:	e24cb004 	sub	fp, ip, #4
 c000d18:	e24dd010 	sub	sp, sp, #16

	tCola clave;
	clave = bucleLectura();
 c000d1c:	e24b3014 	sub	r3, fp, #20
 c000d20:	e1a00003 	mov	r0, r3
 c000d24:	eb00002d 	bl	c000de0 <bucleLectura>

	muestra(clave);
 c000d28:	e24b3014 	sub	r3, fp, #20
 c000d2c:	e8930003 	ldm	r3, {r0, r1}
 c000d30:	ebffffde 	bl	c000cb0 <muestra>

	tCola introducida;
	introducida.elems = 0;
 c000d34:	e3a03000 	mov	r3, #0
 c000d38:	e14b31b8 	strh	r3, [fp, #-24]	; 0xffffffe8

	do {
		D8Led_symbol(0xf);
 c000d3c:	e3a0000f 	mov	r0, #15
 c000d40:	ebffff96 	bl	c000ba0 <D8Led_symbol>

		buff.elems = 0;
 c000d44:	e59f308c 	ldr	r3, [pc, #140]	; c000dd8 <game+0xcc>
 c000d48:	e3a02000 	mov	r2, #0
 c000d4c:	e1c320b4 	strh	r2, [r3, #4]
		introducida = bucleLectura();
 c000d50:	e24b301c 	sub	r3, fp, #28
 c000d54:	e1a00003 	mov	r0, r3
 c000d58:	eb000020 	bl	c000de0 <bucleLectura>
		muestra(introducida);
 c000d5c:	e24b301c 	sub	r3, fp, #28
 c000d60:	e8930003 	ldm	r3, {r0, r1}
 c000d64:	ebffffd1 	bl	c000cb0 <muestra>

		introducida.elems = 0;
 c000d68:	e3a03000 	mov	r3, #0
 c000d6c:	e14b31b8 	strh	r3, [fp, #-24]	; 0xffffffe8
		if(introducida.vector != clave.vector) {
 c000d70:	e51b201c 	ldr	r2, [fp, #-28]	; 0xffffffe4
 c000d74:	e51b3014 	ldr	r3, [fp, #-20]	; 0xffffffec
 c000d78:	e1520003 	cmp	r2, r3
 c000d7c:	0a00000a 	beq	c000dac <game+0xa0>
			D8Led_symbol(0xE);
 c000d80:	e3a0000e 	mov	r0, #14
 c000d84:	ebffff85 	bl	c000ba0 <D8Led_symbol>
			//error
			modo = 3;
 c000d88:	e59f304c 	ldr	r3, [pc, #76]	; c000ddc <game+0xd0>
 c000d8c:	e3a02003 	mov	r2, #3
 c000d90:	e5832000 	str	r2, [r3]
			while (modo == 3) {}
 c000d94:	e1a00000 	nop			; (mov r0, r0)
 c000d98:	e59f303c 	ldr	r3, [pc, #60]	; c000ddc <game+0xd0>
 c000d9c:	e5933000 	ldr	r3, [r3]
 c000da0:	e3530003 	cmp	r3, #3
 c000da4:	0afffffb 	beq	c000d98 <game+0x8c>
			//acierto
			modo = 3;
			while (modo == 3) {}
		}

	} while (1);
 c000da8:	eaffffe3 	b	c000d3c <game+0x30>
			D8Led_symbol(0xE);
			//error
			modo = 3;
			while (modo == 3) {}
		} else {
			D8Led_symbol(0xA);
 c000dac:	e3a0000a 	mov	r0, #10
 c000db0:	ebffff7a 	bl	c000ba0 <D8Led_symbol>
			//acierto
			modo = 3;
 c000db4:	e59f3020 	ldr	r3, [pc, #32]	; c000ddc <game+0xd0>
 c000db8:	e3a02003 	mov	r2, #3
 c000dbc:	e5832000 	str	r2, [r3]
			while (modo == 3) {}
 c000dc0:	e1a00000 	nop			; (mov r0, r0)
 c000dc4:	e59f3010 	ldr	r3, [pc, #16]	; c000ddc <game+0xd0>
 c000dc8:	e5933000 	ldr	r3, [r3]
 c000dcc:	e3530003 	cmp	r3, #3
 c000dd0:	0afffffb 	beq	c000dc4 <game+0xb8>
		}

	} while (1);
 c000dd4:	eaffffd8 	b	c000d3c <game+0x30>
 c000dd8:	0c00161c 	.word	0x0c00161c
 c000ddc:	0c001634 	.word	0x0c001634

0c000de0 <bucleLectura>:

}

tCola bucleLectura() {
 c000de0:	e1a0c00d 	mov	ip, sp
 c000de4:	e92dd810 	push	{r4, fp, ip, lr, pc}
 c000de8:	e24cb004 	sub	fp, ip, #4
 c000dec:	e24dd00c 	sub	sp, sp, #12
 c000df0:	e1a04000 	mov	r4, r0

	tCola clave;

	while (key != 0xF || buff.elems < 4) {
 c000df4:	e1a00000 	nop			; (mov r0, r0)
 c000df8:	e59f304c 	ldr	r3, [pc, #76]	; c000e4c <bucleLectura+0x6c>
 c000dfc:	e5d33000 	ldrb	r3, [r3]
 c000e00:	e353000f 	cmp	r3, #15
 c000e04:	1afffffb 	bne	c000df8 <bucleLectura+0x18>
 c000e08:	e59f3040 	ldr	r3, [pc, #64]	; c000e50 <bucleLectura+0x70>
 c000e0c:	e1d330b4 	ldrh	r3, [r3, #4]
 c000e10:	e3530003 	cmp	r3, #3
 c000e14:	9afffff7 	bls	c000df8 <bucleLectura+0x18>
		//lectura por interrupciones
	};

	asigna(&clave, buff);
 c000e18:	e24b201c 	sub	r2, fp, #28
 c000e1c:	e59f302c 	ldr	r3, [pc, #44]	; c000e50 <bucleLectura+0x70>
 c000e20:	e1a00002 	mov	r0, r2
 c000e24:	e8930006 	ldm	r3, {r1, r2}
 c000e28:	ebffff90 	bl	c000c70 <asigna>

	//muestra(clave);

	return clave;
 c000e2c:	e1a03004 	mov	r3, r4
 c000e30:	e24b201c 	sub	r2, fp, #28
 c000e34:	e8920003 	ldm	r2, {r0, r1}
 c000e38:	e8830003 	stm	r3, {r0, r1}
}
 c000e3c:	e1a00004 	mov	r0, r4
 c000e40:	e24bd010 	sub	sp, fp, #16
 c000e44:	e89d6810 	ldm	sp, {r4, fp, sp, lr}
 c000e48:	e12fff1e 	bx	lr
 c000e4c:	0c001624 	.word	0x0c001624
 c000e50:	0c00161c 	.word	0x0c00161c

0c000e54 <init_keyboard>:

char key;

/*--- Codigo de las funciones ---*/
void init_keyboard()
{
 c000e54:	e1a0c00d 	mov	ip, sp
 c000e58:	e92dd800 	push	{fp, ip, lr, pc}
 c000e5c:	e24cb004 	sub	fp, ip, #4
	rI_ISPC = 0xFFFFFFFF;
 c000e60:	e59f3084 	ldr	r3, [pc, #132]	; c000eec <init_keyboard+0x98>
 c000e64:	e3e02000 	mvn	r2, #0
 c000e68:	e5832000 	str	r2, [r3]
	rINTMOD = 0;							// Configura las linas como de tipo IRQ mediante rINTMOD
 c000e6c:	e59f307c 	ldr	r3, [pc, #124]	; c000ef0 <init_keyboard+0x9c>
 c000e70:	e3a02000 	mov	r2, #0
 c000e74:	e5832000 	str	r2, [r3]

    rINTCON = 0b0000;
 c000e78:	e3a0361e 	mov	r3, #31457280	; 0x1e00000
 c000e7c:	e3a02000 	mov	r2, #0
 c000e80:	e5832000 	str	r2, [r3]
	rINTMSK &= ~(BIT_GLOBAL|BIT_EINT1);
 c000e84:	e59f3068 	ldr	r3, [pc, #104]	; c000ef4 <init_keyboard+0xa0>
 c000e88:	e59f2064 	ldr	r2, [pc, #100]	; c000ef4 <init_keyboard+0xa0>
 c000e8c:	e5922000 	ldr	r2, [r2]
 c000e90:	e3c22405 	bic	r2, r2, #83886080	; 0x5000000
 c000e94:	e5832000 	str	r2, [r3]

	pISR_EINT1 = (unsigned) key_ISR;
 c000e98:	e59f3058 	ldr	r3, [pc, #88]	; c000ef8 <init_keyboard+0xa4>
 c000e9c:	e59f2058 	ldr	r2, [pc, #88]	; c000efc <init_keyboard+0xa8>
 c000ea0:	e5832000 	str	r2, [r3]

	rPCONG = 0xFFFF;
 c000ea4:	e59f3054 	ldr	r3, [pc, #84]	; c000f00 <init_keyboard+0xac>
 c000ea8:	e59f2054 	ldr	r2, [pc, #84]	; c000f04 <init_keyboard+0xb0>
 c000eac:	e5832000 	str	r2, [r3]
	rPUPG = 0x0;
 c000eb0:	e59f3050 	ldr	r3, [pc, #80]	; c000f08 <init_keyboard+0xb4>
 c000eb4:	e3a02000 	mov	r2, #0
 c000eb8:	e5832000 	str	r2, [r3]
	rEXTINT = rEXTINT|0x22222222;   // Configura las lineas de int. como de flanco de bajada
 c000ebc:	e59f2048 	ldr	r2, [pc, #72]	; c000f0c <init_keyboard+0xb8>
 c000ec0:	e59f3044 	ldr	r3, [pc, #68]	; c000f0c <init_keyboard+0xb8>
 c000ec4:	e5931000 	ldr	r1, [r3]
 c000ec8:	e59f3040 	ldr	r3, [pc, #64]	; c000f10 <init_keyboard+0xbc>
 c000ecc:	e1813003 	orr	r3, r1, r3
 c000ed0:	e5823000 	str	r3, [r2]

	rI_ISPC = 0xFFFFFFFF;
 c000ed4:	e59f3010 	ldr	r3, [pc, #16]	; c000eec <init_keyboard+0x98>
 c000ed8:	e3e02000 	mvn	r2, #0
 c000edc:	e5832000 	str	r2, [r3]
}
 c000ee0:	e24bd00c 	sub	sp, fp, #12
 c000ee4:	e89d6800 	ldm	sp, {fp, sp, lr}
 c000ee8:	e12fff1e 	bx	lr
 c000eec:	01e00024 	.word	0x01e00024
 c000ef0:	01e00008 	.word	0x01e00008
 c000ef4:	01e0000c 	.word	0x01e0000c
 c000ef8:	0c7fff80 	.word	0x0c7fff80
 c000efc:	0c000f14 	.word	0x0c000f14
 c000f00:	01d20040 	.word	0x01d20040
 c000f04:	0000ffff 	.word	0x0000ffff
 c000f08:	01d20048 	.word	0x01d20048
 c000f0c:	01d20050 	.word	0x01d20050
 c000f10:	22222222 	.word	0x22222222

0c000f14 <key_ISR>:

void key_ISR(void)
{
 c000f14:	e52dc004 	push	{ip}		; (str ip, [sp, #-4]!)
 c000f18:	e1a0c00d 	mov	ip, sp
 c000f1c:	e92dd80f 	push	{r0, r1, r2, r3, fp, ip, lr, pc}
 c000f20:	e24cb004 	sub	fp, ip, #4
	Delay(100);
 c000f24:	e3a00064 	mov	r0, #100	; 0x64
 c000f28:	ebfffdf8 	bl	c000710 <Delay>
	key = key_read();
 c000f2c:	eb00001a 	bl	c000f9c <key_read>
 c000f30:	e1a03000 	mov	r3, r0
 c000f34:	e1a02003 	mov	r2, r3
 c000f38:	e59f3050 	ldr	r3, [pc, #80]	; c000f90 <key_ISR+0x7c>
 c000f3c:	e5c32000 	strb	r2, [r3]

	if (key < 0xF)
 c000f40:	e59f3048 	ldr	r3, [pc, #72]	; c000f90 <key_ISR+0x7c>
 c000f44:	e5d33000 	ldrb	r3, [r3]
 c000f48:	e353000e 	cmp	r3, #14
 c000f4c:	8a000004 	bhi	c000f64 <key_ISR+0x50>
		inserta(&buff, key);
 c000f50:	e59f3038 	ldr	r3, [pc, #56]	; c000f90 <key_ISR+0x7c>
 c000f54:	e5d33000 	ldrb	r3, [r3]
 c000f58:	e59f0034 	ldr	r0, [pc, #52]	; c000f94 <key_ISR+0x80>
 c000f5c:	e1a01003 	mov	r1, r3
 c000f60:	ebffff23 	bl	c000bf4 <inserta>

	Delay(100);
 c000f64:	e3a00064 	mov	r0, #100	; 0x64
 c000f68:	ebfffde8 	bl	c000710 <Delay>
	/*FIN ISR*/
	rI_ISPC |= BIT_EINT1;
 c000f6c:	e59f3024 	ldr	r3, [pc, #36]	; c000f98 <key_ISR+0x84>
 c000f70:	e59f2020 	ldr	r2, [pc, #32]	; c000f98 <key_ISR+0x84>
 c000f74:	e5922000 	ldr	r2, [r2]
 c000f78:	e3822401 	orr	r2, r2, #16777216	; 0x1000000
 c000f7c:	e5832000 	str	r2, [r3]
	//rI_ISPC = 0xFFFFFFFF;
}
 c000f80:	e24bd01c 	sub	sp, fp, #28
 c000f84:	e89d680f 	ldm	sp, {r0, r1, r2, r3, fp, sp, lr}
 c000f88:	e49dc004 	pop	{ip}		; (ldr ip, [sp], #4)
 c000f8c:	e25ef004 	subs	pc, lr, #4
 c000f90:	0c001624 	.word	0x0c001624
 c000f94:	0c00161c 	.word	0x0c00161c
 c000f98:	01e00024 	.word	0x01e00024

0c000f9c <key_read>:

// Funcion que devuelve un entero (0..15) que
// representa la tecla pulsada
// Debe invocarse desde la rutina de tratamiento de interrupcin
char key_read()
{
 c000f9c:	e1a0c00d 	mov	ip, sp
 c000fa0:	e92dd800 	push	{fp, ip, lr, pc}
 c000fa4:	e24cb004 	sub	fp, ip, #4
 c000fa8:	e24dd008 	sub	sp, sp, #8
	char value;
	char temp;
	/* leer linea 1 */
	temp = *(keyboard_base+0xfd);
 c000fac:	e59f326c 	ldr	r3, [pc, #620]	; c001220 <key_read+0x284>
 c000fb0:	e5933000 	ldr	r3, [r3]
 c000fb4:	e28330fd 	add	r3, r3, #253	; 0xfd
 c000fb8:	e5d33000 	ldrb	r3, [r3]
 c000fbc:	e54b300e 	strb	r3, [fp, #-14]
	if(( temp & KEY_VALUE_MASK) != KEY_VALUE_MASK)
 c000fc0:	e55b300e 	ldrb	r3, [fp, #-14]
 c000fc4:	e203300f 	and	r3, r3, #15
 c000fc8:	e353000f 	cmp	r3, #15
 c000fcc:	0a00001c 	beq	c001044 <key_read+0xa8>
	{
		if( (temp&0x1) == 0 )
 c000fd0:	e55b300e 	ldrb	r3, [fp, #-14]
 c000fd4:	e2033001 	and	r3, r3, #1
 c000fd8:	e3530000 	cmp	r3, #0
 c000fdc:	1a000002 	bne	c000fec <key_read+0x50>
			value = 3;
 c000fe0:	e3a03003 	mov	r3, #3
 c000fe4:	e54b300d 	strb	r3, [fp, #-13]
 c000fe8:	ea000013 	b	c00103c <key_read+0xa0>
		else if( (temp&0x2) == 0 )
 c000fec:	e55b300e 	ldrb	r3, [fp, #-14]
 c000ff0:	e2033002 	and	r3, r3, #2
 c000ff4:	e3530000 	cmp	r3, #0
 c000ff8:	1a000002 	bne	c001008 <key_read+0x6c>
			value = 2;
 c000ffc:	e3a03002 	mov	r3, #2
 c001000:	e54b300d 	strb	r3, [fp, #-13]
 c001004:	ea00000c 	b	c00103c <key_read+0xa0>
		else if( (temp&0x4) == 0 )
 c001008:	e55b300e 	ldrb	r3, [fp, #-14]
 c00100c:	e2033004 	and	r3, r3, #4
 c001010:	e3530000 	cmp	r3, #0
 c001014:	1a000002 	bne	c001024 <key_read+0x88>
			value = 1;
 c001018:	e3a03001 	mov	r3, #1
 c00101c:	e54b300d 	strb	r3, [fp, #-13]
 c001020:	ea000005 	b	c00103c <key_read+0xa0>
		else if( (temp&0x8) == 0 )
 c001024:	e55b300e 	ldrb	r3, [fp, #-14]
 c001028:	e2033008 	and	r3, r3, #8
 c00102c:	e3530000 	cmp	r3, #0
 c001030:	1a000001 	bne	c00103c <key_read+0xa0>
			value = 0;
 c001034:	e3a03000 	mov	r3, #0
 c001038:	e54b300d 	strb	r3, [fp, #-13]
		return value;
 c00103c:	e55b300d 	ldrb	r3, [fp, #-13]
 c001040:	ea000072 	b	c001210 <key_read+0x274>
	}
	/* linea 2 */
	temp = *(keyboard_base+0xfb);
 c001044:	e59f31d4 	ldr	r3, [pc, #468]	; c001220 <key_read+0x284>
 c001048:	e5933000 	ldr	r3, [r3]
 c00104c:	e28330fb 	add	r3, r3, #251	; 0xfb
 c001050:	e5d33000 	ldrb	r3, [r3]
 c001054:	e54b300e 	strb	r3, [fp, #-14]
	if(( temp & KEY_VALUE_MASK) != KEY_VALUE_MASK)
 c001058:	e55b300e 	ldrb	r3, [fp, #-14]
 c00105c:	e203300f 	and	r3, r3, #15
 c001060:	e353000f 	cmp	r3, #15
 c001064:	0a00001c 	beq	c0010dc <key_read+0x140>
	{
		if( (temp&0x1) == 0 )
 c001068:	e55b300e 	ldrb	r3, [fp, #-14]
 c00106c:	e2033001 	and	r3, r3, #1
 c001070:	e3530000 	cmp	r3, #0
 c001074:	1a000002 	bne	c001084 <key_read+0xe8>
			value = 7;
 c001078:	e3a03007 	mov	r3, #7
 c00107c:	e54b300d 	strb	r3, [fp, #-13]
 c001080:	ea000013 	b	c0010d4 <key_read+0x138>
		else if( (temp&0x2) == 0 )
 c001084:	e55b300e 	ldrb	r3, [fp, #-14]
 c001088:	e2033002 	and	r3, r3, #2
 c00108c:	e3530000 	cmp	r3, #0
 c001090:	1a000002 	bne	c0010a0 <key_read+0x104>
			value = 6;
 c001094:	e3a03006 	mov	r3, #6
 c001098:	e54b300d 	strb	r3, [fp, #-13]
 c00109c:	ea00000c 	b	c0010d4 <key_read+0x138>
		else if( (temp&0x4) == 0 )
 c0010a0:	e55b300e 	ldrb	r3, [fp, #-14]
 c0010a4:	e2033004 	and	r3, r3, #4
 c0010a8:	e3530000 	cmp	r3, #0
 c0010ac:	1a000002 	bne	c0010bc <key_read+0x120>
			value = 5;
 c0010b0:	e3a03005 	mov	r3, #5
 c0010b4:	e54b300d 	strb	r3, [fp, #-13]
 c0010b8:	ea000005 	b	c0010d4 <key_read+0x138>
		else if( (temp&0x8) == 0 )
 c0010bc:	e55b300e 	ldrb	r3, [fp, #-14]
 c0010c0:	e2033008 	and	r3, r3, #8
 c0010c4:	e3530000 	cmp	r3, #0
 c0010c8:	1a000001 	bne	c0010d4 <key_read+0x138>
			value = 4;
 c0010cc:	e3a03004 	mov	r3, #4
 c0010d0:	e54b300d 	strb	r3, [fp, #-13]
		return value;
 c0010d4:	e55b300d 	ldrb	r3, [fp, #-13]
 c0010d8:	ea00004c 	b	c001210 <key_read+0x274>
	}
	/* linea 3 */
	temp = *(keyboard_base+0xf7);
 c0010dc:	e59f313c 	ldr	r3, [pc, #316]	; c001220 <key_read+0x284>
 c0010e0:	e5933000 	ldr	r3, [r3]
 c0010e4:	e28330f7 	add	r3, r3, #247	; 0xf7
 c0010e8:	e5d33000 	ldrb	r3, [r3]
 c0010ec:	e54b300e 	strb	r3, [fp, #-14]
	if(( temp & KEY_VALUE_MASK) != KEY_VALUE_MASK)
 c0010f0:	e55b300e 	ldrb	r3, [fp, #-14]
 c0010f4:	e203300f 	and	r3, r3, #15
 c0010f8:	e353000f 	cmp	r3, #15
 c0010fc:	0a00001c 	beq	c001174 <key_read+0x1d8>
	{
		if( (temp&0x1) == 0 )
 c001100:	e55b300e 	ldrb	r3, [fp, #-14]
 c001104:	e2033001 	and	r3, r3, #1
 c001108:	e3530000 	cmp	r3, #0
 c00110c:	1a000002 	bne	c00111c <key_read+0x180>
			value = 0xb;
 c001110:	e3a0300b 	mov	r3, #11
 c001114:	e54b300d 	strb	r3, [fp, #-13]
 c001118:	ea000013 	b	c00116c <key_read+0x1d0>
		else if( (temp&0x2) == 0 )
 c00111c:	e55b300e 	ldrb	r3, [fp, #-14]
 c001120:	e2033002 	and	r3, r3, #2
 c001124:	e3530000 	cmp	r3, #0
 c001128:	1a000002 	bne	c001138 <key_read+0x19c>
			value = 0xa;
 c00112c:	e3a0300a 	mov	r3, #10
 c001130:	e54b300d 	strb	r3, [fp, #-13]
 c001134:	ea00000c 	b	c00116c <key_read+0x1d0>
		else if( (temp&0x4) == 0 )
 c001138:	e55b300e 	ldrb	r3, [fp, #-14]
 c00113c:	e2033004 	and	r3, r3, #4
 c001140:	e3530000 	cmp	r3, #0
 c001144:	1a000002 	bne	c001154 <key_read+0x1b8>
			value = 9;
 c001148:	e3a03009 	mov	r3, #9
 c00114c:	e54b300d 	strb	r3, [fp, #-13]
 c001150:	ea000005 	b	c00116c <key_read+0x1d0>
		else if( (temp&0x8) == 0 )
 c001154:	e55b300e 	ldrb	r3, [fp, #-14]
 c001158:	e2033008 	and	r3, r3, #8
 c00115c:	e3530000 	cmp	r3, #0
 c001160:	1a000001 	bne	c00116c <key_read+0x1d0>
			value = 8;
 c001164:	e3a03008 	mov	r3, #8
 c001168:	e54b300d 	strb	r3, [fp, #-13]
		return value;
 c00116c:	e55b300d 	ldrb	r3, [fp, #-13]
 c001170:	ea000026 	b	c001210 <key_read+0x274>
	}
	/* linea 4 */
	temp = *(keyboard_base+0xef);
 c001174:	e59f30a4 	ldr	r3, [pc, #164]	; c001220 <key_read+0x284>
 c001178:	e5933000 	ldr	r3, [r3]
 c00117c:	e28330ef 	add	r3, r3, #239	; 0xef
 c001180:	e5d33000 	ldrb	r3, [r3]
 c001184:	e54b300e 	strb	r3, [fp, #-14]
	if(( temp & KEY_VALUE_MASK) != KEY_VALUE_MASK)
 c001188:	e55b300e 	ldrb	r3, [fp, #-14]
 c00118c:	e203300f 	and	r3, r3, #15
 c001190:	e353000f 	cmp	r3, #15
 c001194:	0a00001c 	beq	c00120c <key_read+0x270>
	{
		if( (temp&0x1) == 0 )
 c001198:	e55b300e 	ldrb	r3, [fp, #-14]
 c00119c:	e2033001 	and	r3, r3, #1
 c0011a0:	e3530000 	cmp	r3, #0
 c0011a4:	1a000002 	bne	c0011b4 <key_read+0x218>
			value = 0xf;
 c0011a8:	e3a0300f 	mov	r3, #15
 c0011ac:	e54b300d 	strb	r3, [fp, #-13]
 c0011b0:	ea000013 	b	c001204 <key_read+0x268>
		else if( (temp&0x2) == 0 )
 c0011b4:	e55b300e 	ldrb	r3, [fp, #-14]
 c0011b8:	e2033002 	and	r3, r3, #2
 c0011bc:	e3530000 	cmp	r3, #0
 c0011c0:	1a000002 	bne	c0011d0 <key_read+0x234>
			value = 0xe;
 c0011c4:	e3a0300e 	mov	r3, #14
 c0011c8:	e54b300d 	strb	r3, [fp, #-13]
 c0011cc:	ea00000c 	b	c001204 <key_read+0x268>
		else if( (temp&0x4) == 0 )
 c0011d0:	e55b300e 	ldrb	r3, [fp, #-14]
 c0011d4:	e2033004 	and	r3, r3, #4
 c0011d8:	e3530000 	cmp	r3, #0
 c0011dc:	1a000002 	bne	c0011ec <key_read+0x250>
			value = 0xd;
 c0011e0:	e3a0300d 	mov	r3, #13
 c0011e4:	e54b300d 	strb	r3, [fp, #-13]
 c0011e8:	ea000005 	b	c001204 <key_read+0x268>
		else if( (temp&0x8) == 0 )
 c0011ec:	e55b300e 	ldrb	r3, [fp, #-14]
 c0011f0:	e2033008 	and	r3, r3, #8
 c0011f4:	e3530000 	cmp	r3, #0
 c0011f8:	1a000001 	bne	c001204 <key_read+0x268>
			value = 0xc;
 c0011fc:	e3a0300c 	mov	r3, #12
 c001200:	e54b300d 	strb	r3, [fp, #-13]
		return value;
 c001204:	e55b300d 	ldrb	r3, [fp, #-13]
 c001208:	ea000000 	b	c001210 <key_read+0x274>
	}
	return -1;
 c00120c:	e3a030ff 	mov	r3, #255	; 0xff
}
 c001210:	e1a00003 	mov	r0, r3
 c001214:	e24bd00c 	sub	sp, fp, #12
 c001218:	e89d6800 	ldm	sp, {fp, sp, lr}
 c00121c:	e12fff1e 	bx	lr
 c001220:	0c001608 	.word	0x0c001608

0c001224 <main>:

/*--- funciones externas ---*/
extern void D8Led_symbol(int value);
/*--- codigo de las funciones ---*/
int main(void)
{	
 c001224:	e1a0c00d 	mov	ip, sp
 c001228:	e92dd800 	push	{fp, ip, lr, pc}
 c00122c:	e24cb004 	sub	fp, ip, #4
    sys_init();			/* Inicializacion de la placa, interrupciones, puertos y UART */
 c001230:	ebfffe35 	bl	c000b0c <sys_init>

    init_keyboard();
 c001234:	ebffff06 	bl	c000e54 <init_keyboard>
    init_timer();
 c001238:	eb00000a 	bl	c001268 <init_timer>

	D8Led_symbol(symbol);	/* muestra el simbolo inicial en el display */
 c00123c:	e59f3020 	ldr	r3, [pc, #32]	; c001264 <main+0x40>
 c001240:	e5933000 	ldr	r3, [r3]
 c001244:	e1a00003 	mov	r0, r3
 c001248:	ebfffe54 	bl	c000ba0 <D8Led_symbol>
		
    game();
 c00124c:	ebfffeae 	bl	c000d0c <game>

    return 0;
 c001250:	e3a03000 	mov	r3, #0
}
 c001254:	e1a00003 	mov	r0, r3
 c001258:	e24bd00c 	sub	sp, fp, #12
 c00125c:	e89d6800 	ldm	sp, {fp, sp, lr}
 c001260:	e12fff1e 	bx	lr
 c001264:	0c00160c 	.word	0x0c00160c

0c001268 <init_timer>:
int modo;
int i;

tCola bufferDisplay;

void init_timer() {
 c001268:	e1a0c00d 	mov	ip, sp
 c00126c:	e92dd800 	push	{fp, ip, lr, pc}
 c001270:	e24cb004 	sub	fp, ip, #4
	rINTMOD = 0;
 c001274:	e59f30a0 	ldr	r3, [pc, #160]	; c00131c <init_timer+0xb4>
 c001278:	e3a02000 	mov	r2, #0
 c00127c:	e5832000 	str	r2, [r3]

	rI_ISPC = 0xFFFFFFFF;
 c001280:	e59f3098 	ldr	r3, [pc, #152]	; c001320 <init_timer+0xb8>
 c001284:	e3e02000 	mvn	r2, #0
 c001288:	e5832000 	str	r2, [r3]

	rINTMOD=0x0;			/* Inicializamos las interrupciones */
 c00128c:	e59f3088 	ldr	r3, [pc, #136]	; c00131c <init_timer+0xb4>
 c001290:	e3a02000 	mov	r2, #0
 c001294:	e5832000 	str	r2, [r3]
	//rINTMOD |= BIT_TIMER0;

	rINTMSK &= ~(BIT_GLOBAL|BIT_TIMER0);
 c001298:	e59f2084 	ldr	r2, [pc, #132]	; c001324 <init_timer+0xbc>
 c00129c:	e59f3080 	ldr	r3, [pc, #128]	; c001324 <init_timer+0xbc>
 c0012a0:	e5933000 	ldr	r3, [r3]
 c0012a4:	e3c33301 	bic	r3, r3, #67108864	; 0x4000000
 c0012a8:	e3c33a02 	bic	r3, r3, #8192	; 0x2000
 c0012ac:	e5823000 	str	r3, [r2]

	pISR_TIMER0 = (unsigned) timer0_ISR;
 c0012b0:	e59f3070 	ldr	r3, [pc, #112]	; c001328 <init_timer+0xc0>
 c0012b4:	e59f2070 	ldr	r2, [pc, #112]	; c00132c <init_timer+0xc4>
 c0012b8:	e5832000 	str	r2, [r3]

	/* Configura el Timer0 */
    rTCFG0 = 255;
 c0012bc:	e59f306c 	ldr	r3, [pc, #108]	; c001330 <init_timer+0xc8>
 c0012c0:	e3a020ff 	mov	r2, #255	; 0xff
 c0012c4:	e5832000 	str	r2, [r3]
    rTCFG1 = 0x0;
 c0012c8:	e59f3064 	ldr	r3, [pc, #100]	; c001334 <init_timer+0xcc>
 c0012cc:	e3a02000 	mov	r2, #0
 c0012d0:	e5832000 	str	r2, [r3]
    rTCNTB0 = 65535;
 c0012d4:	e59f305c 	ldr	r3, [pc, #92]	; c001338 <init_timer+0xd0>
 c0012d8:	e59f205c 	ldr	r2, [pc, #92]	; c00133c <init_timer+0xd4>
 c0012dc:	e5832000 	str	r2, [r3]
    rTCMPB0 = 12800;
 c0012e0:	e59f3058 	ldr	r3, [pc, #88]	; c001340 <init_timer+0xd8>
 c0012e4:	e3a02c32 	mov	r2, #12800	; 0x3200
 c0012e8:	e5832000 	str	r2, [r3]
    /* establecer update=manual + inverter=on */
	rTCON = 0x2;
 c0012ec:	e59f3050 	ldr	r3, [pc, #80]	; c001344 <init_timer+0xdc>
 c0012f0:	e3a02002 	mov	r2, #2
 c0012f4:	e5832000 	str	r2, [r3]
	/* inicial timer con auto-reload */
    rTCON  = 0x09;
 c0012f8:	e59f3044 	ldr	r3, [pc, #68]	; c001344 <init_timer+0xdc>
 c0012fc:	e3a02009 	mov	r2, #9
 c001300:	e5832000 	str	r2, [r3]

	rI_ISPC = 0xFFFFFFFF;
 c001304:	e59f3014 	ldr	r3, [pc, #20]	; c001320 <init_timer+0xb8>
 c001308:	e3e02000 	mvn	r2, #0
 c00130c:	e5832000 	str	r2, [r3]
}
 c001310:	e24bd00c 	sub	sp, fp, #12
 c001314:	e89d6800 	ldm	sp, {fp, sp, lr}
 c001318:	e12fff1e 	bx	lr
 c00131c:	01e00008 	.word	0x01e00008
 c001320:	01e00024 	.word	0x01e00024
 c001324:	01e0000c 	.word	0x01e0000c
 c001328:	0c7fff54 	.word	0x0c7fff54
 c00132c:	0c001348 	.word	0x0c001348
 c001330:	01d50000 	.word	0x01d50000
 c001334:	01d50004 	.word	0x01d50004
 c001338:	01d5000c 	.word	0x01d5000c
 c00133c:	0000ffff 	.word	0x0000ffff
 c001340:	01d50010 	.word	0x01d50010
 c001344:	01d50008 	.word	0x01d50008

0c001348 <timer0_ISR>:

void timer0_ISR() {
 c001348:	e52dc004 	push	{ip}		; (str ip, [sp, #-4]!)
 c00134c:	e1a0c00d 	mov	ip, sp
 c001350:	e92dd80f 	push	{r0, r1, r2, r3, fp, ip, lr, pc}
 c001354:	e24cb004 	sub	fp, ip, #4
 c001358:	e24dd008 	sub	sp, sp, #8
	if (modo == 1) {
 c00135c:	e59f30f4 	ldr	r3, [pc, #244]	; c001458 <timer0_ISR+0x110>
 c001360:	e5933000 	ldr	r3, [r3]
 c001364:	e3530001 	cmp	r3, #1
 c001368:	1a00001d 	bne	c0013e4 <timer0_ISR+0x9c>
		if(i < 4) {
 c00136c:	e59f30e8 	ldr	r3, [pc, #232]	; c00145c <timer0_ISR+0x114>
 c001370:	e5933000 	ldr	r3, [r3]
 c001374:	e3530003 	cmp	r3, #3
 c001378:	ca000012 	bgt	c0013c8 <timer0_ISR+0x80>
			char aux;
			aux = (bufferDisplay.vector>>(24 - i*8)) & 0xF;
 c00137c:	e59f30dc 	ldr	r3, [pc, #220]	; c001460 <timer0_ISR+0x118>
 c001380:	e5932000 	ldr	r2, [r3]
 c001384:	e59f30d0 	ldr	r3, [pc, #208]	; c00145c <timer0_ISR+0x114>
 c001388:	e5933000 	ldr	r3, [r3]
 c00138c:	e2633003 	rsb	r3, r3, #3
 c001390:	e1a03183 	lsl	r3, r3, #3
 c001394:	e1a03352 	asr	r3, r2, r3
 c001398:	e20330ff 	and	r3, r3, #255	; 0xff
 c00139c:	e203300f 	and	r3, r3, #15
 c0013a0:	e54b301d 	strb	r3, [fp, #-29]	; 0xffffffe3

			D8Led_symbol(aux);
 c0013a4:	e55b301d 	ldrb	r3, [fp, #-29]	; 0xffffffe3
 c0013a8:	e1a00003 	mov	r0, r3
 c0013ac:	ebfffdfb 	bl	c000ba0 <D8Led_symbol>
			i++;
 c0013b0:	e59f30a4 	ldr	r3, [pc, #164]	; c00145c <timer0_ISR+0x114>
 c0013b4:	e5933000 	ldr	r3, [r3]
 c0013b8:	e2832001 	add	r2, r3, #1
 c0013bc:	e59f3098 	ldr	r3, [pc, #152]	; c00145c <timer0_ISR+0x114>
 c0013c0:	e5832000 	str	r2, [r3]
 c0013c4:	ea00001a 	b	c001434 <timer0_ISR+0xec>
		} else {
			i = 0;
 c0013c8:	e59f308c 	ldr	r3, [pc, #140]	; c00145c <timer0_ISR+0x114>
 c0013cc:	e3a02000 	mov	r2, #0
 c0013d0:	e5832000 	str	r2, [r3]
			modo = 2;
 c0013d4:	e59f307c 	ldr	r3, [pc, #124]	; c001458 <timer0_ISR+0x110>
 c0013d8:	e3a02002 	mov	r2, #2
 c0013dc:	e5832000 	str	r2, [r3]
 c0013e0:	ea000013 	b	c001434 <timer0_ISR+0xec>
		}
	} else if (modo == 3) {
 c0013e4:	e59f306c 	ldr	r3, [pc, #108]	; c001458 <timer0_ISR+0x110>
 c0013e8:	e5933000 	ldr	r3, [r3]
 c0013ec:	e3530003 	cmp	r3, #3
 c0013f0:	1a00000f 	bne	c001434 <timer0_ISR+0xec>
		if(i == 0)  {
 c0013f4:	e59f3060 	ldr	r3, [pc, #96]	; c00145c <timer0_ISR+0x114>
 c0013f8:	e5933000 	ldr	r3, [r3]
 c0013fc:	e3530000 	cmp	r3, #0
 c001400:	1a000005 	bne	c00141c <timer0_ISR+0xd4>
			i++;
 c001404:	e59f3050 	ldr	r3, [pc, #80]	; c00145c <timer0_ISR+0x114>
 c001408:	e5933000 	ldr	r3, [r3]
 c00140c:	e2832001 	add	r2, r3, #1
 c001410:	e59f3044 	ldr	r3, [pc, #68]	; c00145c <timer0_ISR+0x114>
 c001414:	e5832000 	str	r2, [r3]
 c001418:	ea000005 	b	c001434 <timer0_ISR+0xec>
		} else {
			i = 0;
 c00141c:	e59f3038 	ldr	r3, [pc, #56]	; c00145c <timer0_ISR+0x114>
 c001420:	e3a02000 	mov	r2, #0
 c001424:	e5832000 	str	r2, [r3]
			modo = 0;
 c001428:	e59f3028 	ldr	r3, [pc, #40]	; c001458 <timer0_ISR+0x110>
 c00142c:	e3a02000 	mov	r2, #0
 c001430:	e5832000 	str	r2, [r3]
		}
	}

	rI_ISPC |= BIT_TIMER0;
 c001434:	e59f3028 	ldr	r3, [pc, #40]	; c001464 <timer0_ISR+0x11c>
 c001438:	e59f2024 	ldr	r2, [pc, #36]	; c001464 <timer0_ISR+0x11c>
 c00143c:	e5922000 	ldr	r2, [r2]
 c001440:	e3822a02 	orr	r2, r2, #8192	; 0x2000
 c001444:	e5832000 	str	r2, [r3]
}
 c001448:	e24bd01c 	sub	sp, fp, #28
 c00144c:	e89d680f 	ldm	sp, {r0, r1, r2, r3, fp, sp, lr}
 c001450:	e49dc004 	pop	{ip}		; (ldr ip, [sp], #4)
 c001454:	e25ef004 	subs	pc, lr, #4
 c001458:	0c001634 	.word	0x0c001634
 c00145c:	0c001628 	.word	0x0c001628
 c001460:	0c00162c 	.word	0x0c00162c
 c001464:	01e00024 	.word	0x01e00024

0c001468 <__aeabi_idiv>:
 c001468:	e3510000 	cmp	r1, #0
 c00146c:	0a000043 	beq	c001580 <.divsi3_skip_div0_test+0x110>

0c001470 <.divsi3_skip_div0_test>:
 c001470:	e020c001 	eor	ip, r0, r1
 c001474:	42611000 	rsbmi	r1, r1, #0
 c001478:	e2512001 	subs	r2, r1, #1
 c00147c:	0a000027 	beq	c001520 <.divsi3_skip_div0_test+0xb0>
 c001480:	e1b03000 	movs	r3, r0
 c001484:	42603000 	rsbmi	r3, r0, #0
 c001488:	e1530001 	cmp	r3, r1
 c00148c:	9a000026 	bls	c00152c <.divsi3_skip_div0_test+0xbc>
 c001490:	e1110002 	tst	r1, r2
 c001494:	0a000028 	beq	c00153c <.divsi3_skip_div0_test+0xcc>
 c001498:	e311020e 	tst	r1, #-536870912	; 0xe0000000
 c00149c:	01a01181 	lsleq	r1, r1, #3
 c0014a0:	03a02008 	moveq	r2, #8
 c0014a4:	13a02001 	movne	r2, #1
 c0014a8:	e3510201 	cmp	r1, #268435456	; 0x10000000
 c0014ac:	31510003 	cmpcc	r1, r3
 c0014b0:	31a01201 	lslcc	r1, r1, #4
 c0014b4:	31a02202 	lslcc	r2, r2, #4
 c0014b8:	3afffffa 	bcc	c0014a8 <.divsi3_skip_div0_test+0x38>
 c0014bc:	e3510102 	cmp	r1, #-2147483648	; 0x80000000
 c0014c0:	31510003 	cmpcc	r1, r3
 c0014c4:	31a01081 	lslcc	r1, r1, #1
 c0014c8:	31a02082 	lslcc	r2, r2, #1
 c0014cc:	3afffffa 	bcc	c0014bc <.divsi3_skip_div0_test+0x4c>
 c0014d0:	e3a00000 	mov	r0, #0
 c0014d4:	e1530001 	cmp	r3, r1
 c0014d8:	20433001 	subcs	r3, r3, r1
 c0014dc:	21800002 	orrcs	r0, r0, r2
 c0014e0:	e15300a1 	cmp	r3, r1, lsr #1
 c0014e4:	204330a1 	subcs	r3, r3, r1, lsr #1
 c0014e8:	218000a2 	orrcs	r0, r0, r2, lsr #1
 c0014ec:	e1530121 	cmp	r3, r1, lsr #2
 c0014f0:	20433121 	subcs	r3, r3, r1, lsr #2
 c0014f4:	21800122 	orrcs	r0, r0, r2, lsr #2
 c0014f8:	e15301a1 	cmp	r3, r1, lsr #3
 c0014fc:	204331a1 	subcs	r3, r3, r1, lsr #3
 c001500:	218001a2 	orrcs	r0, r0, r2, lsr #3
 c001504:	e3530000 	cmp	r3, #0
 c001508:	11b02222 	lsrsne	r2, r2, #4
 c00150c:	11a01221 	lsrne	r1, r1, #4
 c001510:	1affffef 	bne	c0014d4 <.divsi3_skip_div0_test+0x64>
 c001514:	e35c0000 	cmp	ip, #0
 c001518:	42600000 	rsbmi	r0, r0, #0
 c00151c:	e12fff1e 	bx	lr
 c001520:	e13c0000 	teq	ip, r0
 c001524:	42600000 	rsbmi	r0, r0, #0
 c001528:	e12fff1e 	bx	lr
 c00152c:	33a00000 	movcc	r0, #0
 c001530:	01a00fcc 	asreq	r0, ip, #31
 c001534:	03800001 	orreq	r0, r0, #1
 c001538:	e12fff1e 	bx	lr
 c00153c:	e3510801 	cmp	r1, #65536	; 0x10000
 c001540:	21a01821 	lsrcs	r1, r1, #16
 c001544:	23a02010 	movcs	r2, #16
 c001548:	33a02000 	movcc	r2, #0
 c00154c:	e3510c01 	cmp	r1, #256	; 0x100
 c001550:	21a01421 	lsrcs	r1, r1, #8
 c001554:	22822008 	addcs	r2, r2, #8
 c001558:	e3510010 	cmp	r1, #16
 c00155c:	21a01221 	lsrcs	r1, r1, #4
 c001560:	22822004 	addcs	r2, r2, #4
 c001564:	e3510004 	cmp	r1, #4
 c001568:	82822003 	addhi	r2, r2, #3
 c00156c:	908220a1 	addls	r2, r2, r1, lsr #1
 c001570:	e35c0000 	cmp	ip, #0
 c001574:	e1a00233 	lsr	r0, r3, r2
 c001578:	42600000 	rsbmi	r0, r0, #0
 c00157c:	e12fff1e 	bx	lr
 c001580:	e3500000 	cmp	r0, #0
 c001584:	c3e00102 	mvngt	r0, #-2147483648	; 0x80000000
 c001588:	b3a00102 	movlt	r0, #-2147483648	; 0x80000000
 c00158c:	ea000007 	b	c0015b0 <__aeabi_idiv0>

0c001590 <__aeabi_idivmod>:
 c001590:	e3510000 	cmp	r1, #0
 c001594:	0afffff9 	beq	c001580 <.divsi3_skip_div0_test+0x110>
 c001598:	e92d4003 	push	{r0, r1, lr}
 c00159c:	ebffffb3 	bl	c001470 <.divsi3_skip_div0_test>
 c0015a0:	e8bd4006 	pop	{r1, r2, lr}
 c0015a4:	e0030092 	mul	r3, r2, r0
 c0015a8:	e0411003 	sub	r1, r1, r3
 c0015ac:	e12fff1e 	bx	lr

0c0015b0 <__aeabi_idiv0>:
 c0015b0:	e12fff1e 	bx	lr
