
practica2_parte2.elf:     file format elf32-littlearm

Sections:
Idx Name          Size      VMA       LMA       File off  Algn
  0 .text         000017e0  0c000000  0c000000  00008000  2**2
                  CONTENTS, ALLOC, LOAD, READONLY, CODE
  1 .data         00000034  0c0017e0  0c0017e0  000097e0  2**2
                  CONTENTS, ALLOC, LOAD, DATA
  2 .bss          00000020  0c001814  0c001814  00009814  2**2
                  ALLOC
  3 .ARM.attributes 0000002e  00000000  00000000  00009814  2**0
                  CONTENTS, READONLY
  4 .comment      0000002a  00000000  00000000  00009842  2**0
                  CONTENTS, READONLY
  5 .debug_info   0000065d  00000000  00000000  0000986c  2**0
                  CONTENTS, READONLY, DEBUGGING
  6 .debug_line   0000076f  00000000  00000000  00009ec9  2**0
                  CONTENTS, READONLY, DEBUGGING
  7 .debug_abbrev 00000383  00000000  00000000  0000a638  2**0
                  CONTENTS, READONLY, DEBUGGING
  8 .debug_frame  00000358  00000000  00000000  0000a9bc  2**2
                  CONTENTS, READONLY, DEBUGGING
  9 .debug_aranges 000000e0  00000000  00000000  0000ad18  2**3
                  CONTENTS, READONLY, DEBUGGING
 10 .debug_macinfo 00021762  00000000  00000000  0000adf8  2**0
                  CONTENTS, READONLY, DEBUGGING
 11 .debug_loc    000003c8  00000000  00000000  0002c55a  2**0
                  CONTENTS, READONLY, DEBUGGING
 12 .debug_pubnames 0000021a  00000000  00000000  0002c922  2**0
                  CONTENTS, READONLY, DEBUGGING
 13 .debug_pubtypes 00000012  00000000  00000000  0002cb3c  2**0
                  CONTENTS, READONLY, DEBUGGING
 14 .debug_str    00000266  00000000  00000000  0002cb4e  2**0
                  CONTENTS, READONLY, DEBUGGING

Disassembly of section .text:

0c000000 <ENTRY>:
 c000000:	ea00010a 	b	c000430 <ResetHandler>
 c000004:	ea000042 	b	c000114 <HandlerUndef>
 c000008:	ea000047 	b	c00012c <HandlerSWI>
 c00000c:	ea000052 	b	c00015c <HandlerPabort>
 c000010:	ea00004b 	b	c000144 <HandlerDabort>
 c000014:	eafffffe 	b	c000014 <ENTRY+0x14>
 c000018:	ea000037 	b	c0000fc <HandlerIRQ>
 c00001c:	ea000030 	b	c0000e4 <HandlerFIQ>

0c000020 <VECTOR_BRANCH>:
 c000020:	e59ff570 	ldr	pc, [pc, #1392]	; c000598 <U0+0x14>
 c000024:	e59ff570 	ldr	pc, [pc, #1392]	; c00059c <U0+0x18>
 c000028:	e59ff570 	ldr	pc, [pc, #1392]	; c0005a0 <U0+0x1c>
 c00002c:	e59ff570 	ldr	pc, [pc, #1392]	; c0005a4 <U0+0x20>
 c000030:	e59ff570 	ldr	pc, [pc, #1392]	; c0005a8 <U0+0x24>
 c000034:	e59ff570 	ldr	pc, [pc, #1392]	; c0005ac <U0+0x28>
 c000038:	eafffffe 	b	c000038 <VECTOR_BRANCH+0x18>
 c00003c:	eafffffe 	b	c00003c <VECTOR_BRANCH+0x1c>
 c000040:	e59ff568 	ldr	pc, [pc, #1384]	; c0005b0 <U0+0x2c>
 c000044:	e59ff568 	ldr	pc, [pc, #1384]	; c0005b4 <U0+0x30>
 c000048:	e59ff568 	ldr	pc, [pc, #1384]	; c0005b8 <U0+0x34>
 c00004c:	e59ff568 	ldr	pc, [pc, #1384]	; c0005bc <U0+0x38>
 c000050:	e59ff568 	ldr	pc, [pc, #1384]	; c0005c0 <U0+0x3c>
 c000054:	e59ff568 	ldr	pc, [pc, #1384]	; c0005c4 <U0+0x40>
 c000058:	eafffffe 	b	c000058 <VECTOR_BRANCH+0x38>
 c00005c:	eafffffe 	b	c00005c <VECTOR_BRANCH+0x3c>
 c000060:	e59ff560 	ldr	pc, [pc, #1376]	; c0005c8 <U0+0x44>
 c000064:	e59ff560 	ldr	pc, [pc, #1376]	; c0005cc <U0+0x48>
 c000068:	e59ff560 	ldr	pc, [pc, #1376]	; c0005d0 <U0+0x4c>
 c00006c:	e59ff560 	ldr	pc, [pc, #1376]	; c0005d4 <U0+0x50>
 c000070:	e59ff560 	ldr	pc, [pc, #1376]	; c0005d8 <U0+0x54>
 c000074:	e59ff560 	ldr	pc, [pc, #1376]	; c0005dc <U0+0x58>
 c000078:	eafffffe 	b	c000078 <VECTOR_BRANCH+0x58>
 c00007c:	eafffffe 	b	c00007c <VECTOR_BRANCH+0x5c>
 c000080:	e59ff558 	ldr	pc, [pc, #1368]	; c0005e0 <U0+0x5c>
 c000084:	e59ff558 	ldr	pc, [pc, #1368]	; c0005e4 <U0+0x60>
 c000088:	e59ff558 	ldr	pc, [pc, #1368]	; c0005e8 <U0+0x64>
 c00008c:	e59ff558 	ldr	pc, [pc, #1368]	; c0005ec <U0+0x68>
 c000090:	e59ff558 	ldr	pc, [pc, #1368]	; c0005f0 <U0+0x6c>
 c000094:	e59ff558 	ldr	pc, [pc, #1368]	; c0005f4 <U0+0x70>
 c000098:	eafffffe 	b	c000098 <VECTOR_BRANCH+0x78>
 c00009c:	eafffffe 	b	c00009c <VECTOR_BRANCH+0x7c>
 c0000a0:	e59ff550 	ldr	pc, [pc, #1360]	; c0005f8 <U0+0x74>
 c0000a4:	eafffffe 	b	c0000a4 <VECTOR_BRANCH+0x84>
 c0000a8:	eafffffe 	b	c0000a8 <VECTOR_BRANCH+0x88>
 c0000ac:	eafffffe 	b	c0000ac <VECTOR_BRANCH+0x8c>
 c0000b0:	eafffffe 	b	c0000b0 <VECTOR_BRANCH+0x90>
 c0000b4:	eafffffe 	b	c0000b4 <VECTOR_BRANCH+0x94>
 c0000b8:	eafffffe 	b	c0000b8 <VECTOR_BRANCH+0x98>
 c0000bc:	eafffffe 	b	c0000bc <VECTOR_BRANCH+0x9c>
 c0000c0:	e59ff534 	ldr	pc, [pc, #1332]	; c0005fc <U0+0x78>
 c0000c4:	eafffffe 	b	c0000c4 <VECTOR_BRANCH+0xa4>
 c0000c8:	eafffffe 	b	c0000c8 <VECTOR_BRANCH+0xa8>
 c0000cc:	eafffffe 	b	c0000cc <VECTOR_BRANCH+0xac>
 c0000d0:	eafffffe 	b	c0000d0 <VECTOR_BRANCH+0xb0>
 c0000d4:	eafffffe 	b	c0000d4 <VECTOR_BRANCH+0xb4>
 c0000d8:	eafffffe 	b	c0000d8 <VECTOR_BRANCH+0xb8>
 c0000dc:	eafffffe 	b	c0000dc <VECTOR_BRANCH+0xbc>
 c0000e0:	e59ff518 	ldr	pc, [pc, #1304]	; c000600 <U0+0x7c>

0c0000e4 <HandlerFIQ>:
 c0000e4:	e24dd004 	sub	sp, sp, #4
 c0000e8:	e52d0004 	push	{r0}		; (str r0, [sp, #-4]!)
 c0000ec:	e59f0510 	ldr	r0, [pc, #1296]	; c000604 <U0+0x80>
 c0000f0:	e5900000 	ldr	r0, [r0]
 c0000f4:	e58d0004 	str	r0, [sp, #4]
 c0000f8:	e8bd8001 	pop	{r0, pc}

0c0000fc <HandlerIRQ>:
 c0000fc:	e24dd004 	sub	sp, sp, #4
 c000100:	e52d0004 	push	{r0}		; (str r0, [sp, #-4]!)
 c000104:	e59f04fc 	ldr	r0, [pc, #1276]	; c000608 <U0+0x84>
 c000108:	e5900000 	ldr	r0, [r0]
 c00010c:	e58d0004 	str	r0, [sp, #4]
 c000110:	e8bd8001 	pop	{r0, pc}

0c000114 <HandlerUndef>:
 c000114:	e24dd004 	sub	sp, sp, #4
 c000118:	e52d0004 	push	{r0}		; (str r0, [sp, #-4]!)
 c00011c:	e59f04e8 	ldr	r0, [pc, #1256]	; c00060c <U0+0x88>
 c000120:	e5900000 	ldr	r0, [r0]
 c000124:	e58d0004 	str	r0, [sp, #4]
 c000128:	e8bd8001 	pop	{r0, pc}

0c00012c <HandlerSWI>:
 c00012c:	e24dd004 	sub	sp, sp, #4
 c000130:	e52d0004 	push	{r0}		; (str r0, [sp, #-4]!)
 c000134:	e59f04d4 	ldr	r0, [pc, #1236]	; c000610 <U0+0x8c>
 c000138:	e5900000 	ldr	r0, [r0]
 c00013c:	e58d0004 	str	r0, [sp, #4]
 c000140:	e8bd8001 	pop	{r0, pc}

0c000144 <HandlerDabort>:
 c000144:	e24dd004 	sub	sp, sp, #4
 c000148:	e52d0004 	push	{r0}		; (str r0, [sp, #-4]!)
 c00014c:	e59f04c0 	ldr	r0, [pc, #1216]	; c000614 <U0+0x90>
 c000150:	e5900000 	ldr	r0, [r0]
 c000154:	e58d0004 	str	r0, [sp, #4]
 c000158:	e8bd8001 	pop	{r0, pc}

0c00015c <HandlerPabort>:
 c00015c:	e24dd004 	sub	sp, sp, #4
 c000160:	e52d0004 	push	{r0}		; (str r0, [sp, #-4]!)
 c000164:	e59f04ac 	ldr	r0, [pc, #1196]	; c000618 <U0+0x94>
 c000168:	e5900000 	ldr	r0, [r0]
 c00016c:	e58d0004 	str	r0, [sp, #4]
 c000170:	e8bd8001 	pop	{r0, pc}

0c000174 <HandlerADC>:
 c000174:	e24dd004 	sub	sp, sp, #4
 c000178:	e52d0004 	push	{r0}		; (str r0, [sp, #-4]!)
 c00017c:	e59f0498 	ldr	r0, [pc, #1176]	; c00061c <U0+0x98>
 c000180:	e5900000 	ldr	r0, [r0]
 c000184:	e58d0004 	str	r0, [sp, #4]
 c000188:	e8bd8001 	pop	{r0, pc}

0c00018c <HandlerRTC>:
 c00018c:	e24dd004 	sub	sp, sp, #4
 c000190:	e52d0004 	push	{r0}		; (str r0, [sp, #-4]!)
 c000194:	e59f0484 	ldr	r0, [pc, #1156]	; c000620 <U0+0x9c>
 c000198:	e5900000 	ldr	r0, [r0]
 c00019c:	e58d0004 	str	r0, [sp, #4]
 c0001a0:	e8bd8001 	pop	{r0, pc}

0c0001a4 <HandlerUTXD1>:
 c0001a4:	e24dd004 	sub	sp, sp, #4
 c0001a8:	e52d0004 	push	{r0}		; (str r0, [sp, #-4]!)
 c0001ac:	e59f0470 	ldr	r0, [pc, #1136]	; c000624 <U0+0xa0>
 c0001b0:	e5900000 	ldr	r0, [r0]
 c0001b4:	e58d0004 	str	r0, [sp, #4]
 c0001b8:	e8bd8001 	pop	{r0, pc}

0c0001bc <HandlerUTXD0>:
 c0001bc:	e24dd004 	sub	sp, sp, #4
 c0001c0:	e52d0004 	push	{r0}		; (str r0, [sp, #-4]!)
 c0001c4:	e59f045c 	ldr	r0, [pc, #1116]	; c000628 <U0+0xa4>
 c0001c8:	e5900000 	ldr	r0, [r0]
 c0001cc:	e58d0004 	str	r0, [sp, #4]
 c0001d0:	e8bd8001 	pop	{r0, pc}

0c0001d4 <HandlerSIO>:
 c0001d4:	e24dd004 	sub	sp, sp, #4
 c0001d8:	e52d0004 	push	{r0}		; (str r0, [sp, #-4]!)
 c0001dc:	e59f0448 	ldr	r0, [pc, #1096]	; c00062c <U0+0xa8>
 c0001e0:	e5900000 	ldr	r0, [r0]
 c0001e4:	e58d0004 	str	r0, [sp, #4]
 c0001e8:	e8bd8001 	pop	{r0, pc}

0c0001ec <HandlerIIC>:
 c0001ec:	e24dd004 	sub	sp, sp, #4
 c0001f0:	e52d0004 	push	{r0}		; (str r0, [sp, #-4]!)
 c0001f4:	e59f0434 	ldr	r0, [pc, #1076]	; c000630 <U0+0xac>
 c0001f8:	e5900000 	ldr	r0, [r0]
 c0001fc:	e58d0004 	str	r0, [sp, #4]
 c000200:	e8bd8001 	pop	{r0, pc}

0c000204 <HandlerURXD1>:
 c000204:	e24dd004 	sub	sp, sp, #4
 c000208:	e52d0004 	push	{r0}		; (str r0, [sp, #-4]!)
 c00020c:	e59f0420 	ldr	r0, [pc, #1056]	; c000634 <U0+0xb0>
 c000210:	e5900000 	ldr	r0, [r0]
 c000214:	e58d0004 	str	r0, [sp, #4]
 c000218:	e8bd8001 	pop	{r0, pc}

0c00021c <HandlerURXD0>:
 c00021c:	e24dd004 	sub	sp, sp, #4
 c000220:	e52d0004 	push	{r0}		; (str r0, [sp, #-4]!)
 c000224:	e59f040c 	ldr	r0, [pc, #1036]	; c000638 <U0+0xb4>
 c000228:	e5900000 	ldr	r0, [r0]
 c00022c:	e58d0004 	str	r0, [sp, #4]
 c000230:	e8bd8001 	pop	{r0, pc}

0c000234 <HandlerTIMER5>:
 c000234:	e24dd004 	sub	sp, sp, #4
 c000238:	e52d0004 	push	{r0}		; (str r0, [sp, #-4]!)
 c00023c:	e59f03f8 	ldr	r0, [pc, #1016]	; c00063c <U0+0xb8>
 c000240:	e5900000 	ldr	r0, [r0]
 c000244:	e58d0004 	str	r0, [sp, #4]
 c000248:	e8bd8001 	pop	{r0, pc}

0c00024c <HandlerTIMER4>:
 c00024c:	e24dd004 	sub	sp, sp, #4
 c000250:	e52d0004 	push	{r0}		; (str r0, [sp, #-4]!)
 c000254:	e59f03e4 	ldr	r0, [pc, #996]	; c000640 <U0+0xbc>
 c000258:	e5900000 	ldr	r0, [r0]
 c00025c:	e58d0004 	str	r0, [sp, #4]
 c000260:	e8bd8001 	pop	{r0, pc}

0c000264 <HandlerTIMER3>:
 c000264:	e24dd004 	sub	sp, sp, #4
 c000268:	e52d0004 	push	{r0}		; (str r0, [sp, #-4]!)
 c00026c:	e59f03d0 	ldr	r0, [pc, #976]	; c000644 <U0+0xc0>
 c000270:	e5900000 	ldr	r0, [r0]
 c000274:	e58d0004 	str	r0, [sp, #4]
 c000278:	e8bd8001 	pop	{r0, pc}

0c00027c <HandlerTIMER2>:
 c00027c:	e24dd004 	sub	sp, sp, #4
 c000280:	e52d0004 	push	{r0}		; (str r0, [sp, #-4]!)
 c000284:	e59f03bc 	ldr	r0, [pc, #956]	; c000648 <U0+0xc4>
 c000288:	e5900000 	ldr	r0, [r0]
 c00028c:	e58d0004 	str	r0, [sp, #4]
 c000290:	e8bd8001 	pop	{r0, pc}

0c000294 <HandlerTIMER1>:
 c000294:	e24dd004 	sub	sp, sp, #4
 c000298:	e52d0004 	push	{r0}		; (str r0, [sp, #-4]!)
 c00029c:	e59f03a8 	ldr	r0, [pc, #936]	; c00064c <U0+0xc8>
 c0002a0:	e5900000 	ldr	r0, [r0]
 c0002a4:	e58d0004 	str	r0, [sp, #4]
 c0002a8:	e8bd8001 	pop	{r0, pc}

0c0002ac <HandlerTIMER0>:
 c0002ac:	e24dd004 	sub	sp, sp, #4
 c0002b0:	e52d0004 	push	{r0}		; (str r0, [sp, #-4]!)
 c0002b4:	e59f0394 	ldr	r0, [pc, #916]	; c000650 <U0+0xcc>
 c0002b8:	e5900000 	ldr	r0, [r0]
 c0002bc:	e58d0004 	str	r0, [sp, #4]
 c0002c0:	e8bd8001 	pop	{r0, pc}

0c0002c4 <HandlerUERR01>:
 c0002c4:	e24dd004 	sub	sp, sp, #4
 c0002c8:	e52d0004 	push	{r0}		; (str r0, [sp, #-4]!)
 c0002cc:	e59f0380 	ldr	r0, [pc, #896]	; c000654 <U0+0xd0>
 c0002d0:	e5900000 	ldr	r0, [r0]
 c0002d4:	e58d0004 	str	r0, [sp, #4]
 c0002d8:	e8bd8001 	pop	{r0, pc}

0c0002dc <HandlerWDT>:
 c0002dc:	e24dd004 	sub	sp, sp, #4
 c0002e0:	e52d0004 	push	{r0}		; (str r0, [sp, #-4]!)
 c0002e4:	e59f036c 	ldr	r0, [pc, #876]	; c000658 <U0+0xd4>
 c0002e8:	e5900000 	ldr	r0, [r0]
 c0002ec:	e58d0004 	str	r0, [sp, #4]
 c0002f0:	e8bd8001 	pop	{r0, pc}

0c0002f4 <HandlerBDMA1>:
 c0002f4:	e24dd004 	sub	sp, sp, #4
 c0002f8:	e52d0004 	push	{r0}		; (str r0, [sp, #-4]!)
 c0002fc:	e59f0358 	ldr	r0, [pc, #856]	; c00065c <U0+0xd8>
 c000300:	e5900000 	ldr	r0, [r0]
 c000304:	e58d0004 	str	r0, [sp, #4]
 c000308:	e8bd8001 	pop	{r0, pc}

0c00030c <HandlerBDMA0>:
 c00030c:	e24dd004 	sub	sp, sp, #4
 c000310:	e52d0004 	push	{r0}		; (str r0, [sp, #-4]!)
 c000314:	e59f0344 	ldr	r0, [pc, #836]	; c000660 <U0+0xdc>
 c000318:	e5900000 	ldr	r0, [r0]
 c00031c:	e58d0004 	str	r0, [sp, #4]
 c000320:	e8bd8001 	pop	{r0, pc}

0c000324 <HandlerZDMA1>:
 c000324:	e24dd004 	sub	sp, sp, #4
 c000328:	e52d0004 	push	{r0}		; (str r0, [sp, #-4]!)
 c00032c:	e59f0330 	ldr	r0, [pc, #816]	; c000664 <U0+0xe0>
 c000330:	e5900000 	ldr	r0, [r0]
 c000334:	e58d0004 	str	r0, [sp, #4]
 c000338:	e8bd8001 	pop	{r0, pc}

0c00033c <HandlerZDMA0>:
 c00033c:	e24dd004 	sub	sp, sp, #4
 c000340:	e52d0004 	push	{r0}		; (str r0, [sp, #-4]!)
 c000344:	e59f031c 	ldr	r0, [pc, #796]	; c000668 <U0+0xe4>
 c000348:	e5900000 	ldr	r0, [r0]
 c00034c:	e58d0004 	str	r0, [sp, #4]
 c000350:	e8bd8001 	pop	{r0, pc}

0c000354 <HandlerTICK>:
 c000354:	e24dd004 	sub	sp, sp, #4
 c000358:	e52d0004 	push	{r0}		; (str r0, [sp, #-4]!)
 c00035c:	e59f0308 	ldr	r0, [pc, #776]	; c00066c <U0+0xe8>
 c000360:	e5900000 	ldr	r0, [r0]
 c000364:	e58d0004 	str	r0, [sp, #4]
 c000368:	e8bd8001 	pop	{r0, pc}

0c00036c <HandlerEINT4567>:
 c00036c:	e24dd004 	sub	sp, sp, #4
 c000370:	e52d0004 	push	{r0}		; (str r0, [sp, #-4]!)
 c000374:	e59f02f4 	ldr	r0, [pc, #756]	; c000670 <U0+0xec>
 c000378:	e5900000 	ldr	r0, [r0]
 c00037c:	e58d0004 	str	r0, [sp, #4]
 c000380:	e8bd8001 	pop	{r0, pc}

0c000384 <HandlerEINT3>:
 c000384:	e24dd004 	sub	sp, sp, #4
 c000388:	e52d0004 	push	{r0}		; (str r0, [sp, #-4]!)
 c00038c:	e59f02e0 	ldr	r0, [pc, #736]	; c000674 <U0+0xf0>
 c000390:	e5900000 	ldr	r0, [r0]
 c000394:	e58d0004 	str	r0, [sp, #4]
 c000398:	e8bd8001 	pop	{r0, pc}

0c00039c <HandlerEINT2>:
 c00039c:	e24dd004 	sub	sp, sp, #4
 c0003a0:	e52d0004 	push	{r0}		; (str r0, [sp, #-4]!)
 c0003a4:	e59f02cc 	ldr	r0, [pc, #716]	; c000678 <U0+0xf4>
 c0003a8:	e5900000 	ldr	r0, [r0]
 c0003ac:	e58d0004 	str	r0, [sp, #4]
 c0003b0:	e8bd8001 	pop	{r0, pc}

0c0003b4 <HandlerEINT1>:
 c0003b4:	e24dd004 	sub	sp, sp, #4
 c0003b8:	e52d0004 	push	{r0}		; (str r0, [sp, #-4]!)
 c0003bc:	e59f02b8 	ldr	r0, [pc, #696]	; c00067c <U0+0xf8>
 c0003c0:	e5900000 	ldr	r0, [r0]
 c0003c4:	e58d0004 	str	r0, [sp, #4]
 c0003c8:	e8bd8001 	pop	{r0, pc}

0c0003cc <HandlerEINT0>:
 c0003cc:	e24dd004 	sub	sp, sp, #4
 c0003d0:	e52d0004 	push	{r0}		; (str r0, [sp, #-4]!)
 c0003d4:	e59f02a4 	ldr	r0, [pc, #676]	; c000680 <U0+0xfc>
 c0003d8:	e5900000 	ldr	r0, [r0]
 c0003dc:	e58d0004 	str	r0, [sp, #4]
 c0003e0:	e8bd8001 	pop	{r0, pc}

0c0003e4 <IsrIRQ>:
 c0003e4:	e24dd004 	sub	sp, sp, #4
 c0003e8:	e92d0300 	push	{r8, r9}
 c0003ec:	e59f9290 	ldr	r9, [pc, #656]	; c000684 <U0+0x100>
 c0003f0:	e5999000 	ldr	r9, [r9]
 c0003f4:	e3590000 	cmp	r9, #0
 c0003f8:	0a000009 	beq	c000424 <l2>
 c0003fc:	e3a08000 	mov	r8, #0

0c000400 <l0>:
 c000400:	e1b090a9 	lsrs	r9, r9, #1
 c000404:	2a000001 	bcs	c000410 <l1>
 c000408:	e2888004 	add	r8, r8, #4
 c00040c:	eafffffb 	b	c000400 <l0>

0c000410 <l1>:
 c000410:	e59f9204 	ldr	r9, [pc, #516]	; c00061c <U0+0x98>
 c000414:	e0899008 	add	r9, r9, r8
 c000418:	e5999000 	ldr	r9, [r9]
 c00041c:	e58d9008 	str	r9, [sp, #8]
 c000420:	e8bd8300 	pop	{r8, r9, pc}

0c000424 <l2>:
 c000424:	e8bd0300 	pop	{r8, r9}
 c000428:	e28dd004 	add	sp, sp, #4
 c00042c:	e25ef004 	subs	pc, lr, #4

0c000430 <ResetHandler>:
 c000430:	e59f0250 	ldr	r0, [pc, #592]	; c000688 <U0+0x104>
 c000434:	e3a01000 	mov	r1, #0
 c000438:	e5801000 	str	r1, [r0]
 c00043c:	e59f0248 	ldr	r0, [pc, #584]	; c00068c <U0+0x108>
 c000440:	e3e0133e 	mvn	r1, #-134217728	; 0xf8000000
 c000444:	e5801000 	str	r1, [r0]
 c000448:	e59f0240 	ldr	r0, [pc, #576]	; c000690 <U0+0x10c>
 c00044c:	e59f1240 	ldr	r1, [pc, #576]	; c000694 <U0+0x110>
 c000450:	e5801000 	str	r1, [r0]
 c000454:	e59f023c 	ldr	r0, [pc, #572]	; c000698 <U0+0x114>
 c000458:	e59f123c 	ldr	r1, [pc, #572]	; c00069c <U0+0x118>
 c00045c:	e5801000 	str	r1, [r0]
 c000460:	e59f0238 	ldr	r0, [pc, #568]	; c0006a0 <U0+0x11c>
 c000464:	e3a01101 	mov	r1, #1073741824	; 0x40000000
 c000468:	e5801000 	str	r1, [r0]
 c00046c:	e59f0230 	ldr	r0, [pc, #560]	; c0006a4 <U0+0x120>
 c000470:	e3a01101 	mov	r1, #1073741824	; 0x40000000
 c000474:	e5801000 	str	r1, [r0]
 c000478:	e59f0228 	ldr	r0, [pc, #552]	; c0006a8 <U0+0x124>
 c00047c:	e8903ffe 	ldm	r0, {r1, r2, r3, r4, r5, r6, r7, r8, r9, sl, fp, ip, sp}
 c000480:	e3a00772 	mov	r0, #29884416	; 0x1c80000
 c000484:	e8803ffe 	stm	r0, {r1, r2, r3, r4, r5, r6, r7, r8, r9, sl, fp, ip, sp}
 c000488:	e59fd21c 	ldr	sp, [pc, #540]	; c0006ac <U0+0x128>
 c00048c:	eb000019 	bl	c0004f8 <InitStacks>
 c000490:	e59f0170 	ldr	r0, [pc, #368]	; c000608 <U0+0x84>
 c000494:	e59f1214 	ldr	r1, [pc, #532]	; c0006b0 <U0+0x12c>
 c000498:	e5801000 	str	r1, [r0]
 c00049c:	e59f0210 	ldr	r0, [pc, #528]	; c0006b4 <U0+0x130>
 c0004a0:	e59f1210 	ldr	r1, [pc, #528]	; c0006b8 <U0+0x134>
 c0004a4:	e59f3210 	ldr	r3, [pc, #528]	; c0006bc <U0+0x138>
 c0004a8:	e1500001 	cmp	r0, r1
 c0004ac:	0a000003 	beq	c0004c0 <F1>

0c0004b0 <F0>:
 c0004b0:	e1510003 	cmp	r1, r3
 c0004b4:	34902004 	ldrcc	r2, [r0], #4
 c0004b8:	34812004 	strcc	r2, [r1], #4
 c0004bc:	3afffffb 	bcc	c0004b0 <F0>

0c0004c0 <F1>:
 c0004c0:	e59f11f8 	ldr	r1, [pc, #504]	; c0006c0 <U0+0x13c>
 c0004c4:	e3a02000 	mov	r2, #0

0c0004c8 <F2>:
 c0004c8:	e1530001 	cmp	r3, r1
 c0004cc:	34832004 	strcc	r2, [r3], #4
 c0004d0:	3afffffc 	bcc	c0004c8 <F2>
 c0004d4:	e10f0000 	mrs	r0, CPSR
 c0004d8:	e3c0001f 	bic	r0, r0, #31
 c0004dc:	e3801010 	orr	r1, r0, #16
 c0004e0:	e3c110c0 	bic	r1, r1, #192	; 0xc0
 c0004e4:	e12ff001 	msr	CPSR_fsxc, r1
 c0004e8:	e59fd1d4 	ldr	sp, [pc, #468]	; c0006c4 <U0+0x140>
 c0004ec:	e3a0b000 	mov	fp, #0
 c0004f0:	eb0003e7 	bl	c001494 <main>
 c0004f4:	eafffffe 	b	c0004f4 <F2+0x2c>

0c0004f8 <InitStacks>:
 c0004f8:	e10f0000 	mrs	r0, CPSR
 c0004fc:	e3c0001f 	bic	r0, r0, #31
 c000500:	e380101b 	orr	r1, r0, #27
 c000504:	e12ff001 	msr	CPSR_fsxc, r1
 c000508:	e59fd1b8 	ldr	sp, [pc, #440]	; c0006c8 <U0+0x144>
 c00050c:	e38010d7 	orr	r1, r0, #215	; 0xd7
 c000510:	e12ff001 	msr	CPSR_fsxc, r1
 c000514:	e59fd1b0 	ldr	sp, [pc, #432]	; c0006cc <U0+0x148>
 c000518:	e3801092 	orr	r1, r0, #146	; 0x92
 c00051c:	e12ff001 	msr	CPSR_fsxc, r1
 c000520:	e59fd1a8 	ldr	sp, [pc, #424]	; c0006d0 <U0+0x14c>
 c000524:	e3801051 	orr	r1, r0, #81	; 0x51
 c000528:	e12ff001 	msr	CPSR_fsxc, r1
 c00052c:	e59fd1a0 	ldr	sp, [pc, #416]	; c0006d4 <U0+0x150>
 c000530:	e3c0001f 	bic	r0, r0, #31
 c000534:	e3801013 	orr	r1, r0, #19
 c000538:	e12ff001 	msr	CPSR_fsxc, r1
 c00053c:	e59fd168 	ldr	sp, [pc, #360]	; c0006ac <U0+0x128>
 c000540:	e1a0f00e 	mov	pc, lr

0c000544 <EnterPWDN>:
 c000544:	e1a02000 	mov	r2, r0
 c000548:	e59f0188 	ldr	r0, [pc, #392]	; c0006d8 <U0+0x154>
 c00054c:	e5903000 	ldr	r3, [r0]
 c000550:	e1a01003 	mov	r1, r3
 c000554:	e3811501 	orr	r1, r1, #4194304	; 0x400000
 c000558:	e5801000 	str	r1, [r0]
 c00055c:	e1a00000 	nop			; (mov r0, r0)
 c000560:	e1a00000 	nop			; (mov r0, r0)
 c000564:	e1a00000 	nop			; (mov r0, r0)
 c000568:	e1a00000 	nop			; (mov r0, r0)
 c00056c:	e1a00000 	nop			; (mov r0, r0)
 c000570:	e1a00000 	nop			; (mov r0, r0)
 c000574:	e1a00000 	nop			; (mov r0, r0)
 c000578:	e59f0118 	ldr	r0, [pc, #280]	; c000698 <U0+0x114>
 c00057c:	e5802000 	str	r2, [r0]
 c000580:	e3a00010 	mov	r0, #16

0c000584 <U0>:
 c000584:	e2500001 	subs	r0, r0, #1
 c000588:	1afffffd 	bne	c000584 <U0>
 c00058c:	e59f0144 	ldr	r0, [pc, #324]	; c0006d8 <U0+0x154>
 c000590:	e5803000 	str	r3, [r0]
 c000594:	e1a0f00e 	mov	pc, lr
 c000598:	0c0003cc 	.word	0x0c0003cc
 c00059c:	0c0003b4 	.word	0x0c0003b4
 c0005a0:	0c00039c 	.word	0x0c00039c
 c0005a4:	0c000384 	.word	0x0c000384
 c0005a8:	0c00036c 	.word	0x0c00036c
 c0005ac:	0c000354 	.word	0x0c000354
 c0005b0:	0c00033c 	.word	0x0c00033c
 c0005b4:	0c000324 	.word	0x0c000324
 c0005b8:	0c00030c 	.word	0x0c00030c
 c0005bc:	0c0002f4 	.word	0x0c0002f4
 c0005c0:	0c0002dc 	.word	0x0c0002dc
 c0005c4:	0c0002c4 	.word	0x0c0002c4
 c0005c8:	0c0002ac 	.word	0x0c0002ac
 c0005cc:	0c000294 	.word	0x0c000294
 c0005d0:	0c00027c 	.word	0x0c00027c
 c0005d4:	0c000264 	.word	0x0c000264
 c0005d8:	0c00024c 	.word	0x0c00024c
 c0005dc:	0c000234 	.word	0x0c000234
 c0005e0:	0c00021c 	.word	0x0c00021c
 c0005e4:	0c000204 	.word	0x0c000204
 c0005e8:	0c0001ec 	.word	0x0c0001ec
 c0005ec:	0c0001d4 	.word	0x0c0001d4
 c0005f0:	0c0001bc 	.word	0x0c0001bc
 c0005f4:	0c0001a4 	.word	0x0c0001a4
 c0005f8:	0c00018c 	.word	0x0c00018c
 c0005fc:	0c000174 	.word	0x0c000174
 c000600:	0c000544 	.word	0x0c000544
 c000604:	0c7fff1c 	.word	0x0c7fff1c
 c000608:	0c7fff18 	.word	0x0c7fff18
 c00060c:	0c7fff04 	.word	0x0c7fff04
 c000610:	0c7fff08 	.word	0x0c7fff08
 c000614:	0c7fff10 	.word	0x0c7fff10
 c000618:	0c7fff0c 	.word	0x0c7fff0c
 c00061c:	0c7fff20 	.word	0x0c7fff20
 c000620:	0c7fff24 	.word	0x0c7fff24
 c000624:	0c7fff28 	.word	0x0c7fff28
 c000628:	0c7fff2c 	.word	0x0c7fff2c
 c00062c:	0c7fff30 	.word	0x0c7fff30
 c000630:	0c7fff34 	.word	0x0c7fff34
 c000634:	0c7fff38 	.word	0x0c7fff38
 c000638:	0c7fff3c 	.word	0x0c7fff3c
 c00063c:	0c7fff40 	.word	0x0c7fff40
 c000640:	0c7fff44 	.word	0x0c7fff44
 c000644:	0c7fff48 	.word	0x0c7fff48
 c000648:	0c7fff4c 	.word	0x0c7fff4c
 c00064c:	0c7fff50 	.word	0x0c7fff50
 c000650:	0c7fff54 	.word	0x0c7fff54
 c000654:	0c7fff58 	.word	0x0c7fff58
 c000658:	0c7fff5c 	.word	0x0c7fff5c
 c00065c:	0c7fff60 	.word	0x0c7fff60
 c000660:	0c7fff64 	.word	0x0c7fff64
 c000664:	0c7fff68 	.word	0x0c7fff68
 c000668:	0c7fff6c 	.word	0x0c7fff6c
 c00066c:	0c7fff70 	.word	0x0c7fff70
 c000670:	0c7fff74 	.word	0x0c7fff74
 c000674:	0c7fff78 	.word	0x0c7fff78
 c000678:	0c7fff7c 	.word	0x0c7fff7c
 c00067c:	0c7fff80 	.word	0x0c7fff80
 c000680:	0c7fff84 	.word	0x0c7fff84
 c000684:	01e00020 	.word	0x01e00020
 c000688:	01d30000 	.word	0x01d30000
 c00068c:	01e0000c 	.word	0x01e0000c
 c000690:	01d8000c 	.word	0x01d8000c
 c000694:	00000fff 	.word	0x00000fff
 c000698:	01d80004 	.word	0x01d80004
 c00069c:	00007ff8 	.word	0x00007ff8
 c0006a0:	01f80008 	.word	0x01f80008
 c0006a4:	01f80028 	.word	0x01f80028
 c0006a8:	0c0006dc 	.word	0x0c0006dc
 c0006ac:	0c7ff100 	.word	0x0c7ff100
 c0006b0:	0c0003e4 	.word	0x0c0003e4
 c0006b4:	0c0017e0 	.word	0x0c0017e0
 c0006b8:	0c0017e0 	.word	0x0c0017e0
 c0006bc:	0c001814 	.word	0x0c001814
 c0006c0:	0c001834 	.word	0x0c001834
 c0006c4:	0c7ff000 	.word	0x0c7ff000
 c0006c8:	0c7ff200 	.word	0x0c7ff200
 c0006cc:	0c7ff300 	.word	0x0c7ff300
 c0006d0:	0c7ff400 	.word	0x0c7ff400
 c0006d4:	0c7ff500 	.word	0x0c7ff500
 c0006d8:	01c80024 	.word	0x01c80024

0c0006dc <SMRDATA>:
 c0006dc:	11110102 	.word	0x11110102
 c0006e0:	00000600 	.word	0x00000600
 c0006e4:	00007ffc 	.word	0x00007ffc
 c0006e8:	00007ffc 	.word	0x00007ffc
 c0006ec:	00007ffc 	.word	0x00007ffc
 c0006f0:	00007ffc 	.word	0x00007ffc
 c0006f4:	00007ffc 	.word	0x00007ffc
 c0006f8:	00018000 	.word	0x00018000
 c0006fc:	00018000 	.word	0x00018000
 c000700:	00860459 	.word	0x00860459
 c000704:	00000010 	.word	0x00000010
 c000708:	00000020 	.word	0x00000020
 c00070c:	00000020 	.word	0x00000020

0c000710 <Delay>:
 c000710:	e1a0c00d 	mov	ip, sp
 c000714:	e92dd800 	push	{fp, ip, lr, pc}
 c000718:	e24cb004 	sub	fp, ip, #4
 c00071c:	e24dd010 	sub	sp, sp, #16
 c000720:	e50b0018 	str	r0, [fp, #-24]	; 0xffffffe8
 c000724:	e3a03000 	mov	r3, #0
 c000728:	e50b3014 	str	r3, [fp, #-20]	; 0xffffffec
 c00072c:	e51b3018 	ldr	r3, [fp, #-24]	; 0xffffffe8
 c000730:	e3530000 	cmp	r3, #0
 c000734:	1a000021 	bne	c0007c0 <Delay+0xb0>
 c000738:	e3a030c8 	mov	r3, #200	; 0xc8
 c00073c:	e50b3018 	str	r3, [fp, #-24]	; 0xffffffe8
 c000740:	e3a03001 	mov	r3, #1
 c000744:	e50b3014 	str	r3, [fp, #-20]	; 0xffffffec
 c000748:	e59f30d8 	ldr	r3, [pc, #216]	; c000828 <Delay+0x118>
 c00074c:	e3a02e19 	mov	r2, #400	; 0x190
 c000750:	e5832000 	str	r2, [r3]
 c000754:	e59f30d0 	ldr	r3, [pc, #208]	; c00082c <Delay+0x11c>
 c000758:	e59f20d0 	ldr	r2, [pc, #208]	; c000830 <Delay+0x120>
 c00075c:	e5832000 	str	r2, [r3]
 c000760:	e59f30cc 	ldr	r3, [pc, #204]	; c000834 <Delay+0x124>
 c000764:	e59f20cc 	ldr	r2, [pc, #204]	; c000838 <Delay+0x128>
 c000768:	e5832000 	str	r2, [r3]
 c00076c:	e59f30c8 	ldr	r3, [pc, #200]	; c00083c <Delay+0x12c>
 c000770:	e59f20c0 	ldr	r2, [pc, #192]	; c000838 <Delay+0x128>
 c000774:	e5832000 	str	r2, [r3]
 c000778:	e59f30ac 	ldr	r3, [pc, #172]	; c00082c <Delay+0x11c>
 c00077c:	e59f20bc 	ldr	r2, [pc, #188]	; c000840 <Delay+0x130>
 c000780:	e5832000 	str	r2, [r3]
 c000784:	ea00000d 	b	c0007c0 <Delay+0xb0>
 c000788:	e3a03000 	mov	r3, #0
 c00078c:	e50b3010 	str	r3, [fp, #-16]
 c000790:	ea000002 	b	c0007a0 <Delay+0x90>
 c000794:	e51b3010 	ldr	r3, [fp, #-16]
 c000798:	e2833001 	add	r3, r3, #1
 c00079c:	e50b3010 	str	r3, [fp, #-16]
 c0007a0:	e59f3080 	ldr	r3, [pc, #128]	; c000828 <Delay+0x118>
 c0007a4:	e5933000 	ldr	r3, [r3]
 c0007a8:	e51b2010 	ldr	r2, [fp, #-16]
 c0007ac:	e1520003 	cmp	r2, r3
 c0007b0:	bafffff7 	blt	c000794 <Delay+0x84>
 c0007b4:	e51b3018 	ldr	r3, [fp, #-24]	; 0xffffffe8
 c0007b8:	e2433001 	sub	r3, r3, #1
 c0007bc:	e50b3018 	str	r3, [fp, #-24]	; 0xffffffe8
 c0007c0:	e51b3018 	ldr	r3, [fp, #-24]	; 0xffffffe8
 c0007c4:	e3530000 	cmp	r3, #0
 c0007c8:	caffffee 	bgt	c000788 <Delay+0x78>
 c0007cc:	e51b3014 	ldr	r3, [fp, #-20]	; 0xffffffec
 c0007d0:	e3530001 	cmp	r3, #1
 c0007d4:	1a000010 	bne	c00081c <Delay+0x10c>
 c0007d8:	e59f304c 	ldr	r3, [pc, #76]	; c00082c <Delay+0x11c>
 c0007dc:	e59f204c 	ldr	r2, [pc, #76]	; c000830 <Delay+0x120>
 c0007e0:	e5832000 	str	r2, [r3]
 c0007e4:	e59f3050 	ldr	r3, [pc, #80]	; c00083c <Delay+0x12c>
 c0007e8:	e5933000 	ldr	r3, [r3]
 c0007ec:	e2633cff 	rsb	r3, r3, #65280	; 0xff00
 c0007f0:	e28330ff 	add	r3, r3, #255	; 0xff
 c0007f4:	e50b3010 	str	r3, [fp, #-16]
 c0007f8:	e51b3010 	ldr	r3, [fp, #-16]
 c0007fc:	e1a03303 	lsl	r3, r3, #6
 c000800:	e59f003c 	ldr	r0, [pc, #60]	; c000844 <Delay+0x134>
 c000804:	e1a01003 	mov	r1, r3
 c000808:	eb0003a1 	bl	c001694 <__aeabi_idiv>
 c00080c:	e1a03000 	mov	r3, r0
 c000810:	e1a02003 	mov	r2, r3
 c000814:	e59f300c 	ldr	r3, [pc, #12]	; c000828 <Delay+0x118>
 c000818:	e5832000 	str	r2, [r3]
 c00081c:	e24bd00c 	sub	sp, fp, #12
 c000820:	e89d6800 	ldm	sp, {fp, sp, lr}
 c000824:	e12fff1e 	bx	lr
 c000828:	0c0017f0 	.word	0x0c0017f0
 c00082c:	01d30000 	.word	0x01d30000
 c000830:	00003f10 	.word	0x00003f10
 c000834:	01d30004 	.word	0x01d30004
 c000838:	0000ffff 	.word	0x0000ffff
 c00083c:	01d30008 	.word	0x01d30008
 c000840:	00003f30 	.word	0x00003f30
 c000844:	007a1200 	.word	0x007a1200

0c000848 <DelayMs>:
 c000848:	e1a0c00d 	mov	ip, sp
 c00084c:	e92dd800 	push	{fp, ip, lr, pc}
 c000850:	e24cb004 	sub	fp, ip, #4
 c000854:	e24dd010 	sub	sp, sp, #16
 c000858:	e50b0018 	str	r0, [fp, #-24]	; 0xffffffe8
 c00085c:	e3a03000 	mov	r3, #0
 c000860:	e50b3010 	str	r3, [fp, #-16]
 c000864:	ea000002 	b	c000874 <DelayMs+0x2c>
 c000868:	e51b3010 	ldr	r3, [fp, #-16]
 c00086c:	e2833001 	add	r3, r3, #1
 c000870:	e50b3010 	str	r3, [fp, #-16]
 c000874:	e51b2018 	ldr	r2, [fp, #-24]	; 0xffffffe8
 c000878:	e1a03002 	mov	r3, r2
 c00087c:	e1a03283 	lsl	r3, r3, #5
 c000880:	e0623003 	rsb	r3, r2, r3
 c000884:	e1a03103 	lsl	r3, r3, #2
 c000888:	e0833002 	add	r3, r3, r2
 c00088c:	e1a03183 	lsl	r3, r3, #3
 c000890:	e1a02003 	mov	r2, r3
 c000894:	e51b3010 	ldr	r3, [fp, #-16]
 c000898:	e1520003 	cmp	r2, r3
 c00089c:	cafffff1 	bgt	c000868 <DelayMs+0x20>
 c0008a0:	e24bd00c 	sub	sp, fp, #12
 c0008a4:	e89d6800 	ldm	sp, {fp, sp, lr}
 c0008a8:	e12fff1e 	bx	lr

0c0008ac <Port_Init>:
 c0008ac:	e1a0c00d 	mov	ip, sp
 c0008b0:	e92dd800 	push	{fp, ip, lr, pc}
 c0008b4:	e24cb004 	sub	fp, ip, #4
 c0008b8:	e59f3100 	ldr	r3, [pc, #256]	; c0009c0 <Port_Init+0x114>
 c0008bc:	e59f2100 	ldr	r2, [pc, #256]	; c0009c4 <Port_Init+0x118>
 c0008c0:	e5832000 	str	r2, [r3]
 c0008c4:	e59f30fc 	ldr	r3, [pc, #252]	; c0009c8 <Port_Init+0x11c>
 c0008c8:	e59f20fc 	ldr	r2, [pc, #252]	; c0009cc <Port_Init+0x120>
 c0008cc:	e5832000 	str	r2, [r3]
 c0008d0:	e59f30f8 	ldr	r3, [pc, #248]	; c0009d0 <Port_Init+0x124>
 c0008d4:	e59f20f8 	ldr	r2, [pc, #248]	; c0009d4 <Port_Init+0x128>
 c0008d8:	e5832000 	str	r2, [r3]
 c0008dc:	e59f30f4 	ldr	r3, [pc, #244]	; c0009d8 <Port_Init+0x12c>
 c0008e0:	e3a02cff 	mov	r2, #65280	; 0xff00
 c0008e4:	e5832000 	str	r2, [r3]
 c0008e8:	e59f30ec 	ldr	r3, [pc, #236]	; c0009dc <Port_Init+0x130>
 c0008ec:	e59f20ec 	ldr	r2, [pc, #236]	; c0009e0 <Port_Init+0x134>
 c0008f0:	e5832000 	str	r2, [r3]
 c0008f4:	e59f30e8 	ldr	r3, [pc, #232]	; c0009e4 <Port_Init+0x138>
 c0008f8:	e59f20e8 	ldr	r2, [pc, #232]	; c0009e8 <Port_Init+0x13c>
 c0008fc:	e5832000 	str	r2, [r3]
 c000900:	e59f30e4 	ldr	r3, [pc, #228]	; c0009ec <Port_Init+0x140>
 c000904:	e3a020ff 	mov	r2, #255	; 0xff
 c000908:	e5832000 	str	r2, [r3]
 c00090c:	e59f30dc 	ldr	r3, [pc, #220]	; c0009f0 <Port_Init+0x144>
 c000910:	e59f20dc 	ldr	r2, [pc, #220]	; c0009f4 <Port_Init+0x148>
 c000914:	e5832000 	str	r2, [r3]
 c000918:	e59f30d8 	ldr	r3, [pc, #216]	; c0009f8 <Port_Init+0x14c>
 c00091c:	e3a02000 	mov	r2, #0
 c000920:	e5832000 	str	r2, [r3]
 c000924:	e59f30d0 	ldr	r3, [pc, #208]	; c0009fc <Port_Init+0x150>
 c000928:	e59f2094 	ldr	r2, [pc, #148]	; c0009c4 <Port_Init+0x118>
 c00092c:	e5832000 	str	r2, [r3]
 c000930:	e59f30c8 	ldr	r3, [pc, #200]	; c000a00 <Port_Init+0x154>
 c000934:	e59f20c8 	ldr	r2, [pc, #200]	; c000a04 <Port_Init+0x158>
 c000938:	e5832000 	str	r2, [r3]
 c00093c:	e59f30c4 	ldr	r3, [pc, #196]	; c000a08 <Port_Init+0x15c>
 c000940:	e3a02006 	mov	r2, #6
 c000944:	e5832000 	str	r2, [r3]
 c000948:	e59f30bc 	ldr	r3, [pc, #188]	; c000a0c <Port_Init+0x160>
 c00094c:	e3a02000 	mov	r2, #0
 c000950:	e5832000 	str	r2, [r3]
 c000954:	e59f30b4 	ldr	r3, [pc, #180]	; c000a10 <Port_Init+0x164>
 c000958:	e59f20b4 	ldr	r2, [pc, #180]	; c000a14 <Port_Init+0x168>
 c00095c:	e5832000 	str	r2, [r3]
 c000960:	e59f30b0 	ldr	r3, [pc, #176]	; c000a18 <Port_Init+0x16c>
 c000964:	e3a02000 	mov	r2, #0
 c000968:	e5832000 	str	r2, [r3]
 c00096c:	e59f30a8 	ldr	r3, [pc, #168]	; c000a1c <Port_Init+0x170>
 c000970:	e3a020ff 	mov	r2, #255	; 0xff
 c000974:	e5832000 	str	r2, [r3]
 c000978:	e59f30a0 	ldr	r3, [pc, #160]	; c000a20 <Port_Init+0x174>
 c00097c:	e59f20a0 	ldr	r2, [pc, #160]	; c000a24 <Port_Init+0x178>
 c000980:	e5832000 	str	r2, [r3]
 c000984:	e59f309c 	ldr	r3, [pc, #156]	; c000a28 <Port_Init+0x17c>
 c000988:	e3a02000 	mov	r2, #0
 c00098c:	e5832000 	str	r2, [r3]
 c000990:	e59f3094 	ldr	r3, [pc, #148]	; c000a2c <Port_Init+0x180>
 c000994:	e3a02007 	mov	r2, #7
 c000998:	e5832000 	str	r2, [r3]
 c00099c:	e59f308c 	ldr	r3, [pc, #140]	; c000a30 <Port_Init+0x184>
 c0009a0:	e59f208c 	ldr	r2, [pc, #140]	; c000a34 <Port_Init+0x188>
 c0009a4:	e5832000 	str	r2, [r3]
 c0009a8:	e59f3088 	ldr	r3, [pc, #136]	; c000a38 <Port_Init+0x18c>
 c0009ac:	e3a02000 	mov	r2, #0
 c0009b0:	e5832000 	str	r2, [r3]
 c0009b4:	e24bd00c 	sub	sp, fp, #12
 c0009b8:	e89d6800 	ldm	sp, {fp, sp, lr}
 c0009bc:	e12fff1e 	bx	lr
 c0009c0:	01d20000 	.word	0x01d20000
 c0009c4:	000001ff 	.word	0x000001ff
 c0009c8:	01d2000c 	.word	0x01d2000c
 c0009cc:	000007ff 	.word	0x000007ff
 c0009d0:	01d20008 	.word	0x01d20008
 c0009d4:	000001cf 	.word	0x000001cf
 c0009d8:	01d20014 	.word	0x01d20014
 c0009dc:	01d20010 	.word	0x01d20010
 c0009e0:	0ff0ffff 	.word	0x0ff0ffff
 c0009e4:	01d20018 	.word	0x01d20018
 c0009e8:	000030ff 	.word	0x000030ff
 c0009ec:	01d20020 	.word	0x01d20020
 c0009f0:	01d2001c 	.word	0x01d2001c
 c0009f4:	0000aaaa 	.word	0x0000aaaa
 c0009f8:	01d20024 	.word	0x01d20024
 c0009fc:	01d2002c 	.word	0x01d2002c
 c000a00:	01d20028 	.word	0x01d20028
 c000a04:	00025529 	.word	0x00025529
 c000a08:	01d20030 	.word	0x01d20030
 c000a0c:	01d20038 	.word	0x01d20038
 c000a10:	01d20034 	.word	0x01d20034
 c000a14:	0000252a 	.word	0x0000252a
 c000a18:	01d2003c 	.word	0x01d2003c
 c000a1c:	01d20044 	.word	0x01d20044
 c000a20:	01d20040 	.word	0x01d20040
 c000a24:	0000ffff 	.word	0x0000ffff
 c000a28:	01d20048 	.word	0x01d20048
 c000a2c:	01d2004c 	.word	0x01d2004c
 c000a30:	01c00004 	.word	0x01c00004
 c000a34:	c0002000 	.word	0xc0002000
 c000a38:	01d20050 	.word	0x01d20050

0c000a3c <malloc>:
 c000a3c:	e1a0c00d 	mov	ip, sp
 c000a40:	e92dd800 	push	{fp, ip, lr, pc}
 c000a44:	e24cb004 	sub	fp, ip, #4
 c000a48:	e24dd010 	sub	sp, sp, #16
 c000a4c:	e50b0018 	str	r0, [fp, #-24]	; 0xffffffe8
 c000a50:	e59f307c 	ldr	r3, [pc, #124]	; c000ad4 <malloc+0x98>
 c000a54:	e5933000 	ldr	r3, [r3]
 c000a58:	e50b3010 	str	r3, [fp, #-16]
 c000a5c:	e59f3070 	ldr	r3, [pc, #112]	; c000ad4 <malloc+0x98>
 c000a60:	e5932000 	ldr	r2, [r3]
 c000a64:	e51b3018 	ldr	r3, [fp, #-24]	; 0xffffffe8
 c000a68:	e1a01123 	lsr	r1, r3, #2
 c000a6c:	e51b3018 	ldr	r3, [fp, #-24]	; 0xffffffe8
 c000a70:	e2033003 	and	r3, r3, #3
 c000a74:	e3530000 	cmp	r3, #0
 c000a78:	03a03000 	moveq	r3, #0
 c000a7c:	13a03001 	movne	r3, #1
 c000a80:	e0813003 	add	r3, r1, r3
 c000a84:	e1a03103 	lsl	r3, r3, #2
 c000a88:	e0822003 	add	r2, r2, r3
 c000a8c:	e59f3040 	ldr	r3, [pc, #64]	; c000ad4 <malloc+0x98>
 c000a90:	e5832000 	str	r2, [r3]
 c000a94:	e59f3038 	ldr	r3, [pc, #56]	; c000ad4 <malloc+0x98>
 c000a98:	e5933000 	ldr	r3, [r3]
 c000a9c:	e1a02003 	mov	r2, r3
 c000aa0:	e59f3030 	ldr	r3, [pc, #48]	; c000ad8 <malloc+0x9c>
 c000aa4:	e1520003 	cmp	r2, r3
 c000aa8:	da000004 	ble	c000ac0 <malloc+0x84>
 c000aac:	e59f3020 	ldr	r3, [pc, #32]	; c000ad4 <malloc+0x98>
 c000ab0:	e51b2010 	ldr	r2, [fp, #-16]
 c000ab4:	e5832000 	str	r2, [r3]
 c000ab8:	e3a03000 	mov	r3, #0
 c000abc:	ea000000 	b	c000ac4 <malloc+0x88>
 c000ac0:	e51b3010 	ldr	r3, [fp, #-16]
 c000ac4:	e1a00003 	mov	r0, r3
 c000ac8:	e24bd00c 	sub	sp, fp, #12
 c000acc:	e89d6800 	ldm	sp, {fp, sp, lr}
 c000ad0:	e12fff1e 	bx	lr
 c000ad4:	0c0017e8 	.word	0x0c0017e8
 c000ad8:	0c7ff000 	.word	0x0c7ff000

0c000adc <free>:
 c000adc:	e1a0c00d 	mov	ip, sp
 c000ae0:	e92dd800 	push	{fp, ip, lr, pc}
 c000ae4:	e24cb004 	sub	fp, ip, #4
 c000ae8:	e24dd008 	sub	sp, sp, #8
 c000aec:	e50b0010 	str	r0, [fp, #-16]
 c000af0:	e59f3010 	ldr	r3, [pc, #16]	; c000b08 <free+0x2c>
 c000af4:	e51b2010 	ldr	r2, [fp, #-16]
 c000af8:	e5832000 	str	r2, [r3]
 c000afc:	e24bd00c 	sub	sp, fp, #12
 c000b00:	e89d6800 	ldm	sp, {fp, sp, lr}
 c000b04:	e12fff1e 	bx	lr
 c000b08:	0c0017e8 	.word	0x0c0017e8

0c000b0c <sys_init>:
 c000b0c:	e1a0c00d 	mov	ip, sp
 c000b10:	e92dd800 	push	{fp, ip, lr, pc}
 c000b14:	e24cb004 	sub	fp, ip, #4
 c000b18:	e59f304c 	ldr	r3, [pc, #76]	; c000b6c <sys_init+0x60>
 c000b1c:	e3a02000 	mov	r2, #0
 c000b20:	e5832000 	str	r2, [r3]
 c000b24:	e3a0361e 	mov	r3, #31457280	; 0x1e00000
 c000b28:	e3a02001 	mov	r2, #1
 c000b2c:	e5832000 	str	r2, [r3]
 c000b30:	e59f3038 	ldr	r3, [pc, #56]	; c000b70 <sys_init+0x64>
 c000b34:	e3e02000 	mvn	r2, #0
 c000b38:	e5832000 	str	r2, [r3]
 c000b3c:	e59f3030 	ldr	r3, [pc, #48]	; c000b74 <sys_init+0x68>
 c000b40:	e3a0200f 	mov	r2, #15
 c000b44:	e5832000 	str	r2, [r3]
 c000b48:	ebffff57 	bl	c0008ac <Port_Init>
 c000b4c:	e3a00000 	mov	r0, #0
 c000b50:	ebfffeee 	bl	c000710 <Delay>
 c000b54:	e59f301c 	ldr	r3, [pc, #28]	; c000b78 <sys_init+0x6c>
 c000b58:	e3e02301 	mvn	r2, #67108864	; 0x4000000
 c000b5c:	e5832000 	str	r2, [r3]
 c000b60:	e24bd00c 	sub	sp, fp, #12
 c000b64:	e89d6800 	ldm	sp, {fp, sp, lr}
 c000b68:	e12fff1e 	bx	lr
 c000b6c:	01e00008 	.word	0x01e00008
 c000b70:	01e00024 	.word	0x01e00024
 c000b74:	01d20054 	.word	0x01d20054
 c000b78:	01e0000c 	.word	0x01e0000c

0c000b7c <D8Led_init>:
void D8Led_init(void);
void D8Led_symbol(int value); 

/*--- código de las funciones ---*/
void D8Led_init(void)
{
 c000b7c:	e1a0c00d 	mov	ip, sp
 c000b80:	e92dd800 	push	{fp, ip, lr, pc}
 c000b84:	e24cb004 	sub	fp, ip, #4
    /* Estado inicial del display con todos los segmentos iluminados 
       (buscar en los ficheros de cabera la direccion implicada) */
    LED8ADDR = 0 ;
 c000b88:	e3a03785 	mov	r3, #34865152	; 0x2140000
 c000b8c:	e3a02000 	mov	r2, #0
 c000b90:	e5c32000 	strb	r2, [r3]
}
 c000b94:	e24bd00c 	sub	sp, fp, #12
 c000b98:	e89d6800 	ldm	sp, {fp, sp, lr}
 c000b9c:	e12fff1e 	bx	lr

0c000ba0 <D8Led_symbol>:

void D8Led_symbol(int value)
{
 c000ba0:	e1a0c00d 	mov	ip, sp
 c000ba4:	e92dd800 	push	{fp, ip, lr, pc}
 c000ba8:	e24cb004 	sub	fp, ip, #4
 c000bac:	e24dd008 	sub	sp, sp, #8
 c000bb0:	e50b0010 	str	r0, [fp, #-16]
/*Tarea 3*/
	/* muestra el Symbol[value] en el display   */
	if(value == 0x9)
 c000bb4:	e51b3010 	ldr	r3, [fp, #-16]
 c000bb8:	e3530009 	cmp	r3, #9
 c000bbc:	1a00001f 	bne	c000c40 <D8Led_symbol+0xa0>
		LED8ADDR = Symbol[0] & Symbol[1] & Symbol[2] & Symbol[3] & Symbol[5] & Symbol[6];
 c000bc0:	e3a03785 	mov	r3, #34865152	; 0x2140000
 c000bc4:	e59f248c 	ldr	r2, [pc, #1164]	; c001058 <D8Led_symbol+0x4b8>
 c000bc8:	e5922000 	ldr	r2, [r2]
 c000bcc:	e20210ff 	and	r1, r2, #255	; 0xff
 c000bd0:	e59f2480 	ldr	r2, [pc, #1152]	; c001058 <D8Led_symbol+0x4b8>
 c000bd4:	e5922004 	ldr	r2, [r2, #4]
 c000bd8:	e20220ff 	and	r2, r2, #255	; 0xff
 c000bdc:	e0012002 	and	r2, r1, r2
 c000be0:	e20210ff 	and	r1, r2, #255	; 0xff
 c000be4:	e59f246c 	ldr	r2, [pc, #1132]	; c001058 <D8Led_symbol+0x4b8>
 c000be8:	e5922008 	ldr	r2, [r2, #8]
 c000bec:	e20220ff 	and	r2, r2, #255	; 0xff
 c000bf0:	e0012002 	and	r2, r1, r2
 c000bf4:	e20210ff 	and	r1, r2, #255	; 0xff
 c000bf8:	e59f2458 	ldr	r2, [pc, #1112]	; c001058 <D8Led_symbol+0x4b8>
 c000bfc:	e592200c 	ldr	r2, [r2, #12]
 c000c00:	e20220ff 	and	r2, r2, #255	; 0xff
 c000c04:	e0012002 	and	r2, r1, r2
 c000c08:	e20210ff 	and	r1, r2, #255	; 0xff
 c000c0c:	e59f2444 	ldr	r2, [pc, #1092]	; c001058 <D8Led_symbol+0x4b8>
 c000c10:	e5922014 	ldr	r2, [r2, #20]
 c000c14:	e20220ff 	and	r2, r2, #255	; 0xff
 c000c18:	e0012002 	and	r2, r1, r2
 c000c1c:	e20210ff 	and	r1, r2, #255	; 0xff
 c000c20:	e59f2430 	ldr	r2, [pc, #1072]	; c001058 <D8Led_symbol+0x4b8>
 c000c24:	e5922018 	ldr	r2, [r2, #24]
 c000c28:	e20220ff 	and	r2, r2, #255	; 0xff
 c000c2c:	e0012002 	and	r2, r1, r2
 c000c30:	e20220ff 	and	r2, r2, #255	; 0xff
 c000c34:	e20220ff 	and	r2, r2, #255	; 0xff
 c000c38:	e5c32000 	strb	r2, [r3]
 c000c3c:	ea000102 	b	c00104c <D8Led_symbol+0x4ac>
	else if(value == 0x8)
 c000c40:	e51b3010 	ldr	r3, [fp, #-16]
 c000c44:	e3530008 	cmp	r3, #8
 c000c48:	1a000024 	bne	c000ce0 <D8Led_symbol+0x140>
		LED8ADDR = Symbol[0] & Symbol[1] & Symbol[2] & Symbol[3] & Symbol[4] & Symbol[5] & Symbol[6];
 c000c4c:	e3a03785 	mov	r3, #34865152	; 0x2140000
 c000c50:	e59f2400 	ldr	r2, [pc, #1024]	; c001058 <D8Led_symbol+0x4b8>
 c000c54:	e5922000 	ldr	r2, [r2]
 c000c58:	e20210ff 	and	r1, r2, #255	; 0xff
 c000c5c:	e59f23f4 	ldr	r2, [pc, #1012]	; c001058 <D8Led_symbol+0x4b8>
 c000c60:	e5922004 	ldr	r2, [r2, #4]
 c000c64:	e20220ff 	and	r2, r2, #255	; 0xff
 c000c68:	e0012002 	and	r2, r1, r2
 c000c6c:	e20210ff 	and	r1, r2, #255	; 0xff
 c000c70:	e59f23e0 	ldr	r2, [pc, #992]	; c001058 <D8Led_symbol+0x4b8>
 c000c74:	e5922008 	ldr	r2, [r2, #8]
 c000c78:	e20220ff 	and	r2, r2, #255	; 0xff
 c000c7c:	e0012002 	and	r2, r1, r2
 c000c80:	e20210ff 	and	r1, r2, #255	; 0xff
 c000c84:	e59f23cc 	ldr	r2, [pc, #972]	; c001058 <D8Led_symbol+0x4b8>
 c000c88:	e592200c 	ldr	r2, [r2, #12]
 c000c8c:	e20220ff 	and	r2, r2, #255	; 0xff
 c000c90:	e0012002 	and	r2, r1, r2
 c000c94:	e20210ff 	and	r1, r2, #255	; 0xff
 c000c98:	e59f23b8 	ldr	r2, [pc, #952]	; c001058 <D8Led_symbol+0x4b8>
 c000c9c:	e5922010 	ldr	r2, [r2, #16]
 c000ca0:	e20220ff 	and	r2, r2, #255	; 0xff
 c000ca4:	e0012002 	and	r2, r1, r2
 c000ca8:	e20210ff 	and	r1, r2, #255	; 0xff
 c000cac:	e59f23a4 	ldr	r2, [pc, #932]	; c001058 <D8Led_symbol+0x4b8>
 c000cb0:	e5922014 	ldr	r2, [r2, #20]
 c000cb4:	e20220ff 	and	r2, r2, #255	; 0xff
 c000cb8:	e0012002 	and	r2, r1, r2
 c000cbc:	e20210ff 	and	r1, r2, #255	; 0xff
 c000cc0:	e59f2390 	ldr	r2, [pc, #912]	; c001058 <D8Led_symbol+0x4b8>
 c000cc4:	e5922018 	ldr	r2, [r2, #24]
 c000cc8:	e20220ff 	and	r2, r2, #255	; 0xff
 c000ccc:	e0012002 	and	r2, r1, r2
 c000cd0:	e20220ff 	and	r2, r2, #255	; 0xff
 c000cd4:	e20220ff 	and	r2, r2, #255	; 0xff
 c000cd8:	e5c32000 	strb	r2, [r3]
 c000cdc:	ea0000da 	b	c00104c <D8Led_symbol+0x4ac>
	else if(value == 0x7)
 c000ce0:	e51b3010 	ldr	r3, [fp, #-16]
 c000ce4:	e3530007 	cmp	r3, #7
 c000ce8:	1a000010 	bne	c000d30 <D8Led_symbol+0x190>
			LED8ADDR = Symbol[0] & Symbol[1] & Symbol[2];
 c000cec:	e3a03785 	mov	r3, #34865152	; 0x2140000
 c000cf0:	e59f2360 	ldr	r2, [pc, #864]	; c001058 <D8Led_symbol+0x4b8>
 c000cf4:	e5922000 	ldr	r2, [r2]
 c000cf8:	e20210ff 	and	r1, r2, #255	; 0xff
 c000cfc:	e59f2354 	ldr	r2, [pc, #852]	; c001058 <D8Led_symbol+0x4b8>
 c000d00:	e5922004 	ldr	r2, [r2, #4]
 c000d04:	e20220ff 	and	r2, r2, #255	; 0xff
 c000d08:	e0012002 	and	r2, r1, r2
 c000d0c:	e20210ff 	and	r1, r2, #255	; 0xff
 c000d10:	e59f2340 	ldr	r2, [pc, #832]	; c001058 <D8Led_symbol+0x4b8>
 c000d14:	e5922008 	ldr	r2, [r2, #8]
 c000d18:	e20220ff 	and	r2, r2, #255	; 0xff
 c000d1c:	e0012002 	and	r2, r1, r2
 c000d20:	e20220ff 	and	r2, r2, #255	; 0xff
 c000d24:	e20220ff 	and	r2, r2, #255	; 0xff
 c000d28:	e5c32000 	strb	r2, [r3]
 c000d2c:	ea0000c6 	b	c00104c <D8Led_symbol+0x4ac>
	else if(value == 0x6)
 c000d30:	e51b3010 	ldr	r3, [fp, #-16]
 c000d34:	e3530006 	cmp	r3, #6
 c000d38:	1a00001f 	bne	c000dbc <D8Led_symbol+0x21c>
			LED8ADDR = Symbol[0] &  Symbol[2] & Symbol[3] &  Symbol[4] & Symbol[5] &  Symbol[6];
 c000d3c:	e3a03785 	mov	r3, #34865152	; 0x2140000
 c000d40:	e59f2310 	ldr	r2, [pc, #784]	; c001058 <D8Led_symbol+0x4b8>
 c000d44:	e5922000 	ldr	r2, [r2]
 c000d48:	e20210ff 	and	r1, r2, #255	; 0xff
 c000d4c:	e59f2304 	ldr	r2, [pc, #772]	; c001058 <D8Led_symbol+0x4b8>
 c000d50:	e5922008 	ldr	r2, [r2, #8]
 c000d54:	e20220ff 	and	r2, r2, #255	; 0xff
 c000d58:	e0012002 	and	r2, r1, r2
 c000d5c:	e20210ff 	and	r1, r2, #255	; 0xff
 c000d60:	e59f22f0 	ldr	r2, [pc, #752]	; c001058 <D8Led_symbol+0x4b8>
 c000d64:	e592200c 	ldr	r2, [r2, #12]
 c000d68:	e20220ff 	and	r2, r2, #255	; 0xff
 c000d6c:	e0012002 	and	r2, r1, r2
 c000d70:	e20210ff 	and	r1, r2, #255	; 0xff
 c000d74:	e59f22dc 	ldr	r2, [pc, #732]	; c001058 <D8Led_symbol+0x4b8>
 c000d78:	e5922010 	ldr	r2, [r2, #16]
 c000d7c:	e20220ff 	and	r2, r2, #255	; 0xff
 c000d80:	e0012002 	and	r2, r1, r2
 c000d84:	e20210ff 	and	r1, r2, #255	; 0xff
 c000d88:	e59f22c8 	ldr	r2, [pc, #712]	; c001058 <D8Led_symbol+0x4b8>
 c000d8c:	e5922014 	ldr	r2, [r2, #20]
 c000d90:	e20220ff 	and	r2, r2, #255	; 0xff
 c000d94:	e0012002 	and	r2, r1, r2
 c000d98:	e20210ff 	and	r1, r2, #255	; 0xff
 c000d9c:	e59f22b4 	ldr	r2, [pc, #692]	; c001058 <D8Led_symbol+0x4b8>
 c000da0:	e5922018 	ldr	r2, [r2, #24]
 c000da4:	e20220ff 	and	r2, r2, #255	; 0xff
 c000da8:	e0012002 	and	r2, r1, r2
 c000dac:	e20220ff 	and	r2, r2, #255	; 0xff
 c000db0:	e20220ff 	and	r2, r2, #255	; 0xff
 c000db4:	e5c32000 	strb	r2, [r3]
 c000db8:	ea0000a3 	b	c00104c <D8Led_symbol+0x4ac>
	else if(value == 0x5)
 c000dbc:	e51b3010 	ldr	r3, [fp, #-16]
 c000dc0:	e3530005 	cmp	r3, #5
 c000dc4:	1a00001a 	bne	c000e34 <D8Led_symbol+0x294>
			LED8ADDR = Symbol[0] & Symbol[2] & Symbol[3] & Symbol[5] & Symbol[6];
 c000dc8:	e3a03785 	mov	r3, #34865152	; 0x2140000
 c000dcc:	e59f2284 	ldr	r2, [pc, #644]	; c001058 <D8Led_symbol+0x4b8>
 c000dd0:	e5922000 	ldr	r2, [r2]
 c000dd4:	e20210ff 	and	r1, r2, #255	; 0xff
 c000dd8:	e59f2278 	ldr	r2, [pc, #632]	; c001058 <D8Led_symbol+0x4b8>
 c000ddc:	e5922008 	ldr	r2, [r2, #8]
 c000de0:	e20220ff 	and	r2, r2, #255	; 0xff
 c000de4:	e0012002 	and	r2, r1, r2
 c000de8:	e20210ff 	and	r1, r2, #255	; 0xff
 c000dec:	e59f2264 	ldr	r2, [pc, #612]	; c001058 <D8Led_symbol+0x4b8>
 c000df0:	e592200c 	ldr	r2, [r2, #12]
 c000df4:	e20220ff 	and	r2, r2, #255	; 0xff
 c000df8:	e0012002 	and	r2, r1, r2
 c000dfc:	e20210ff 	and	r1, r2, #255	; 0xff
 c000e00:	e59f2250 	ldr	r2, [pc, #592]	; c001058 <D8Led_symbol+0x4b8>
 c000e04:	e5922014 	ldr	r2, [r2, #20]
 c000e08:	e20220ff 	and	r2, r2, #255	; 0xff
 c000e0c:	e0012002 	and	r2, r1, r2
 c000e10:	e20210ff 	and	r1, r2, #255	; 0xff
 c000e14:	e59f223c 	ldr	r2, [pc, #572]	; c001058 <D8Led_symbol+0x4b8>
 c000e18:	e5922018 	ldr	r2, [r2, #24]
 c000e1c:	e20220ff 	and	r2, r2, #255	; 0xff
 c000e20:	e0012002 	and	r2, r1, r2
 c000e24:	e20220ff 	and	r2, r2, #255	; 0xff
 c000e28:	e20220ff 	and	r2, r2, #255	; 0xff
 c000e2c:	e5c32000 	strb	r2, [r3]
 c000e30:	ea000085 	b	c00104c <D8Led_symbol+0x4ac>
	else if(value == 0x4)
 c000e34:	e51b3010 	ldr	r3, [fp, #-16]
 c000e38:	e3530004 	cmp	r3, #4
 c000e3c:	1a000015 	bne	c000e98 <D8Led_symbol+0x2f8>
			LED8ADDR = Symbol[1] & Symbol[2] & Symbol[5] & Symbol[6];
 c000e40:	e3a03785 	mov	r3, #34865152	; 0x2140000
 c000e44:	e59f220c 	ldr	r2, [pc, #524]	; c001058 <D8Led_symbol+0x4b8>
 c000e48:	e5922004 	ldr	r2, [r2, #4]
 c000e4c:	e20210ff 	and	r1, r2, #255	; 0xff
 c000e50:	e59f2200 	ldr	r2, [pc, #512]	; c001058 <D8Led_symbol+0x4b8>
 c000e54:	e5922008 	ldr	r2, [r2, #8]
 c000e58:	e20220ff 	and	r2, r2, #255	; 0xff
 c000e5c:	e0012002 	and	r2, r1, r2
 c000e60:	e20210ff 	and	r1, r2, #255	; 0xff
 c000e64:	e59f21ec 	ldr	r2, [pc, #492]	; c001058 <D8Led_symbol+0x4b8>
 c000e68:	e5922014 	ldr	r2, [r2, #20]
 c000e6c:	e20220ff 	and	r2, r2, #255	; 0xff
 c000e70:	e0012002 	and	r2, r1, r2
 c000e74:	e20210ff 	and	r1, r2, #255	; 0xff
 c000e78:	e59f21d8 	ldr	r2, [pc, #472]	; c001058 <D8Led_symbol+0x4b8>
 c000e7c:	e5922018 	ldr	r2, [r2, #24]
 c000e80:	e20220ff 	and	r2, r2, #255	; 0xff
 c000e84:	e0012002 	and	r2, r1, r2
 c000e88:	e20220ff 	and	r2, r2, #255	; 0xff
 c000e8c:	e20220ff 	and	r2, r2, #255	; 0xff
 c000e90:	e5c32000 	strb	r2, [r3]
 c000e94:	ea00006c 	b	c00104c <D8Led_symbol+0x4ac>
	else if(value == 0x3)
 c000e98:	e51b3010 	ldr	r3, [fp, #-16]
 c000e9c:	e3530003 	cmp	r3, #3
 c000ea0:	1a00001a 	bne	c000f10 <D8Led_symbol+0x370>
			LED8ADDR = Symbol[0] & Symbol[1] & Symbol[2] & Symbol[3] & Symbol[6];
 c000ea4:	e3a03785 	mov	r3, #34865152	; 0x2140000
 c000ea8:	e59f21a8 	ldr	r2, [pc, #424]	; c001058 <D8Led_symbol+0x4b8>
 c000eac:	e5922000 	ldr	r2, [r2]
 c000eb0:	e20210ff 	and	r1, r2, #255	; 0xff
 c000eb4:	e59f219c 	ldr	r2, [pc, #412]	; c001058 <D8Led_symbol+0x4b8>
 c000eb8:	e5922004 	ldr	r2, [r2, #4]
 c000ebc:	e20220ff 	and	r2, r2, #255	; 0xff
 c000ec0:	e0012002 	and	r2, r1, r2
 c000ec4:	e20210ff 	and	r1, r2, #255	; 0xff
 c000ec8:	e59f2188 	ldr	r2, [pc, #392]	; c001058 <D8Led_symbol+0x4b8>
 c000ecc:	e5922008 	ldr	r2, [r2, #8]
 c000ed0:	e20220ff 	and	r2, r2, #255	; 0xff
 c000ed4:	e0012002 	and	r2, r1, r2
 c000ed8:	e20210ff 	and	r1, r2, #255	; 0xff
 c000edc:	e59f2174 	ldr	r2, [pc, #372]	; c001058 <D8Led_symbol+0x4b8>
 c000ee0:	e592200c 	ldr	r2, [r2, #12]
 c000ee4:	e20220ff 	and	r2, r2, #255	; 0xff
 c000ee8:	e0012002 	and	r2, r1, r2
 c000eec:	e20210ff 	and	r1, r2, #255	; 0xff
 c000ef0:	e59f2160 	ldr	r2, [pc, #352]	; c001058 <D8Led_symbol+0x4b8>
 c000ef4:	e5922018 	ldr	r2, [r2, #24]
 c000ef8:	e20220ff 	and	r2, r2, #255	; 0xff
 c000efc:	e0012002 	and	r2, r1, r2
 c000f00:	e20220ff 	and	r2, r2, #255	; 0xff
 c000f04:	e20220ff 	and	r2, r2, #255	; 0xff
 c000f08:	e5c32000 	strb	r2, [r3]
 c000f0c:	ea00004e 	b	c00104c <D8Led_symbol+0x4ac>
	else if(value == 0x2)
 c000f10:	e51b3010 	ldr	r3, [fp, #-16]
 c000f14:	e3530002 	cmp	r3, #2
 c000f18:	1a00001a 	bne	c000f88 <D8Led_symbol+0x3e8>
			LED8ADDR = Symbol[0] & Symbol[1] & Symbol[3] & Symbol[4] & Symbol[6];
 c000f1c:	e3a03785 	mov	r3, #34865152	; 0x2140000
 c000f20:	e59f2130 	ldr	r2, [pc, #304]	; c001058 <D8Led_symbol+0x4b8>
 c000f24:	e5922000 	ldr	r2, [r2]
 c000f28:	e20210ff 	and	r1, r2, #255	; 0xff
 c000f2c:	e59f2124 	ldr	r2, [pc, #292]	; c001058 <D8Led_symbol+0x4b8>
 c000f30:	e5922004 	ldr	r2, [r2, #4]
 c000f34:	e20220ff 	and	r2, r2, #255	; 0xff
 c000f38:	e0012002 	and	r2, r1, r2
 c000f3c:	e20210ff 	and	r1, r2, #255	; 0xff
 c000f40:	e59f2110 	ldr	r2, [pc, #272]	; c001058 <D8Led_symbol+0x4b8>
 c000f44:	e592200c 	ldr	r2, [r2, #12]
 c000f48:	e20220ff 	and	r2, r2, #255	; 0xff
 c000f4c:	e0012002 	and	r2, r1, r2
 c000f50:	e20210ff 	and	r1, r2, #255	; 0xff
 c000f54:	e59f20fc 	ldr	r2, [pc, #252]	; c001058 <D8Led_symbol+0x4b8>
 c000f58:	e5922010 	ldr	r2, [r2, #16]
 c000f5c:	e20220ff 	and	r2, r2, #255	; 0xff
 c000f60:	e0012002 	and	r2, r1, r2
 c000f64:	e20210ff 	and	r1, r2, #255	; 0xff
 c000f68:	e59f20e8 	ldr	r2, [pc, #232]	; c001058 <D8Led_symbol+0x4b8>
 c000f6c:	e5922018 	ldr	r2, [r2, #24]
 c000f70:	e20220ff 	and	r2, r2, #255	; 0xff
 c000f74:	e0012002 	and	r2, r1, r2
 c000f78:	e20220ff 	and	r2, r2, #255	; 0xff
 c000f7c:	e20220ff 	and	r2, r2, #255	; 0xff
 c000f80:	e5c32000 	strb	r2, [r3]
 c000f84:	ea000030 	b	c00104c <D8Led_symbol+0x4ac>
	else if(value == 0x1)
 c000f88:	e51b3010 	ldr	r3, [fp, #-16]
 c000f8c:	e3530001 	cmp	r3, #1
 c000f90:	1a00000b 	bne	c000fc4 <D8Led_symbol+0x424>
			LED8ADDR = Symbol[1] & Symbol[2];
 c000f94:	e3a03785 	mov	r3, #34865152	; 0x2140000
 c000f98:	e59f20b8 	ldr	r2, [pc, #184]	; c001058 <D8Led_symbol+0x4b8>
 c000f9c:	e5922004 	ldr	r2, [r2, #4]
 c000fa0:	e20210ff 	and	r1, r2, #255	; 0xff
 c000fa4:	e59f20ac 	ldr	r2, [pc, #172]	; c001058 <D8Led_symbol+0x4b8>
 c000fa8:	e5922008 	ldr	r2, [r2, #8]
 c000fac:	e20220ff 	and	r2, r2, #255	; 0xff
 c000fb0:	e0012002 	and	r2, r1, r2
 c000fb4:	e20220ff 	and	r2, r2, #255	; 0xff
 c000fb8:	e20220ff 	and	r2, r2, #255	; 0xff
 c000fbc:	e5c32000 	strb	r2, [r3]
 c000fc0:	ea000021 	b	c00104c <D8Led_symbol+0x4ac>
	else if(value == 0x0)
 c000fc4:	e51b3010 	ldr	r3, [fp, #-16]
 c000fc8:	e3530000 	cmp	r3, #0
 c000fcc:	1a00001e 	bne	c00104c <D8Led_symbol+0x4ac>
			LED8ADDR = Symbol[0] & Symbol[1] & Symbol[2] & Symbol[3] & Symbol[4] & Symbol[5];
 c000fd0:	e3a03785 	mov	r3, #34865152	; 0x2140000
 c000fd4:	e59f207c 	ldr	r2, [pc, #124]	; c001058 <D8Led_symbol+0x4b8>
 c000fd8:	e5922000 	ldr	r2, [r2]
 c000fdc:	e20210ff 	and	r1, r2, #255	; 0xff
 c000fe0:	e59f2070 	ldr	r2, [pc, #112]	; c001058 <D8Led_symbol+0x4b8>
 c000fe4:	e5922004 	ldr	r2, [r2, #4]
 c000fe8:	e20220ff 	and	r2, r2, #255	; 0xff
 c000fec:	e0012002 	and	r2, r1, r2
 c000ff0:	e20210ff 	and	r1, r2, #255	; 0xff
 c000ff4:	e59f205c 	ldr	r2, [pc, #92]	; c001058 <D8Led_symbol+0x4b8>
 c000ff8:	e5922008 	ldr	r2, [r2, #8]
 c000ffc:	e20220ff 	and	r2, r2, #255	; 0xff
 c001000:	e0012002 	and	r2, r1, r2
 c001004:	e20210ff 	and	r1, r2, #255	; 0xff
 c001008:	e59f2048 	ldr	r2, [pc, #72]	; c001058 <D8Led_symbol+0x4b8>
 c00100c:	e592200c 	ldr	r2, [r2, #12]
 c001010:	e20220ff 	and	r2, r2, #255	; 0xff
 c001014:	e0012002 	and	r2, r1, r2
 c001018:	e20210ff 	and	r1, r2, #255	; 0xff
 c00101c:	e59f2034 	ldr	r2, [pc, #52]	; c001058 <D8Led_symbol+0x4b8>
 c001020:	e5922010 	ldr	r2, [r2, #16]
 c001024:	e20220ff 	and	r2, r2, #255	; 0xff
 c001028:	e0012002 	and	r2, r1, r2
 c00102c:	e20210ff 	and	r1, r2, #255	; 0xff
 c001030:	e59f2020 	ldr	r2, [pc, #32]	; c001058 <D8Led_symbol+0x4b8>
 c001034:	e5922014 	ldr	r2, [r2, #20]
 c001038:	e20220ff 	and	r2, r2, #255	; 0xff
 c00103c:	e0012002 	and	r2, r1, r2
 c001040:	e20220ff 	and	r2, r2, #255	; 0xff
 c001044:	e20220ff 	and	r2, r2, #255	; 0xff
 c001048:	e5c32000 	strb	r2, [r3]
		
/*fin Tarea 3*/		
}
 c00104c:	e24bd00c 	sub	sp, fp, #12
 c001050:	e89d6800 	ldm	sp, {fp, sp, lr}
 c001054:	e12fff1e 	bx	lr
 c001058:	0c0017f4 	.word	0x0c0017f4

0c00105c <Eint4567_init>:

#define INTPND  (*(volatile unsigned *)0x01E00004)

/*--- codigo de funciones ---*/
void Eint4567_init(void)
{
 c00105c:	e1a0c00d 	mov	ip, sp
 c001060:	e92dd800 	push	{fp, ip, lr, pc}
 c001064:	e24cb004 	sub	fp, ip, #4
/*TAREA 1a*/
    
    /* Configuracion del puerto G */
    	rPCONG  = 0xffff;        		// Establece la funcion de los pines (EINT0-7)
 c001068:	e59f309c 	ldr	r3, [pc, #156]	; c00110c <Eint4567_init+0xb0>
 c00106c:	e59f209c 	ldr	r2, [pc, #156]	; c001110 <Eint4567_init+0xb4>
 c001070:	e5832000 	str	r2, [r3]
		rPUPG   = 0x0;                  // Habilita el "pull up" del puerto
 c001074:	e59f3098 	ldr	r3, [pc, #152]	; c001114 <Eint4567_init+0xb8>
 c001078:	e3a02000 	mov	r2, #0
 c00107c:	e5832000 	str	r2, [r3]
		rEXTINT = rEXTINT|0x22222222;   // Configura las lineas de int. como de flanco de bajada
 c001080:	e59f2090 	ldr	r2, [pc, #144]	; c001118 <Eint4567_init+0xbc>
 c001084:	e59f308c 	ldr	r3, [pc, #140]	; c001118 <Eint4567_init+0xbc>
 c001088:	e5931000 	ldr	r1, [r3]
 c00108c:	e59f3088 	ldr	r3, [pc, #136]	; c00111c <Eint4567_init+0xc0>
 c001090:	e1813003 	orr	r3, r1, r3
 c001094:	e5823000 	str	r3, [r2]

	/* Establece la rutina de servicio para Eint4567 */
		pISR_EINT4567 = (int)Eint4567_ISR;
 c001098:	e59f3080 	ldr	r3, [pc, #128]	; c001120 <Eint4567_init+0xc4>
 c00109c:	e59f2080 	ldr	r2, [pc, #128]	; c001124 <Eint4567_init+0xc8>
 c0010a0:	e5832000 	str	r2, [r3]

	/* Configurar del controlador de interrupciones */
		rI_ISPC = 0x3ffffff; // Escribimos 1s en I_ISPC para que se borren todos los bits de interrupciones pendientes del registro I_ISPC
 c0010a4:	e59f307c 	ldr	r3, [pc, #124]	; c001128 <Eint4567_init+0xcc>
 c0010a8:	e3e0233f 	mvn	r2, #-67108864	; 0xfc000000
 c0010ac:	e5832000 	str	r2, [r3]
		rEXTINTPND = 0xf;		   // Borra EXTINTPND escribiendo 1s en el propio registro.
 c0010b0:	e59f3074 	ldr	r3, [pc, #116]	; c00112c <Eint4567_init+0xd0>
 c0010b4:	e3a0200f 	mov	r2, #15
 c0010b8:	e5832000 	str	r2, [r3]
		rINTMOD = 0; // Configura las lineas como de tipo IRQ mediante rINTMOD
 c0010bc:	e59f306c 	ldr	r3, [pc, #108]	; c001130 <Eint4567_init+0xd4>
 c0010c0:	e3a02000 	mov	r2, #0
 c0010c4:	e5832000 	str	r2, [r3]
		rINTCON |= 0x1; // Habilita int. vectorizadas y la linea IRQ (FIQ no) mediante rINTCON
 c0010c8:	e3a0361e 	mov	r3, #31457280	; 0x1e00000
 c0010cc:	e3a0261e 	mov	r2, #31457280	; 0x1e00000
 c0010d0:	e5922000 	ldr	r2, [r2]
 c0010d4:	e3822001 	orr	r2, r2, #1
 c0010d8:	e5832000 	str	r2, [r3]

	// Enmascara todas las lineas excepto eint4567 y el bit global mediante rINTMSK
		rINTMSK = ~(BIT_EINT4567|BIT_GLOBAL);
 c0010dc:	e59f3050 	ldr	r3, [pc, #80]	; c001134 <Eint4567_init+0xd8>
 c0010e0:	e3e02642 	mvn	r2, #69206016	; 0x4200000
 c0010e4:	e5832000 	str	r2, [r3]

    /* Por precaucion, se vuelven a borrar los bits de INTPND y EXTINTPND */
		rI_ISPC = 0x3ffffff; // Borra INTPND escribiendo 1s en I_ISPC.
 c0010e8:	e59f3038 	ldr	r3, [pc, #56]	; c001128 <Eint4567_init+0xcc>
 c0010ec:	e3e0233f 	mvn	r2, #-67108864	; 0xfc000000
 c0010f0:	e5832000 	str	r2, [r3]
		rEXTINTPND = 0xf; // Borra EXTINTPND escribiendo 1s en el propio registro.
 c0010f4:	e59f3030 	ldr	r3, [pc, #48]	; c00112c <Eint4567_init+0xd0>
 c0010f8:	e3a0200f 	mov	r2, #15
 c0010fc:	e5832000 	str	r2, [r3]
/*fin TAREA 1a*/  
}
 c001100:	e24bd00c 	sub	sp, fp, #12
 c001104:	e89d6800 	ldm	sp, {fp, sp, lr}
 c001108:	e12fff1e 	bx	lr
 c00110c:	01d20040 	.word	0x01d20040
 c001110:	0000ffff 	.word	0x0000ffff
 c001114:	01d20048 	.word	0x01d20048
 c001118:	01d20050 	.word	0x01d20050
 c00111c:	22222222 	.word	0x22222222
 c001120:	0c7fff74 	.word	0x0c7fff74
 c001124:	0c001198 	.word	0x0c001198
 c001128:	01e00024 	.word	0x01e00024
 c00112c:	01d20054 	.word	0x01d20054
 c001130:	01e00008 	.word	0x01e00008
 c001134:	01e0000c 	.word	0x01e0000c

0c001138 <EliminaRebotes>:

// Rutina para hacer una espera activa
void EliminaRebotes(void) {
 c001138:	e1a0c00d 	mov	ip, sp
 c00113c:	e92dd800 	push	{fp, ip, lr, pc}
 c001140:	e24cb004 	sub	fp, ip, #4
 c001144:	e24dd010 	sub	sp, sp, #16
	int i,j,k;
	i=200000;
 c001148:	e59f3044 	ldr	r3, [pc, #68]	; c001194 <EliminaRebotes+0x5c>
 c00114c:	e50b3018 	str	r3, [fp, #-24]	; 0xffffffe8
	j=0;
 c001150:	e3a03000 	mov	r3, #0
 c001154:	e50b3010 	str	r3, [fp, #-16]
	while (j!=i){
 c001158:	ea000006 	b	c001178 <EliminaRebotes+0x40>
		k=k*j;
 c00115c:	e51b3014 	ldr	r3, [fp, #-20]	; 0xffffffec
 c001160:	e51b2010 	ldr	r2, [fp, #-16]
 c001164:	e0030392 	mul	r3, r2, r3
 c001168:	e50b3014 	str	r3, [fp, #-20]	; 0xffffffec
		j+=1;
 c00116c:	e51b3010 	ldr	r3, [fp, #-16]
 c001170:	e2833001 	add	r3, r3, #1
 c001174:	e50b3010 	str	r3, [fp, #-16]
// Rutina para hacer una espera activa
void EliminaRebotes(void) {
	int i,j,k;
	i=200000;
	j=0;
	while (j!=i){
 c001178:	e51b2010 	ldr	r2, [fp, #-16]
 c00117c:	e51b3018 	ldr	r3, [fp, #-24]	; 0xffffffe8
 c001180:	e1520003 	cmp	r2, r3
 c001184:	1afffff4 	bne	c00115c <EliminaRebotes+0x24>
		k=k*j;
		j+=1;
	}
}
 c001188:	e24bd00c 	sub	sp, fp, #12
 c00118c:	e89d6800 	ldm	sp, {fp, sp, lr}
 c001190:	e12fff1e 	bx	lr
 c001194:	00030d40 	.word	0x00030d40

0c001198 <Eint4567_ISR>:

void Eint4567_ISR(void)
{          
 c001198:	e52dc004 	push	{ip}		; (str ip, [sp, #-4]!)
 c00119c:	e1a0c00d 	mov	ip, sp
 c0011a0:	e92dd80f 	push	{r0, r1, r2, r3, fp, ip, lr, pc}
 c0011a4:	e24cb004 	sub	fp, ip, #4
 c0011a8:	e24dd008 	sub	sp, sp, #8
    int which_int;
	/*TAREA 1b*/
    /* Identificar la interrupción */
    	which_int = rEXTINTPND;
 c0011ac:	e59f3090 	ldr	r3, [pc, #144]	; c001244 <Eint4567_ISR+0xac>
 c0011b0:	e5933000 	ldr	r3, [r3]
 c0011b4:	e50b3020 	str	r3, [fp, #-32]	; 0xffffffe0

    /* Código para eliminar rebotes*/
    	EliminaRebotes();
 c0011b8:	ebffffde 	bl	c001138 <EliminaRebotes>
	/* Reflejar en update el sentido de la actualización
	   Nota: para solucionar los problemas de rebotes en el pulsador 
             solo se modifica update cuando se encuentra a cero */ 

       switch (which_int) {
 c0011bc:	e51b3020 	ldr	r3, [fp, #-32]	; 0xffffffe0
 c0011c0:	e3530004 	cmp	r3, #4
 c0011c4:	0a000002 	beq	c0011d4 <Eint4567_ISR+0x3c>
 c0011c8:	e3530008 	cmp	r3, #8
 c0011cc:	0a000007 	beq	c0011f0 <Eint4567_ISR+0x58>
      	case 8: // Botón derecho
      	    pausa= ! pausa;
      	    update = 1; // actualizar al simbolo siguiente
      	    break;
      	default:
         	break;
 c0011d0:	ea000011 	b	c00121c <Eint4567_ISR+0x84>
	   Nota: para solucionar los problemas de rebotes en el pulsador 
             solo se modifica update cuando se encuentra a cero */ 

       switch (which_int) {
      	case 4: // Botón izquierdo
      		resetsymbol=1;
 c0011d4:	e59f306c 	ldr	r3, [pc, #108]	; c001248 <Eint4567_ISR+0xb0>
 c0011d8:	e3a02001 	mov	r2, #1
 c0011dc:	e5832000 	str	r2, [r3]
      	 	update = 5; // actualizar al simbolo anterior
 c0011e0:	e59f3064 	ldr	r3, [pc, #100]	; c00124c <Eint4567_ISR+0xb4>
 c0011e4:	e3a02005 	mov	r2, #5
 c0011e8:	e5832000 	str	r2, [r3]
      	 	break;
 c0011ec:	ea00000a 	b	c00121c <Eint4567_ISR+0x84>
      	case 8: // Botón derecho
      	    pausa= ! pausa;
 c0011f0:	e59f3058 	ldr	r3, [pc, #88]	; c001250 <Eint4567_ISR+0xb8>
 c0011f4:	e5933000 	ldr	r3, [r3]
 c0011f8:	e3530000 	cmp	r3, #0
 c0011fc:	13a02000 	movne	r2, #0
 c001200:	03a02001 	moveq	r2, #1
 c001204:	e59f3044 	ldr	r3, [pc, #68]	; c001250 <Eint4567_ISR+0xb8>
 c001208:	e5832000 	str	r2, [r3]
      	    update = 1; // actualizar al simbolo siguiente
 c00120c:	e59f3038 	ldr	r3, [pc, #56]	; c00124c <Eint4567_ISR+0xb4>
 c001210:	e3a02001 	mov	r2, #1
 c001214:	e5832000 	str	r2, [r3]
      	    break;
 c001218:	e1a00000 	nop			; (mov r0, r0)
      	default:
         	break;
       } 
    
    /* Finalizar ISR */    
       rEXTINTPND = 0xf;				// borra los bits en EXTINTPND
 c00121c:	e59f3020 	ldr	r3, [pc, #32]	; c001244 <Eint4567_ISR+0xac>
 c001220:	e3a0200f 	mov	r2, #15
 c001224:	e5832000 	str	r2, [r3]
       rI_ISPC    = BIT_EINT4567;		// borra el bit pendiente en INTPND
 c001228:	e59f3024 	ldr	r3, [pc, #36]	; c001254 <Eint4567_ISR+0xbc>
 c00122c:	e3a02602 	mov	r2, #2097152	; 0x200000
 c001230:	e5832000 	str	r2, [r3]
	/*fin TAREA 1b*/	
}
 c001234:	e24bd01c 	sub	sp, fp, #28
 c001238:	e89d680f 	ldm	sp, {r0, r1, r2, r3, fp, sp, lr}
 c00123c:	e49dc004 	pop	{ip}		; (ldr ip, [sp], #4)
 c001240:	e25ef004 	subs	pc, lr, #4
 c001244:	01d20054 	.word	0x01d20054
 c001248:	0c001820 	.word	0x0c001820
 c00124c:	0c001818 	.word	0x0c001818
 c001250:	0c00181c 	.word	0x0c00181c
 c001254:	01e00024 	.word	0x01e00024

0c001258 <leds_on>:
 c001258:	e1a0c00d 	mov	ip, sp
 c00125c:	e92dd800 	push	{fp, ip, lr, pc}
 c001260:	e24cb004 	sub	fp, ip, #4
 c001264:	e3a00003 	mov	r0, #3
 c001268:	eb00005a 	bl	c0013d8 <Led_Display>
 c00126c:	e24bd00c 	sub	sp, fp, #12
 c001270:	e89d6800 	ldm	sp, {fp, sp, lr}
 c001274:	e12fff1e 	bx	lr

0c001278 <leds_off>:
 c001278:	e1a0c00d 	mov	ip, sp
 c00127c:	e92dd800 	push	{fp, ip, lr, pc}
 c001280:	e24cb004 	sub	fp, ip, #4
 c001284:	e3a00000 	mov	r0, #0
 c001288:	eb000052 	bl	c0013d8 <Led_Display>
 c00128c:	e24bd00c 	sub	sp, fp, #12
 c001290:	e89d6800 	ldm	sp, {fp, sp, lr}
 c001294:	e12fff1e 	bx	lr

0c001298 <led1_on>:
 c001298:	e1a0c00d 	mov	ip, sp
 c00129c:	e92dd800 	push	{fp, ip, lr, pc}
 c0012a0:	e24cb004 	sub	fp, ip, #4
 c0012a4:	e59f3028 	ldr	r3, [pc, #40]	; c0012d4 <led1_on+0x3c>
 c0012a8:	e5933000 	ldr	r3, [r3]
 c0012ac:	e3832001 	orr	r2, r3, #1
 c0012b0:	e59f301c 	ldr	r3, [pc, #28]	; c0012d4 <led1_on+0x3c>
 c0012b4:	e5832000 	str	r2, [r3]
 c0012b8:	e59f3014 	ldr	r3, [pc, #20]	; c0012d4 <led1_on+0x3c>
 c0012bc:	e5933000 	ldr	r3, [r3]
 c0012c0:	e1a00003 	mov	r0, r3
 c0012c4:	eb000043 	bl	c0013d8 <Led_Display>
 c0012c8:	e24bd00c 	sub	sp, fp, #12
 c0012cc:	e89d6800 	ldm	sp, {fp, sp, lr}
 c0012d0:	e12fff1e 	bx	lr
 c0012d4:	0c001830 	.word	0x0c001830

0c0012d8 <led1_off>:
 c0012d8:	e1a0c00d 	mov	ip, sp
 c0012dc:	e92dd800 	push	{fp, ip, lr, pc}
 c0012e0:	e24cb004 	sub	fp, ip, #4
 c0012e4:	e59f3028 	ldr	r3, [pc, #40]	; c001314 <led1_off+0x3c>
 c0012e8:	e5933000 	ldr	r3, [r3]
 c0012ec:	e20320fe 	and	r2, r3, #254	; 0xfe
 c0012f0:	e59f301c 	ldr	r3, [pc, #28]	; c001314 <led1_off+0x3c>
 c0012f4:	e5832000 	str	r2, [r3]
 c0012f8:	e59f3014 	ldr	r3, [pc, #20]	; c001314 <led1_off+0x3c>
 c0012fc:	e5933000 	ldr	r3, [r3]
 c001300:	e1a00003 	mov	r0, r3
 c001304:	eb000033 	bl	c0013d8 <Led_Display>
 c001308:	e24bd00c 	sub	sp, fp, #12
 c00130c:	e89d6800 	ldm	sp, {fp, sp, lr}
 c001310:	e12fff1e 	bx	lr
 c001314:	0c001830 	.word	0x0c001830

0c001318 <led2_on>:
 c001318:	e1a0c00d 	mov	ip, sp
 c00131c:	e92dd800 	push	{fp, ip, lr, pc}
 c001320:	e24cb004 	sub	fp, ip, #4
 c001324:	e59f3028 	ldr	r3, [pc, #40]	; c001354 <led2_on+0x3c>
 c001328:	e5933000 	ldr	r3, [r3]
 c00132c:	e3832002 	orr	r2, r3, #2
 c001330:	e59f301c 	ldr	r3, [pc, #28]	; c001354 <led2_on+0x3c>
 c001334:	e5832000 	str	r2, [r3]
 c001338:	e59f3014 	ldr	r3, [pc, #20]	; c001354 <led2_on+0x3c>
 c00133c:	e5933000 	ldr	r3, [r3]
 c001340:	e1a00003 	mov	r0, r3
 c001344:	eb000023 	bl	c0013d8 <Led_Display>
 c001348:	e24bd00c 	sub	sp, fp, #12
 c00134c:	e89d6800 	ldm	sp, {fp, sp, lr}
 c001350:	e12fff1e 	bx	lr
 c001354:	0c001830 	.word	0x0c001830

0c001358 <led2_off>:
 c001358:	e1a0c00d 	mov	ip, sp
 c00135c:	e92dd800 	push	{fp, ip, lr, pc}
 c001360:	e24cb004 	sub	fp, ip, #4
 c001364:	e59f3028 	ldr	r3, [pc, #40]	; c001394 <led2_off+0x3c>
 c001368:	e5933000 	ldr	r3, [r3]
 c00136c:	e20320fd 	and	r2, r3, #253	; 0xfd
 c001370:	e59f301c 	ldr	r3, [pc, #28]	; c001394 <led2_off+0x3c>
 c001374:	e5832000 	str	r2, [r3]
 c001378:	e59f3014 	ldr	r3, [pc, #20]	; c001394 <led2_off+0x3c>
 c00137c:	e5933000 	ldr	r3, [r3]
 c001380:	e1a00003 	mov	r0, r3
 c001384:	eb000013 	bl	c0013d8 <Led_Display>
 c001388:	e24bd00c 	sub	sp, fp, #12
 c00138c:	e89d6800 	ldm	sp, {fp, sp, lr}
 c001390:	e12fff1e 	bx	lr
 c001394:	0c001830 	.word	0x0c001830

0c001398 <leds_switch>:
 c001398:	e1a0c00d 	mov	ip, sp
 c00139c:	e92dd800 	push	{fp, ip, lr, pc}
 c0013a0:	e24cb004 	sub	fp, ip, #4
 c0013a4:	e59f3028 	ldr	r3, [pc, #40]	; c0013d4 <leds_switch+0x3c>
 c0013a8:	e5933000 	ldr	r3, [r3]
 c0013ac:	e2232003 	eor	r2, r3, #3
 c0013b0:	e59f301c 	ldr	r3, [pc, #28]	; c0013d4 <leds_switch+0x3c>
 c0013b4:	e5832000 	str	r2, [r3]
 c0013b8:	e59f3014 	ldr	r3, [pc, #20]	; c0013d4 <leds_switch+0x3c>
 c0013bc:	e5933000 	ldr	r3, [r3]
 c0013c0:	e1a00003 	mov	r0, r3
 c0013c4:	eb000003 	bl	c0013d8 <Led_Display>
 c0013c8:	e24bd00c 	sub	sp, fp, #12
 c0013cc:	e89d6800 	ldm	sp, {fp, sp, lr}
 c0013d0:	e12fff1e 	bx	lr
 c0013d4:	0c001830 	.word	0x0c001830

0c0013d8 <Led_Display>:
 c0013d8:	e1a0c00d 	mov	ip, sp
 c0013dc:	e92dd800 	push	{fp, ip, lr, pc}
 c0013e0:	e24cb004 	sub	fp, ip, #4
 c0013e4:	e24dd008 	sub	sp, sp, #8
 c0013e8:	e50b0010 	str	r0, [fp, #-16]
 c0013ec:	e59f3094 	ldr	r3, [pc, #148]	; c001488 <Led_Display+0xb0>
 c0013f0:	e51b2010 	ldr	r2, [fp, #-16]
 c0013f4:	e5832000 	str	r2, [r3]
 c0013f8:	e51b3010 	ldr	r3, [fp, #-16]
 c0013fc:	e2033001 	and	r3, r3, #1
 c001400:	e20330ff 	and	r3, r3, #255	; 0xff
 c001404:	e3530000 	cmp	r3, #0
 c001408:	0a000006 	beq	c001428 <Led_Display+0x50>
 c00140c:	e59f2078 	ldr	r2, [pc, #120]	; c00148c <Led_Display+0xb4>
 c001410:	e59f3074 	ldr	r3, [pc, #116]	; c00148c <Led_Display+0xb4>
 c001414:	e5931000 	ldr	r1, [r3]
 c001418:	e59f3070 	ldr	r3, [pc, #112]	; c001490 <Led_Display+0xb8>
 c00141c:	e0013003 	and	r3, r1, r3
 c001420:	e5823000 	str	r3, [r2]
 c001424:	ea000004 	b	c00143c <Led_Display+0x64>
 c001428:	e59f305c 	ldr	r3, [pc, #92]	; c00148c <Led_Display+0xb4>
 c00142c:	e59f2058 	ldr	r2, [pc, #88]	; c00148c <Led_Display+0xb4>
 c001430:	e5922000 	ldr	r2, [r2]
 c001434:	e3822c02 	orr	r2, r2, #512	; 0x200
 c001438:	e5832000 	str	r2, [r3]
 c00143c:	e51b3010 	ldr	r3, [fp, #-16]
 c001440:	e2033002 	and	r3, r3, #2
 c001444:	e3530000 	cmp	r3, #0
 c001448:	0a000006 	beq	c001468 <Led_Display+0x90>
 c00144c:	e59f2038 	ldr	r2, [pc, #56]	; c00148c <Led_Display+0xb4>
 c001450:	e59f3034 	ldr	r3, [pc, #52]	; c00148c <Led_Display+0xb4>
 c001454:	e5933000 	ldr	r3, [r3]
 c001458:	e1a03b03 	lsl	r3, r3, #22
 c00145c:	e1a03b23 	lsr	r3, r3, #22
 c001460:	e5823000 	str	r3, [r2]
 c001464:	ea000004 	b	c00147c <Led_Display+0xa4>
 c001468:	e59f301c 	ldr	r3, [pc, #28]	; c00148c <Led_Display+0xb4>
 c00146c:	e59f2018 	ldr	r2, [pc, #24]	; c00148c <Led_Display+0xb4>
 c001470:	e5922000 	ldr	r2, [r2]
 c001474:	e3822b01 	orr	r2, r2, #1024	; 0x400
 c001478:	e5832000 	str	r2, [r3]
 c00147c:	e24bd00c 	sub	sp, fp, #12
 c001480:	e89d6800 	ldm	sp, {fp, sp, lr}
 c001484:	e12fff1e 	bx	lr
 c001488:	0c001830 	.word	0x0c001830
 c00148c:	01d2000c 	.word	0x01d2000c
 c001490:	000005ff 	.word	0x000005ff

0c001494 <main>:
extern void leds_off();
extern void led1_on();

/*--- codigo de las funciones ---*/
int main(void)
{	
 c001494:	e1a0c00d 	mov	ip, sp
 c001498:	e92dd800 	push	{fp, ip, lr, pc}
 c00149c:	e24cb004 	sub	fp, ip, #4
    sys_init();     		/* Inicializacion de la placa, interrupciones, puertos y UART */
 c0014a0:	ebfffd99 	bl	c000b0c <sys_init>
	Eint4567_init(); 	    /* Inicializacion de EINT6/7 y del puerto G */
 c0014a4:	ebfffeec 	bl	c00105c <Eint4567_init>
	timer_init();	   // Inicializacion del temporizador
 c0014a8:	eb00003a 	bl	c001598 <timer_init>

	leds_off();
 c0014ac:	ebffff71 	bl	c001278 <leds_off>
	led1_on();
 c0014b0:	ebffff78 	bl	c001298 <led1_on>

	D8Led_symbol(symbol);  	/* muestra el simbolo inicial en el display */
 c0014b4:	e59f300c 	ldr	r3, [pc, #12]	; c0014c8 <main+0x34>
 c0014b8:	e5933000 	ldr	r3, [r3]
 c0014bc:	e1a00003 	mov	r0, r3
 c0014c0:	ebfffdb6 	bl	c000ba0 <D8Led_symbol>
		
    while(1) {


	}
 c0014c4:	eafffffe 	b	c0014c4 <main+0x30>
 c0014c8:	0c001824 	.word	0x0c001824

0c0014cc <timer_ISR>:
void timer_ISR(void) __attribute__ ((interrupt ("IRQ")));
void timer_init(void);

/*--- codigo de las funciones ---*/
void timer_ISR(void)
{  /*  TAREA 2a */
 c0014cc:	e52dc004 	push	{ip}		; (str ip, [sp, #-4]!)
 c0014d0:	e1a0c00d 	mov	ip, sp
 c0014d4:	e92dd80f 	push	{r0, r1, r2, r3, fp, ip, lr, pc}
 c0014d8:	e24cb004 	sub	fp, ip, #4
        /*Actualizar leds con cada int. del timer */
		if (resetsymbol == 1){
 c0014dc:	e59f30a0 	ldr	r3, [pc, #160]	; c001584 <timer_ISR+0xb8>
 c0014e0:	e5933000 	ldr	r3, [r3]
 c0014e4:	e3530001 	cmp	r3, #1
 c0014e8:	1a000009 	bne	c001514 <timer_ISR+0x48>
				symbol = 0x09;	 /* actualizamos el contador a 9 */
 c0014ec:	e59f3094 	ldr	r3, [pc, #148]	; c001588 <timer_ISR+0xbc>
 c0014f0:	e3a02009 	mov	r2, #9
 c0014f4:	e5832000 	str	r2, [r3]
				resetsymbol=0;
 c0014f8:	e59f3084 	ldr	r3, [pc, #132]	; c001584 <timer_ISR+0xb8>
 c0014fc:	e3a02000 	mov	r2, #0
 c001500:	e5832000 	str	r2, [r3]
				pausa = 1;
 c001504:	e59f3080 	ldr	r3, [pc, #128]	; c00158c <timer_ISR+0xc0>
 c001508:	e3a02001 	mov	r2, #1
 c00150c:	e5832000 	str	r2, [r3]
 c001510:	ea00000c 	b	c001548 <timer_ISR+0x7c>
		} else if (pausa == 0) {
 c001514:	e59f3070 	ldr	r3, [pc, #112]	; c00158c <timer_ISR+0xc0>
 c001518:	e5933000 	ldr	r3, [r3]
 c00151c:	e3530000 	cmp	r3, #0
 c001520:	1a000008 	bne	c001548 <timer_ISR+0x7c>
			if(symbol > 0)
 c001524:	e59f305c 	ldr	r3, [pc, #92]	; c001588 <timer_ISR+0xbc>
 c001528:	e5933000 	ldr	r3, [r3]
 c00152c:	e3530000 	cmp	r3, #0
 c001530:	da000004 	ble	c001548 <timer_ISR+0x7c>
				symbol--;	 /* actualiza el contador segun proceda */
 c001534:	e59f304c 	ldr	r3, [pc, #76]	; c001588 <timer_ISR+0xbc>
 c001538:	e5933000 	ldr	r3, [r3]
 c00153c:	e2432001 	sub	r2, r3, #1
 c001540:	e59f3040 	ldr	r3, [pc, #64]	; c001588 <timer_ISR+0xbc>
 c001544:	e5832000 	str	r2, [r3]
		}
		D8Led_symbol(symbol); 		     /* muestra el contador en el display */
 c001548:	e59f3038 	ldr	r3, [pc, #56]	; c001588 <timer_ISR+0xbc>
 c00154c:	e5933000 	ldr	r3, [r3]
 c001550:	e1a00003 	mov	r0, r3
 c001554:	ebfffd91 	bl	c000ba0 <D8Led_symbol>
		leds_switch(); 
 c001558:	ebffff8e 	bl	c001398 <leds_switch>

		/* Finalizar ISR */
		    rEXTINTPND = 0xf;		// borra los bits en EXTINTPND
 c00155c:	e59f302c 	ldr	r3, [pc, #44]	; c001590 <timer_ISR+0xc4>
 c001560:	e3a0200f 	mov	r2, #15
 c001564:	e5832000 	str	r2, [r3]
		    rI_ISPC = BIT_TIMER0;	// borra el bit pendiente en INTPND
 c001568:	e59f3024 	ldr	r3, [pc, #36]	; c001594 <timer_ISR+0xc8>
 c00156c:	e3a02a02 	mov	r2, #8192	; 0x2000
 c001570:	e5832000 	str	r2, [r3]
	/*fin Tarea 2a*/
}
 c001574:	e24bd01c 	sub	sp, fp, #28
 c001578:	e89d680f 	ldm	sp, {r0, r1, r2, r3, fp, sp, lr}
 c00157c:	e49dc004 	pop	{ip}		; (ldr ip, [sp], #4)
 c001580:	e25ef004 	subs	pc, lr, #4
 c001584:	0c001820 	.word	0x0c001820
 c001588:	0c001824 	.word	0x0c001824
 c00158c:	0c00181c 	.word	0x0c00181c
 c001590:	01d20054 	.word	0x01d20054
 c001594:	01e00024 	.word	0x01e00024

0c001598 <timer_init>:

void timer_init(void)
{
 c001598:	e1a0c00d 	mov	ip, sp
 c00159c:	e92dd800 	push	{fp, ip, lr, pc}
 c0015a0:	e24cb004 	sub	fp, ip, #4

	/* Configura el Timer0 */
	    rTCFG0 = 63;
 c0015a4:	e59f30b4 	ldr	r3, [pc, #180]	; c001660 <timer_init+0xc8>
 c0015a8:	e3a0203f 	mov	r2, #63	; 0x3f
 c0015ac:	e5832000 	str	r2, [r3]
	    rTCFG1 = 0x0;
 c0015b0:	e59f30ac 	ldr	r3, [pc, #172]	; c001664 <timer_init+0xcc>
 c0015b4:	e3a02000 	mov	r2, #0
 c0015b8:	e5832000 	str	r2, [r3]
	    rTCNTB0 = 65535;
 c0015bc:	e59f30a4 	ldr	r3, [pc, #164]	; c001668 <timer_init+0xd0>
 c0015c0:	e59f20a4 	ldr	r2, [pc, #164]	; c00166c <timer_init+0xd4>
 c0015c4:	e5832000 	str	r2, [r3]
	    rTCMPB0 = 12800;
 c0015c8:	e59f30a0 	ldr	r3, [pc, #160]	; c001670 <timer_init+0xd8>
 c0015cc:	e3a02c32 	mov	r2, #12800	; 0x3200
 c0015d0:	e5832000 	str	r2, [r3]
	    /* establecer update=manual + inverter=on */
		rTCON = 0x2;
 c0015d4:	e59f3098 	ldr	r3, [pc, #152]	; c001674 <timer_init+0xdc>
 c0015d8:	e3a02002 	mov	r2, #2
 c0015dc:	e5832000 	str	r2, [r3]
		/* inicial timer con auto-reload */
	    rTCON  = 0x09;
 c0015e0:	e59f308c 	ldr	r3, [pc, #140]	; c001674 <timer_init+0xdc>
 c0015e4:	e3a02009 	mov	r2, #9
 c0015e8:	e5832000 	str	r2, [r3]

/*TAREA 2b*/
	/* Establece la rutina de servicio para TIMER0 */
	    pISR_TIMER0=(unsigned)timer_ISR;
 c0015ec:	e59f3084 	ldr	r3, [pc, #132]	; c001678 <timer_init+0xe0>
 c0015f0:	e59f2084 	ldr	r2, [pc, #132]	; c00167c <timer_init+0xe4>
 c0015f4:	e5832000 	str	r2, [r3]

	/*Configurar controlador de interrupciones */
		rI_ISPC = 0x3ffffff; // Borra INTPND escribiendo 1s en I_ISPC.
 c0015f8:	e59f3080 	ldr	r3, [pc, #128]	; c001680 <timer_init+0xe8>
 c0015fc:	e3e0233f 	mvn	r2, #-67108864	; 0xfc000000
 c001600:	e5832000 	str	r2, [r3]
		rEXTINTPND = 0xf; // Borra EXTINTPND escribiendo 1s en el propio registro.
 c001604:	e59f3078 	ldr	r3, [pc, #120]	; c001684 <timer_init+0xec>
 c001608:	e3a0200f 	mov	r2, #15
 c00160c:	e5832000 	str	r2, [r3]
		rINTMOD = 0;  // Configura las lineas como de tipo IRQ
 c001610:	e59f3070 	ldr	r3, [pc, #112]	; c001688 <timer_init+0xf0>
 c001614:	e3a02000 	mov	r2, #0
 c001618:	e5832000 	str	r2, [r3]
		rINTCON |= 0x1; // Habilita int. vectorizadas y la linea IRQ (FIQ no)
 c00161c:	e3a0361e 	mov	r3, #31457280	; 0x1e00000
 c001620:	e3a0261e 	mov	r2, #31457280	; 0x1e00000
 c001624:	e5922000 	ldr	r2, [r2]
 c001628:	e3822001 	orr	r2, r2, #1
 c00162c:	e5832000 	str	r2, [r3]

	// habilita Timer0 y el bit global
		rINTMSK = ~(BIT_TIMER0|BIT_GLOBAL);
 c001630:	e59f3054 	ldr	r3, [pc, #84]	; c00168c <timer_init+0xf4>
 c001634:	e59f2054 	ldr	r2, [pc, #84]	; c001690 <timer_init+0xf8>
 c001638:	e5832000 	str	r2, [r3]

	/* Por precaucion, se vuelven a borrar los bits de INTPND y EXTINTPND */
		rI_ISPC = BIT_TIMER0; // Borra INTPND escribiendo 1s en I_ISPC.
 c00163c:	e59f303c 	ldr	r3, [pc, #60]	; c001680 <timer_init+0xe8>
 c001640:	e3a02a02 	mov	r2, #8192	; 0x2000
 c001644:	e5832000 	str	r2, [r3]
		rEXTINTPND = 0xf; // Borra EXTINTPND escribiendo 1s en el propio registro.
 c001648:	e59f3034 	ldr	r3, [pc, #52]	; c001684 <timer_init+0xec>
 c00164c:	e3a0200f 	mov	r2, #15
 c001650:	e5832000 	str	r2, [r3]

/*fin TAREA 2b*/	

}
 c001654:	e24bd00c 	sub	sp, fp, #12
 c001658:	e89d6800 	ldm	sp, {fp, sp, lr}
 c00165c:	e12fff1e 	bx	lr
 c001660:	01d50000 	.word	0x01d50000
 c001664:	01d50004 	.word	0x01d50004
 c001668:	01d5000c 	.word	0x01d5000c
 c00166c:	0000ffff 	.word	0x0000ffff
 c001670:	01d50010 	.word	0x01d50010
 c001674:	01d50008 	.word	0x01d50008
 c001678:	0c7fff54 	.word	0x0c7fff54
 c00167c:	0c0014cc 	.word	0x0c0014cc
 c001680:	01e00024 	.word	0x01e00024
 c001684:	01d20054 	.word	0x01d20054
 c001688:	01e00008 	.word	0x01e00008
 c00168c:	01e0000c 	.word	0x01e0000c
 c001690:	fbffdfff 	.word	0xfbffdfff

0c001694 <__aeabi_idiv>:
 c001694:	e3510000 	cmp	r1, #0
 c001698:	0a000043 	beq	c0017ac <.divsi3_skip_div0_test+0x110>

0c00169c <.divsi3_skip_div0_test>:
 c00169c:	e020c001 	eor	ip, r0, r1
 c0016a0:	42611000 	rsbmi	r1, r1, #0
 c0016a4:	e2512001 	subs	r2, r1, #1
 c0016a8:	0a000027 	beq	c00174c <.divsi3_skip_div0_test+0xb0>
 c0016ac:	e1b03000 	movs	r3, r0
 c0016b0:	42603000 	rsbmi	r3, r0, #0
 c0016b4:	e1530001 	cmp	r3, r1
 c0016b8:	9a000026 	bls	c001758 <.divsi3_skip_div0_test+0xbc>
 c0016bc:	e1110002 	tst	r1, r2
 c0016c0:	0a000028 	beq	c001768 <.divsi3_skip_div0_test+0xcc>
 c0016c4:	e311020e 	tst	r1, #-536870912	; 0xe0000000
 c0016c8:	01a01181 	lsleq	r1, r1, #3
 c0016cc:	03a02008 	moveq	r2, #8
 c0016d0:	13a02001 	movne	r2, #1
 c0016d4:	e3510201 	cmp	r1, #268435456	; 0x10000000
 c0016d8:	31510003 	cmpcc	r1, r3
 c0016dc:	31a01201 	lslcc	r1, r1, #4
 c0016e0:	31a02202 	lslcc	r2, r2, #4
 c0016e4:	3afffffa 	bcc	c0016d4 <.divsi3_skip_div0_test+0x38>
 c0016e8:	e3510102 	cmp	r1, #-2147483648	; 0x80000000
 c0016ec:	31510003 	cmpcc	r1, r3
 c0016f0:	31a01081 	lslcc	r1, r1, #1
 c0016f4:	31a02082 	lslcc	r2, r2, #1
 c0016f8:	3afffffa 	bcc	c0016e8 <.divsi3_skip_div0_test+0x4c>
 c0016fc:	e3a00000 	mov	r0, #0
 c001700:	e1530001 	cmp	r3, r1
 c001704:	20433001 	subcs	r3, r3, r1
 c001708:	21800002 	orrcs	r0, r0, r2
 c00170c:	e15300a1 	cmp	r3, r1, lsr #1
 c001710:	204330a1 	subcs	r3, r3, r1, lsr #1
 c001714:	218000a2 	orrcs	r0, r0, r2, lsr #1
 c001718:	e1530121 	cmp	r3, r1, lsr #2
 c00171c:	20433121 	subcs	r3, r3, r1, lsr #2
 c001720:	21800122 	orrcs	r0, r0, r2, lsr #2
 c001724:	e15301a1 	cmp	r3, r1, lsr #3
 c001728:	204331a1 	subcs	r3, r3, r1, lsr #3
 c00172c:	218001a2 	orrcs	r0, r0, r2, lsr #3
 c001730:	e3530000 	cmp	r3, #0
 c001734:	11b02222 	lsrsne	r2, r2, #4
 c001738:	11a01221 	lsrne	r1, r1, #4
 c00173c:	1affffef 	bne	c001700 <.divsi3_skip_div0_test+0x64>
 c001740:	e35c0000 	cmp	ip, #0
 c001744:	42600000 	rsbmi	r0, r0, #0
 c001748:	e12fff1e 	bx	lr
 c00174c:	e13c0000 	teq	ip, r0
 c001750:	42600000 	rsbmi	r0, r0, #0
 c001754:	e12fff1e 	bx	lr
 c001758:	33a00000 	movcc	r0, #0
 c00175c:	01a00fcc 	asreq	r0, ip, #31
 c001760:	03800001 	orreq	r0, r0, #1
 c001764:	e12fff1e 	bx	lr
 c001768:	e3510801 	cmp	r1, #65536	; 0x10000
 c00176c:	21a01821 	lsrcs	r1, r1, #16
 c001770:	23a02010 	movcs	r2, #16
 c001774:	33a02000 	movcc	r2, #0
 c001778:	e3510c01 	cmp	r1, #256	; 0x100
 c00177c:	21a01421 	lsrcs	r1, r1, #8
 c001780:	22822008 	addcs	r2, r2, #8
 c001784:	e3510010 	cmp	r1, #16
 c001788:	21a01221 	lsrcs	r1, r1, #4
 c00178c:	22822004 	addcs	r2, r2, #4
 c001790:	e3510004 	cmp	r1, #4
 c001794:	82822003 	addhi	r2, r2, #3
 c001798:	908220a1 	addls	r2, r2, r1, lsr #1
 c00179c:	e35c0000 	cmp	ip, #0
 c0017a0:	e1a00233 	lsr	r0, r3, r2
 c0017a4:	42600000 	rsbmi	r0, r0, #0
 c0017a8:	e12fff1e 	bx	lr
 c0017ac:	e3500000 	cmp	r0, #0
 c0017b0:	c3e00102 	mvngt	r0, #-2147483648	; 0x80000000
 c0017b4:	b3a00102 	movlt	r0, #-2147483648	; 0x80000000
 c0017b8:	ea000007 	b	c0017dc <__aeabi_idiv0>

0c0017bc <__aeabi_idivmod>:
 c0017bc:	e3510000 	cmp	r1, #0
 c0017c0:	0afffff9 	beq	c0017ac <.divsi3_skip_div0_test+0x110>
 c0017c4:	e92d4003 	push	{r0, r1, lr}
 c0017c8:	ebffffb3 	bl	c00169c <.divsi3_skip_div0_test>
 c0017cc:	e8bd4006 	pop	{r1, r2, lr}
 c0017d0:	e0030092 	mul	r3, r2, r0
 c0017d4:	e0411003 	sub	r1, r1, r3
 c0017d8:	e12fff1e 	bx	lr

0c0017dc <__aeabi_idiv0>:
 c0017dc:	e12fff1e 	bx	lr
